ARM GAS  C:\Users\BENAKA~1\AppData\Local\Temp\ccl9B1qS.s 			page 1


   1              		.syntax unified
   2              		.cpu cortex-m0
   3              		.fpu softvfp
   4              		.eabi_attribute 20, 1
   5              		.eabi_attribute 21, 1
   6              		.eabi_attribute 23, 3
   7              		.eabi_attribute 24, 1
   8              		.eabi_attribute 25, 1
   9              		.eabi_attribute 26, 1
  10              		.eabi_attribute 30, 6
  11              		.eabi_attribute 34, 0
  12              		.eabi_attribute 18, 4
  13              		.thumb
  14              		.syntax unified
  15              		.file	"app_LED.c"
  16              		.text
  17              	.Ltext0:
  18              		.cfi_sections	.debug_frame
  19              		.section	.text.HandleLeds,"ax",%progbits
  20              		.align	2
  21              		.global	HandleLeds
  22              		.code	16
  23              		.thumb_func
  24              		.type	HandleLeds, %function
  25              	HandleLeds:
  26              	.LFB35:
  27              		.file 1 "app_LED.c"
   1:app_LED.c     **** /*******************************************************************************
   2:app_LED.c     **** * File Name: app_LED.c
   3:app_LED.c     **** *
   4:app_LED.c     **** * Description:
   5:app_LED.c     **** *  Common BLE application code for client devices.
   6:app_LED.c     **** *
   7:app_LED.c     **** *******************************************************************************
   8:app_LED.c     **** * Copyright 2015, Cypress Semiconductor Corporation.  All rights reserved.
   9:app_LED.c     **** * You may use this file only in accordance with the license, terms, conditions,
  10:app_LED.c     **** * disclaimers, and limitations in the end user license agreement accompanying
  11:app_LED.c     **** * the software package with which this file was provided.
  12:app_LED.c     **** *******************************************************************************/
  13:app_LED.c     **** 
  14:app_LED.c     **** #include "app_LED.h"
  15:app_LED.c     **** 
  16:app_LED.c     **** /*******************************************************************************
  17:app_LED.c     **** * Function Name: HandleLeds
  18:app_LED.c     **** ********************************************************************************
  19:app_LED.c     **** *
  20:app_LED.c     **** * Summary:
  21:app_LED.c     **** *  This function handles the toggling of Scan and Connection LED. 
  22:app_LED.c     **** *
  23:app_LED.c     **** * Parameters:
  24:app_LED.c     **** *  None.
  25:app_LED.c     **** *
  26:app_LED.c     **** * Return:
  27:app_LED.c     **** *   None.
  28:app_LED.c     **** *
  29:app_LED.c     **** *******************************************************************************/
  30:app_LED.c     **** void HandleLeds(void)
ARM GAS  C:\Users\BENAKA~1\AppData\Local\Temp\ccl9B1qS.s 			page 2


  31:app_LED.c     **** {
  28              		.loc 1 31 0
  29              		.cfi_startproc
  30              		@ args = 0, pretend = 0, frame = 0
  31              		@ frame_needed = 1, uses_anonymous_args = 0
  32 0000 80B5     		push	{r7, lr}
  33              		.cfi_def_cfa_offset 8
  34              		.cfi_offset 7, -8
  35              		.cfi_offset 14, -4
  36 0002 00AF     		add	r7, sp, #0
  37              		.cfi_def_cfa_register 7
  32:app_LED.c     ****     static uint8        ledState        = LED_OFF;
  33:app_LED.c     ****     static uint32       scanLedTimer    = SCAN_LED_TIMEOUT;   
  34:app_LED.c     ****     static uint32       connLedTimer    = CONN_LED_TIMEOUT;   
  35:app_LED.c     ****     
  36:app_LED.c     ****     switch (cyBle_state)
  38              		.loc 1 36 0
  39 0004 224B     		ldr	r3, .L9
  40 0006 1B78     		ldrb	r3, [r3]
  41 0008 022B     		cmp	r3, #2
  42 000a 1ED0     		beq	.L3
  43 000c 032B     		cmp	r3, #3
  44 000e 00D0     		beq	.L4
  37:app_LED.c     ****     {
  38:app_LED.c     ****         case CYBLE_STATE_SCANNING:
  39:app_LED.c     ****             
  40:app_LED.c     ****             Conn_LED_Write(LED_OFF);
  41:app_LED.c     ****             
  42:app_LED.c     ****             if(--scanLedTimer == 0u) 
  43:app_LED.c     ****             {
  44:app_LED.c     ****                 scanLedTimer = SCAN_LED_TIMEOUT;
  45:app_LED.c     ****                 ledState ^= LED_OFF;
  46:app_LED.c     ****                 
  47:app_LED.c     ****                 Scan_LED_Write(ledState);
  48:app_LED.c     ****             }
  49:app_LED.c     ****             
  50:app_LED.c     ****             break;
  51:app_LED.c     ****             
  52:app_LED.c     ****         case CYBLE_STATE_CONNECTED: 
  53:app_LED.c     ****             
  54:app_LED.c     ****             Scan_LED_Write(LED_OFF);
  55:app_LED.c     ****             
  56:app_LED.c     ****             if(--connLedTimer == 0u) 
  57:app_LED.c     ****             {
  58:app_LED.c     ****                 connLedTimer = CONN_LED_TIMEOUT;
  59:app_LED.c     ****                 ledState    ^= LED_OFF;
  60:app_LED.c     ****                 
  61:app_LED.c     ****                 Conn_LED_Write(ledState);
  62:app_LED.c     ****             }
  63:app_LED.c     ****             
  64:app_LED.c     ****         default:
  65:app_LED.c     ****             break;
  45              		.loc 1 65 0
  46 0010 39E0     		b	.L8
  47              	.L4:
  40:app_LED.c     ****             
  48              		.loc 1 40 0
ARM GAS  C:\Users\BENAKA~1\AppData\Local\Temp\ccl9B1qS.s 			page 3


  49 0012 0120     		movs	r0, #1
  50 0014 FFF7FEFF 		bl	Conn_LED_Write
  42:app_LED.c     ****             {
  51              		.loc 1 42 0
  52 0018 1E4B     		ldr	r3, .L9+4
  53 001a 1B68     		ldr	r3, [r3]
  54 001c 5A1E     		subs	r2, r3, #1
  55 001e 1D4B     		ldr	r3, .L9+4
  56 0020 1A60     		str	r2, [r3]
  57 0022 1C4B     		ldr	r3, .L9+4
  58 0024 1B68     		ldr	r3, [r3]
  59 0026 002B     		cmp	r3, #0
  60 0028 2BD1     		bne	.L7
  44:app_LED.c     ****                 ledState ^= LED_OFF;
  61              		.loc 1 44 0
  62 002a 1A4B     		ldr	r3, .L9+4
  63 002c 1A4A     		ldr	r2, .L9+8
  64 002e 1A60     		str	r2, [r3]
  45:app_LED.c     ****                 
  65              		.loc 1 45 0
  66 0030 1A4B     		ldr	r3, .L9+12
  67 0032 1B78     		ldrb	r3, [r3]
  68 0034 0122     		movs	r2, #1
  69 0036 5340     		eors	r3, r2
  70 0038 DAB2     		uxtb	r2, r3
  71 003a 184B     		ldr	r3, .L9+12
  72 003c 1A70     		strb	r2, [r3]
  47:app_LED.c     ****             }
  73              		.loc 1 47 0
  74 003e 174B     		ldr	r3, .L9+12
  75 0040 1B78     		ldrb	r3, [r3]
  76 0042 1800     		movs	r0, r3
  77 0044 FFF7FEFF 		bl	Scan_LED_Write
  50:app_LED.c     ****             
  78              		.loc 1 50 0
  79 0048 1BE0     		b	.L7
  80              	.L3:
  54:app_LED.c     ****             
  81              		.loc 1 54 0
  82 004a 0120     		movs	r0, #1
  83 004c FFF7FEFF 		bl	Scan_LED_Write
  56:app_LED.c     ****             {
  84              		.loc 1 56 0
  85 0050 134B     		ldr	r3, .L9+16
  86 0052 1B68     		ldr	r3, [r3]
  87 0054 5A1E     		subs	r2, r3, #1
  88 0056 124B     		ldr	r3, .L9+16
  89 0058 1A60     		str	r2, [r3]
  90 005a 114B     		ldr	r3, .L9+16
  91 005c 1B68     		ldr	r3, [r3]
  92 005e 002B     		cmp	r3, #0
  93 0060 11D1     		bne	.L8
  58:app_LED.c     ****                 ledState    ^= LED_OFF;
  94              		.loc 1 58 0
  95 0062 0F4B     		ldr	r3, .L9+16
  96 0064 0F4A     		ldr	r2, .L9+20
  97 0066 1A60     		str	r2, [r3]
ARM GAS  C:\Users\BENAKA~1\AppData\Local\Temp\ccl9B1qS.s 			page 4


  59:app_LED.c     ****                 
  98              		.loc 1 59 0
  99 0068 0C4B     		ldr	r3, .L9+12
 100 006a 1B78     		ldrb	r3, [r3]
 101 006c 0122     		movs	r2, #1
 102 006e 5340     		eors	r3, r2
 103 0070 DAB2     		uxtb	r2, r3
 104 0072 0A4B     		ldr	r3, .L9+12
 105 0074 1A70     		strb	r2, [r3]
  61:app_LED.c     ****             }
 106              		.loc 1 61 0
 107 0076 094B     		ldr	r3, .L9+12
 108 0078 1B78     		ldrb	r3, [r3]
 109 007a 1800     		movs	r0, r3
 110 007c FFF7FEFF 		bl	Conn_LED_Write
 111              		.loc 1 65 0
 112 0080 01E0     		b	.L8
 113              	.L7:
  50:app_LED.c     ****             
 114              		.loc 1 50 0
 115 0082 C046     		nop
 116 0084 00E0     		b	.L6
 117              	.L8:
 118              		.loc 1 65 0
 119 0086 C046     		nop
 120              	.L6:
  66:app_LED.c     ****     }
  67:app_LED.c     **** }
 121              		.loc 1 67 0
 122 0088 C046     		nop
 123 008a BD46     		mov	sp, r7
 124              		@ sp needed
 125 008c 80BD     		pop	{r7, pc}
 126              	.L10:
 127 008e C046     		.align	2
 128              	.L9:
 129 0090 00000000 		.word	cyBle_state
 130 0094 00000000 		.word	scanLedTimer.7682
 131 0098 30750000 		.word	30000
 132 009c 04000000 		.word	ledState.7681
 133 00a0 08000000 		.word	connLedTimer.7683
 134 00a4 50C30000 		.word	50000
 135              		.cfi_endproc
 136              	.LFE35:
 137              		.size	HandleLeds, .-HandleLeds
 138              		.data
 139              		.align	2
 140              		.type	scanLedTimer.7682, %object
 141              		.size	scanLedTimer.7682, 4
 142              	scanLedTimer.7682:
 143 0000 30750000 		.word	30000
 144              		.type	ledState.7681, %object
 145              		.size	ledState.7681, 1
 146              	ledState.7681:
 147 0004 01       		.byte	1
 148 0005 000000   		.align	2
 149              		.type	connLedTimer.7683, %object
ARM GAS  C:\Users\BENAKA~1\AppData\Local\Temp\ccl9B1qS.s 			page 5


 150              		.size	connLedTimer.7683, 4
 151              	connLedTimer.7683:
 152 0008 50C30000 		.word	50000
 153              		.text
 154              	.Letext0:
 155              		.file 2 "Generated_Source\\PSoC4/cytypes.h"
 156              		.file 3 "Generated_Source\\PSoC4/BLE_eventHandler.h"
 157              		.section	.debug_info,"",%progbits
 158              	.Ldebug_info0:
 159 0000 36010000 		.4byte	0x136
 160 0004 0400     		.2byte	0x4
 161 0006 00000000 		.4byte	.Ldebug_abbrev0
 162 000a 04       		.byte	0x4
 163 000b 01       		.uleb128 0x1
 164 000c 3B010000 		.4byte	.LASF26
 165 0010 0C       		.byte	0xc
 166 0011 7C020000 		.4byte	.LASF27
 167 0015 6D000000 		.4byte	.LASF28
 168 0019 00000000 		.4byte	.Ldebug_ranges0+0
 169 001d 00000000 		.4byte	0
 170 0021 00000000 		.4byte	.Ldebug_line0
 171 0025 02       		.uleb128 0x2
 172 0026 01       		.byte	0x1
 173 0027 06       		.byte	0x6
 174 0028 B1020000 		.4byte	.LASF0
 175 002c 02       		.uleb128 0x2
 176 002d 01       		.byte	0x1
 177 002e 08       		.byte	0x8
 178 002f 5F000000 		.4byte	.LASF1
 179 0033 02       		.uleb128 0x2
 180 0034 02       		.byte	0x2
 181 0035 05       		.byte	0x5
 182 0036 DD010000 		.4byte	.LASF2
 183 003a 02       		.uleb128 0x2
 184 003b 02       		.byte	0x2
 185 003c 07       		.byte	0x7
 186 003d 2F000000 		.4byte	.LASF3
 187 0041 02       		.uleb128 0x2
 188 0042 04       		.byte	0x4
 189 0043 05       		.byte	0x5
 190 0044 9C020000 		.4byte	.LASF4
 191 0048 02       		.uleb128 0x2
 192 0049 04       		.byte	0x4
 193 004a 07       		.byte	0x7
 194 004b 23010000 		.4byte	.LASF5
 195 004f 02       		.uleb128 0x2
 196 0050 08       		.byte	0x8
 197 0051 05       		.byte	0x5
 198 0052 57020000 		.4byte	.LASF6
 199 0056 02       		.uleb128 0x2
 200 0057 08       		.byte	0x8
 201 0058 07       		.byte	0x7
 202 0059 48000000 		.4byte	.LASF7
 203 005d 03       		.uleb128 0x3
 204 005e 04       		.byte	0x4
 205 005f 05       		.byte	0x5
 206 0060 696E7400 		.ascii	"int\000"
ARM GAS  C:\Users\BENAKA~1\AppData\Local\Temp\ccl9B1qS.s 			page 6


 207 0064 02       		.uleb128 0x2
 208 0065 04       		.byte	0x4
 209 0066 07       		.byte	0x7
 210 0067 EE010000 		.4byte	.LASF8
 211 006b 04       		.uleb128 0x4
 212 006c 35010000 		.4byte	.LASF9
 213 0070 02       		.byte	0x2
 214 0071 E401     		.2byte	0x1e4
 215 0073 2C000000 		.4byte	0x2c
 216 0077 04       		.uleb128 0x4
 217 0078 E7010000 		.4byte	.LASF10
 218 007c 02       		.byte	0x2
 219 007d E601     		.2byte	0x1e6
 220 007f 48000000 		.4byte	0x48
 221 0083 02       		.uleb128 0x2
 222 0084 04       		.byte	0x4
 223 0085 04       		.byte	0x4
 224 0086 42000000 		.4byte	.LASF11
 225 008a 02       		.uleb128 0x2
 226 008b 08       		.byte	0x8
 227 008c 04       		.byte	0x4
 228 008d D6010000 		.4byte	.LASF12
 229 0091 02       		.uleb128 0x2
 230 0092 01       		.byte	0x1
 231 0093 08       		.byte	0x8
 232 0094 FB010000 		.4byte	.LASF13
 233 0098 02       		.uleb128 0x2
 234 0099 08       		.byte	0x8
 235 009a 04       		.byte	0x4
 236 009b A5020000 		.4byte	.LASF14
 237 009f 02       		.uleb128 0x2
 238 00a0 04       		.byte	0x4
 239 00a1 07       		.byte	0x7
 240 00a2 39020000 		.4byte	.LASF15
 241 00a6 05       		.uleb128 0x5
 242 00a7 01       		.byte	0x1
 243 00a8 2C000000 		.4byte	0x2c
 244 00ac 03       		.byte	0x3
 245 00ad 5008     		.2byte	0x850
 246 00af D8000000 		.4byte	0xd8
 247 00b3 06       		.uleb128 0x6
 248 00b4 0E020000 		.4byte	.LASF16
 249 00b8 00       		.byte	0
 250 00b9 06       		.uleb128 0x6
 251 00ba BD020000 		.4byte	.LASF17
 252 00be 01       		.byte	0x1
 253 00bf 06       		.uleb128 0x6
 254 00c0 86020000 		.4byte	.LASF18
 255 00c4 02       		.byte	0x2
 256 00c5 06       		.uleb128 0x6
 257 00c6 42020000 		.4byte	.LASF19
 258 00ca 03       		.byte	0x3
 259 00cb 06       		.uleb128 0x6
 260 00cc 65020000 		.4byte	.LASF20
 261 00d0 04       		.byte	0x4
 262 00d1 06       		.uleb128 0x6
 263 00d2 0D000000 		.4byte	.LASF21
ARM GAS  C:\Users\BENAKA~1\AppData\Local\Temp\ccl9B1qS.s 			page 7


 264 00d6 05       		.byte	0x5
 265 00d7 00       		.byte	0
 266 00d8 04       		.uleb128 0x4
 267 00d9 00020000 		.4byte	.LASF22
 268 00dd 03       		.byte	0x3
 269 00de 5E08     		.2byte	0x85e
 270 00e0 A6000000 		.4byte	0xa6
 271 00e4 07       		.uleb128 0x7
 272 00e5 2E020000 		.4byte	.LASF29
 273 00e9 01       		.byte	0x1
 274 00ea 1E       		.byte	0x1e
 275 00eb 00000000 		.4byte	.LFB35
 276 00ef A8000000 		.4byte	.LFE35-.LFB35
 277 00f3 01       		.uleb128 0x1
 278 00f4 9C       		.byte	0x9c
 279 00f5 2D010000 		.4byte	0x12d
 280 00f9 08       		.uleb128 0x8
 281 00fa 26000000 		.4byte	.LASF23
 282 00fe 01       		.byte	0x1
 283 00ff 20       		.byte	0x20
 284 0100 6B000000 		.4byte	0x6b
 285 0104 05       		.uleb128 0x5
 286 0105 03       		.byte	0x3
 287 0106 04000000 		.4byte	ledState.7681
 288 010a 08       		.uleb128 0x8
 289 010b C9010000 		.4byte	.LASF24
 290 010f 01       		.byte	0x1
 291 0110 21       		.byte	0x21
 292 0111 77000000 		.4byte	0x77
 293 0115 05       		.uleb128 0x5
 294 0116 03       		.byte	0x3
 295 0117 00000000 		.4byte	scanLedTimer.7682
 296 011b 08       		.uleb128 0x8
 297 011c 00000000 		.4byte	.LASF25
 298 0120 01       		.byte	0x1
 299 0121 22       		.byte	0x22
 300 0122 77000000 		.4byte	0x77
 301 0126 05       		.uleb128 0x5
 302 0127 03       		.byte	0x3
 303 0128 08000000 		.4byte	connLedTimer.7683
 304 012c 00       		.byte	0
 305 012d 09       		.uleb128 0x9
 306 012e 22020000 		.4byte	.LASF30
 307 0132 03       		.byte	0x3
 308 0133 A90A     		.2byte	0xaa9
 309 0135 D8000000 		.4byte	0xd8
 310 0139 00       		.byte	0
 311              		.section	.debug_abbrev,"",%progbits
 312              	.Ldebug_abbrev0:
 313 0000 01       		.uleb128 0x1
 314 0001 11       		.uleb128 0x11
 315 0002 01       		.byte	0x1
 316 0003 25       		.uleb128 0x25
 317 0004 0E       		.uleb128 0xe
 318 0005 13       		.uleb128 0x13
 319 0006 0B       		.uleb128 0xb
 320 0007 03       		.uleb128 0x3
ARM GAS  C:\Users\BENAKA~1\AppData\Local\Temp\ccl9B1qS.s 			page 8


 321 0008 0E       		.uleb128 0xe
 322 0009 1B       		.uleb128 0x1b
 323 000a 0E       		.uleb128 0xe
 324 000b 55       		.uleb128 0x55
 325 000c 17       		.uleb128 0x17
 326 000d 11       		.uleb128 0x11
 327 000e 01       		.uleb128 0x1
 328 000f 10       		.uleb128 0x10
 329 0010 17       		.uleb128 0x17
 330 0011 00       		.byte	0
 331 0012 00       		.byte	0
 332 0013 02       		.uleb128 0x2
 333 0014 24       		.uleb128 0x24
 334 0015 00       		.byte	0
 335 0016 0B       		.uleb128 0xb
 336 0017 0B       		.uleb128 0xb
 337 0018 3E       		.uleb128 0x3e
 338 0019 0B       		.uleb128 0xb
 339 001a 03       		.uleb128 0x3
 340 001b 0E       		.uleb128 0xe
 341 001c 00       		.byte	0
 342 001d 00       		.byte	0
 343 001e 03       		.uleb128 0x3
 344 001f 24       		.uleb128 0x24
 345 0020 00       		.byte	0
 346 0021 0B       		.uleb128 0xb
 347 0022 0B       		.uleb128 0xb
 348 0023 3E       		.uleb128 0x3e
 349 0024 0B       		.uleb128 0xb
 350 0025 03       		.uleb128 0x3
 351 0026 08       		.uleb128 0x8
 352 0027 00       		.byte	0
 353 0028 00       		.byte	0
 354 0029 04       		.uleb128 0x4
 355 002a 16       		.uleb128 0x16
 356 002b 00       		.byte	0
 357 002c 03       		.uleb128 0x3
 358 002d 0E       		.uleb128 0xe
 359 002e 3A       		.uleb128 0x3a
 360 002f 0B       		.uleb128 0xb
 361 0030 3B       		.uleb128 0x3b
 362 0031 05       		.uleb128 0x5
 363 0032 49       		.uleb128 0x49
 364 0033 13       		.uleb128 0x13
 365 0034 00       		.byte	0
 366 0035 00       		.byte	0
 367 0036 05       		.uleb128 0x5
 368 0037 04       		.uleb128 0x4
 369 0038 01       		.byte	0x1
 370 0039 0B       		.uleb128 0xb
 371 003a 0B       		.uleb128 0xb
 372 003b 49       		.uleb128 0x49
 373 003c 13       		.uleb128 0x13
 374 003d 3A       		.uleb128 0x3a
 375 003e 0B       		.uleb128 0xb
 376 003f 3B       		.uleb128 0x3b
 377 0040 05       		.uleb128 0x5
ARM GAS  C:\Users\BENAKA~1\AppData\Local\Temp\ccl9B1qS.s 			page 9


 378 0041 01       		.uleb128 0x1
 379 0042 13       		.uleb128 0x13
 380 0043 00       		.byte	0
 381 0044 00       		.byte	0
 382 0045 06       		.uleb128 0x6
 383 0046 28       		.uleb128 0x28
 384 0047 00       		.byte	0
 385 0048 03       		.uleb128 0x3
 386 0049 0E       		.uleb128 0xe
 387 004a 1C       		.uleb128 0x1c
 388 004b 0B       		.uleb128 0xb
 389 004c 00       		.byte	0
 390 004d 00       		.byte	0
 391 004e 07       		.uleb128 0x7
 392 004f 2E       		.uleb128 0x2e
 393 0050 01       		.byte	0x1
 394 0051 3F       		.uleb128 0x3f
 395 0052 19       		.uleb128 0x19
 396 0053 03       		.uleb128 0x3
 397 0054 0E       		.uleb128 0xe
 398 0055 3A       		.uleb128 0x3a
 399 0056 0B       		.uleb128 0xb
 400 0057 3B       		.uleb128 0x3b
 401 0058 0B       		.uleb128 0xb
 402 0059 27       		.uleb128 0x27
 403 005a 19       		.uleb128 0x19
 404 005b 11       		.uleb128 0x11
 405 005c 01       		.uleb128 0x1
 406 005d 12       		.uleb128 0x12
 407 005e 06       		.uleb128 0x6
 408 005f 40       		.uleb128 0x40
 409 0060 18       		.uleb128 0x18
 410 0061 9642     		.uleb128 0x2116
 411 0063 19       		.uleb128 0x19
 412 0064 01       		.uleb128 0x1
 413 0065 13       		.uleb128 0x13
 414 0066 00       		.byte	0
 415 0067 00       		.byte	0
 416 0068 08       		.uleb128 0x8
 417 0069 34       		.uleb128 0x34
 418 006a 00       		.byte	0
 419 006b 03       		.uleb128 0x3
 420 006c 0E       		.uleb128 0xe
 421 006d 3A       		.uleb128 0x3a
 422 006e 0B       		.uleb128 0xb
 423 006f 3B       		.uleb128 0x3b
 424 0070 0B       		.uleb128 0xb
 425 0071 49       		.uleb128 0x49
 426 0072 13       		.uleb128 0x13
 427 0073 02       		.uleb128 0x2
 428 0074 18       		.uleb128 0x18
 429 0075 00       		.byte	0
 430 0076 00       		.byte	0
 431 0077 09       		.uleb128 0x9
 432 0078 34       		.uleb128 0x34
 433 0079 00       		.byte	0
 434 007a 03       		.uleb128 0x3
ARM GAS  C:\Users\BENAKA~1\AppData\Local\Temp\ccl9B1qS.s 			page 10


 435 007b 0E       		.uleb128 0xe
 436 007c 3A       		.uleb128 0x3a
 437 007d 0B       		.uleb128 0xb
 438 007e 3B       		.uleb128 0x3b
 439 007f 05       		.uleb128 0x5
 440 0080 49       		.uleb128 0x49
 441 0081 13       		.uleb128 0x13
 442 0082 3F       		.uleb128 0x3f
 443 0083 19       		.uleb128 0x19
 444 0084 3C       		.uleb128 0x3c
 445 0085 19       		.uleb128 0x19
 446 0086 00       		.byte	0
 447 0087 00       		.byte	0
 448 0088 00       		.byte	0
 449              		.section	.debug_aranges,"",%progbits
 450 0000 1C000000 		.4byte	0x1c
 451 0004 0200     		.2byte	0x2
 452 0006 00000000 		.4byte	.Ldebug_info0
 453 000a 04       		.byte	0x4
 454 000b 00       		.byte	0
 455 000c 0000     		.2byte	0
 456 000e 0000     		.2byte	0
 457 0010 00000000 		.4byte	.LFB35
 458 0014 A8000000 		.4byte	.LFE35-.LFB35
 459 0018 00000000 		.4byte	0
 460 001c 00000000 		.4byte	0
 461              		.section	.debug_ranges,"",%progbits
 462              	.Ldebug_ranges0:
 463 0000 00000000 		.4byte	.LFB35
 464 0004 A8000000 		.4byte	.LFE35
 465 0008 00000000 		.4byte	0
 466 000c 00000000 		.4byte	0
 467              		.section	.debug_line,"",%progbits
 468              	.Ldebug_line0:
 469 0000 88000000 		.section	.debug_str,"MS",%progbits,1
 469      02005A00 
 469      00000201 
 469      FB0E0D00 
 469      01010101 
 470              	.LASF25:
 471 0000 636F6E6E 		.ascii	"connLedTimer\000"
 471      4C656454 
 471      696D6572 
 471      00
 472              	.LASF21:
 473 000d 4359424C 		.ascii	"CYBLE_STATE_DISCONNECTED\000"
 473      455F5354 
 473      4154455F 
 473      44495343 
 473      4F4E4E45 
 474              	.LASF23:
 475 0026 6C656453 		.ascii	"ledState\000"
 475      74617465 
 475      00
 476              	.LASF3:
 477 002f 73686F72 		.ascii	"short unsigned int\000"
 477      7420756E 
ARM GAS  C:\Users\BENAKA~1\AppData\Local\Temp\ccl9B1qS.s 			page 11


 477      7369676E 
 477      65642069 
 477      6E7400
 478              	.LASF11:
 479 0042 666C6F61 		.ascii	"float\000"
 479      7400
 480              	.LASF7:
 481 0048 6C6F6E67 		.ascii	"long long unsigned int\000"
 481      206C6F6E 
 481      6720756E 
 481      7369676E 
 481      65642069 
 482              	.LASF1:
 483 005f 756E7369 		.ascii	"unsigned char\000"
 483      676E6564 
 483      20636861 
 483      7200
 484              	.LASF28:
 485 006d 433A5C55 		.ascii	"C:\\Users\\Benakapoi\\Downloads\\PSoC-4-BLE-master\\"
 485      73657273 
 485      5C42656E 
 485      616B6170 
 485      6F695C44 
 486 009c 50536F43 		.ascii	"PSoC-4-BLE-master\\100_Projects_in_100_Days\\Day020"
 486      2D342D42 
 486      4C452D6D 
 486      61737465 
 486      725C3130 
 487 00cd 5F424C45 		.ascii	"_BLE_UART\\UART_to_BLE_central\\Archive\\2\\UART_to"
 487      5F554152 
 487      545C5541 
 487      52545F74 
 487      6F5F424C 
 488 00fc 5F424C45 		.ascii	"_BLE_central\\UART_to_BLE_central.cydsn\000"
 488      5F63656E 
 488      7472616C 
 488      5C554152 
 488      545F746F 
 489              	.LASF5:
 490 0123 6C6F6E67 		.ascii	"long unsigned int\000"
 490      20756E73 
 490      69676E65 
 490      6420696E 
 490      7400
 491              	.LASF9:
 492 0135 75696E74 		.ascii	"uint8\000"
 492      3800
 493              	.LASF26:
 494 013b 474E5520 		.ascii	"GNU C11 5.4.1 20160609 (release) [ARM/embedded-5-br"
 494      43313120 
 494      352E342E 
 494      31203230 
 494      31363036 
 495 016e 616E6368 		.ascii	"anch revision 237715] -mcpu=cortex-m0 -mthumb -g -O"
 495      20726576 
 495      6973696F 
 495      6E203233 
ARM GAS  C:\Users\BENAKA~1\AppData\Local\Temp\ccl9B1qS.s 			page 12


 495      37373135 
 496 01a1 30202D66 		.ascii	"0 -ffunction-sections -ffat-lto-objects\000"
 496      66756E63 
 496      74696F6E 
 496      2D736563 
 496      74696F6E 
 497              	.LASF24:
 498 01c9 7363616E 		.ascii	"scanLedTimer\000"
 498      4C656454 
 498      696D6572 
 498      00
 499              	.LASF12:
 500 01d6 646F7562 		.ascii	"double\000"
 500      6C6500
 501              	.LASF2:
 502 01dd 73686F72 		.ascii	"short int\000"
 502      7420696E 
 502      7400
 503              	.LASF10:
 504 01e7 75696E74 		.ascii	"uint32\000"
 504      333200
 505              	.LASF8:
 506 01ee 756E7369 		.ascii	"unsigned int\000"
 506      676E6564 
 506      20696E74 
 506      00
 507              	.LASF13:
 508 01fb 63686172 		.ascii	"char\000"
 508      00
 509              	.LASF22:
 510 0200 4359424C 		.ascii	"CYBLE_STATE_T\000"
 510      455F5354 
 510      4154455F 
 510      5400
 511              	.LASF16:
 512 020e 4359424C 		.ascii	"CYBLE_STATE_STOPPED\000"
 512      455F5354 
 512      4154455F 
 512      53544F50 
 512      50454400 
 513              	.LASF30:
 514 0222 6379426C 		.ascii	"cyBle_state\000"
 514      655F7374 
 514      61746500 
 515              	.LASF29:
 516 022e 48616E64 		.ascii	"HandleLeds\000"
 516      6C654C65 
 516      647300
 517              	.LASF15:
 518 0239 73697A65 		.ascii	"sizetype\000"
 518      74797065 
 518      00
 519              	.LASF19:
 520 0242 4359424C 		.ascii	"CYBLE_STATE_SCANNING\000"
 520      455F5354 
 520      4154455F 
 520      5343414E 
ARM GAS  C:\Users\BENAKA~1\AppData\Local\Temp\ccl9B1qS.s 			page 13


 520      4E494E47 
 521              	.LASF6:
 522 0257 6C6F6E67 		.ascii	"long long int\000"
 522      206C6F6E 
 522      6720696E 
 522      7400
 523              	.LASF20:
 524 0265 4359424C 		.ascii	"CYBLE_STATE_CONNECTING\000"
 524      455F5354 
 524      4154455F 
 524      434F4E4E 
 524      45435449 
 525              	.LASF27:
 526 027c 6170705F 		.ascii	"app_LED.c\000"
 526      4C45442E 
 526      6300
 527              	.LASF18:
 528 0286 4359424C 		.ascii	"CYBLE_STATE_CONNECTED\000"
 528      455F5354 
 528      4154455F 
 528      434F4E4E 
 528      45435445 
 529              	.LASF4:
 530 029c 6C6F6E67 		.ascii	"long int\000"
 530      20696E74 
 530      00
 531              	.LASF14:
 532 02a5 6C6F6E67 		.ascii	"long double\000"
 532      20646F75 
 532      626C6500 
 533              	.LASF0:
 534 02b1 7369676E 		.ascii	"signed char\000"
 534      65642063 
 534      68617200 
 535              	.LASF17:
 536 02bd 4359424C 		.ascii	"CYBLE_STATE_INITIALIZING\000"
 536      455F5354 
 536      4154455F 
 536      494E4954 
 536      49414C49 
 537              		.ident	"GCC: (GNU Tools for ARM Embedded Processors) 5.4.1 20160609 (release) [ARM/embedded-5-bran
