ARM GAS  C:\Users\BENAKA~1\AppData\Local\Temp\ccDOapv0.s 			page 1


   1              		.syntax unified
   2              		.cpu cortex-m0
   3              		.fpu softvfp
   4              		.eabi_attribute 20, 1
   5              		.eabi_attribute 21, 1
   6              		.eabi_attribute 23, 3
   7              		.eabi_attribute 24, 1
   8              		.eabi_attribute 25, 1
   9              		.eabi_attribute 26, 1
  10              		.eabi_attribute 30, 6
  11              		.eabi_attribute 34, 0
  12              		.eabi_attribute 18, 4
  13              		.thumb
  14              		.syntax unified
  15              		.file	"cyfitter_cfg.c"
  16              		.text
  17              	.Ltext0:
  18              		.cfi_sections	.debug_frame
  19              		.section	.text.CYMEMZERO,"ax",%progbits
  20              		.align	2
  21              		.code	16
  22              		.thumb_func
  23              		.type	CYMEMZERO, %function
  24              	CYMEMZERO:
  25              	.LFB2:
  26              		.file 1 "Generated_Source\\PSoC4\\cyfitter_cfg.c"
   1:Generated_Source\PSoC4/cyfitter_cfg.c **** 
   2:Generated_Source\PSoC4/cyfitter_cfg.c **** /*******************************************************************************
   3:Generated_Source\PSoC4/cyfitter_cfg.c **** * File Name: cyfitter_cfg.c
   4:Generated_Source\PSoC4/cyfitter_cfg.c **** * 
   5:Generated_Source\PSoC4/cyfitter_cfg.c **** * PSoC Creator  4.2
   6:Generated_Source\PSoC4/cyfitter_cfg.c **** *
   7:Generated_Source\PSoC4/cyfitter_cfg.c **** * Description:
   8:Generated_Source\PSoC4/cyfitter_cfg.c **** * This file contains device initialization code.
   9:Generated_Source\PSoC4/cyfitter_cfg.c **** * Except for the user defined sections in CyClockStartupError(), this file should not be modified.
  10:Generated_Source\PSoC4/cyfitter_cfg.c **** * This file is automatically generated by PSoC Creator.
  11:Generated_Source\PSoC4/cyfitter_cfg.c **** *
  12:Generated_Source\PSoC4/cyfitter_cfg.c **** ********************************************************************************
  13:Generated_Source\PSoC4/cyfitter_cfg.c **** * Copyright (c) 2007-2017 Cypress Semiconductor.  All rights reserved.
  14:Generated_Source\PSoC4/cyfitter_cfg.c **** * You may use this file only in accordance with the license, terms, conditions, 
  15:Generated_Source\PSoC4/cyfitter_cfg.c **** * disclaimers, and limitations in the end user license agreement accompanying 
  16:Generated_Source\PSoC4/cyfitter_cfg.c **** * the software package with which this file was provided.
  17:Generated_Source\PSoC4/cyfitter_cfg.c **** ********************************************************************************/
  18:Generated_Source\PSoC4/cyfitter_cfg.c **** 
  19:Generated_Source\PSoC4/cyfitter_cfg.c **** #include <string.h>
  20:Generated_Source\PSoC4/cyfitter_cfg.c **** #include "cytypes.h"
  21:Generated_Source\PSoC4/cyfitter_cfg.c **** #include "cydevice_trm.h"
  22:Generated_Source\PSoC4/cyfitter_cfg.c **** #include "cyfitter.h"
  23:Generated_Source\PSoC4/cyfitter_cfg.c **** #include "CyLib.h"
  24:Generated_Source\PSoC4/cyfitter_cfg.c **** #include "cyfitter_cfg.h"
  25:Generated_Source\PSoC4/cyfitter_cfg.c **** 
  26:Generated_Source\PSoC4/cyfitter_cfg.c **** 
  27:Generated_Source\PSoC4/cyfitter_cfg.c **** #if defined(__GNUC__) || defined(__ARMCC_VERSION)
  28:Generated_Source\PSoC4/cyfitter_cfg.c ****     #define CYPACKED 
  29:Generated_Source\PSoC4/cyfitter_cfg.c ****     #define CYPACKED_ATTR __attribute__ ((packed))
  30:Generated_Source\PSoC4/cyfitter_cfg.c ****     #define CYALIGNED __attribute__ ((aligned))
  31:Generated_Source\PSoC4/cyfitter_cfg.c ****     #define CY_CFG_UNUSED __attribute__ ((unused))
ARM GAS  C:\Users\BENAKA~1\AppData\Local\Temp\ccDOapv0.s 			page 2


  32:Generated_Source\PSoC4/cyfitter_cfg.c ****     #ifndef CY_CFG_SECTION
  33:Generated_Source\PSoC4/cyfitter_cfg.c ****         #define CY_CFG_SECTION __attribute__ ((section(".psocinit")))
  34:Generated_Source\PSoC4/cyfitter_cfg.c ****     #endif
  35:Generated_Source\PSoC4/cyfitter_cfg.c ****     
  36:Generated_Source\PSoC4/cyfitter_cfg.c ****     #if defined(__ARMCC_VERSION)
  37:Generated_Source\PSoC4/cyfitter_cfg.c ****         #define CY_CFG_MEMORY_BARRIER() __memory_changed()
  38:Generated_Source\PSoC4/cyfitter_cfg.c ****     #else
  39:Generated_Source\PSoC4/cyfitter_cfg.c ****         #define CY_CFG_MEMORY_BARRIER() __sync_synchronize()
  40:Generated_Source\PSoC4/cyfitter_cfg.c ****     #endif
  41:Generated_Source\PSoC4/cyfitter_cfg.c ****     
  42:Generated_Source\PSoC4/cyfitter_cfg.c **** #elif defined(__ICCARM__)
  43:Generated_Source\PSoC4/cyfitter_cfg.c ****     #include <intrinsics.h>
  44:Generated_Source\PSoC4/cyfitter_cfg.c **** 
  45:Generated_Source\PSoC4/cyfitter_cfg.c ****     #define CYPACKED __packed
  46:Generated_Source\PSoC4/cyfitter_cfg.c ****     #define CYPACKED_ATTR 
  47:Generated_Source\PSoC4/cyfitter_cfg.c ****     #define CYALIGNED _Pragma("data_alignment=4")
  48:Generated_Source\PSoC4/cyfitter_cfg.c ****     #define CY_CFG_UNUSED _Pragma("diag_suppress=Pe177")
  49:Generated_Source\PSoC4/cyfitter_cfg.c ****     #define CY_CFG_SECTION _Pragma("location=\".psocinit\"")
  50:Generated_Source\PSoC4/cyfitter_cfg.c ****     
  51:Generated_Source\PSoC4/cyfitter_cfg.c ****     #define CY_CFG_MEMORY_BARRIER() __DMB()
  52:Generated_Source\PSoC4/cyfitter_cfg.c ****     
  53:Generated_Source\PSoC4/cyfitter_cfg.c **** #else
  54:Generated_Source\PSoC4/cyfitter_cfg.c ****     #error Unsupported toolchain
  55:Generated_Source\PSoC4/cyfitter_cfg.c **** #endif
  56:Generated_Source\PSoC4/cyfitter_cfg.c **** 
  57:Generated_Source\PSoC4/cyfitter_cfg.c **** #ifndef CYCODE
  58:Generated_Source\PSoC4/cyfitter_cfg.c ****     #define CYCODE
  59:Generated_Source\PSoC4/cyfitter_cfg.c **** #endif
  60:Generated_Source\PSoC4/cyfitter_cfg.c **** #ifndef CYDATA
  61:Generated_Source\PSoC4/cyfitter_cfg.c ****     #define CYDATA
  62:Generated_Source\PSoC4/cyfitter_cfg.c **** #endif
  63:Generated_Source\PSoC4/cyfitter_cfg.c **** #ifndef CYFAR
  64:Generated_Source\PSoC4/cyfitter_cfg.c ****     #define CYFAR
  65:Generated_Source\PSoC4/cyfitter_cfg.c **** #endif
  66:Generated_Source\PSoC4/cyfitter_cfg.c **** #ifndef CYXDATA
  67:Generated_Source\PSoC4/cyfitter_cfg.c ****     #define CYXDATA
  68:Generated_Source\PSoC4/cyfitter_cfg.c **** #endif
  69:Generated_Source\PSoC4/cyfitter_cfg.c **** 
  70:Generated_Source\PSoC4/cyfitter_cfg.c **** 
  71:Generated_Source\PSoC4/cyfitter_cfg.c **** CY_CFG_UNUSED
  72:Generated_Source\PSoC4/cyfitter_cfg.c **** static void CYMEMZERO(void *s, size_t n);
  73:Generated_Source\PSoC4/cyfitter_cfg.c **** CY_CFG_UNUSED
  74:Generated_Source\PSoC4/cyfitter_cfg.c **** static void CYMEMZERO(void *s, size_t n)
  75:Generated_Source\PSoC4/cyfitter_cfg.c **** {
  27              		.loc 1 75 0
  28              		.cfi_startproc
  29              		@ args = 0, pretend = 0, frame = 8
  30              		@ frame_needed = 1, uses_anonymous_args = 0
  31 0000 80B5     		push	{r7, lr}
  32              		.cfi_def_cfa_offset 8
  33              		.cfi_offset 7, -8
  34              		.cfi_offset 14, -4
  35 0002 82B0     		sub	sp, sp, #8
  36              		.cfi_def_cfa_offset 16
  37 0004 00AF     		add	r7, sp, #0
  38              		.cfi_def_cfa_register 7
  39 0006 7860     		str	r0, [r7, #4]
ARM GAS  C:\Users\BENAKA~1\AppData\Local\Temp\ccDOapv0.s 			page 3


  40 0008 3960     		str	r1, [r7]
  76:Generated_Source\PSoC4/cyfitter_cfg.c **** 	(void)memset(s, 0, n);
  41              		.loc 1 76 0
  42 000a 3A68     		ldr	r2, [r7]
  43 000c 7B68     		ldr	r3, [r7, #4]
  44 000e 0021     		movs	r1, #0
  45 0010 1800     		movs	r0, r3
  46 0012 FFF7FEFF 		bl	memset
  77:Generated_Source\PSoC4/cyfitter_cfg.c **** }
  47              		.loc 1 77 0
  48 0016 C046     		nop
  49 0018 BD46     		mov	sp, r7
  50 001a 02B0     		add	sp, sp, #8
  51              		@ sp needed
  52 001c 80BD     		pop	{r7, pc}
  53              		.cfi_endproc
  54              	.LFE2:
  55              		.size	CYMEMZERO, .-CYMEMZERO
  56 001e C046     		.section	.text.CYCONFIGCPY,"ax",%progbits
  57              		.align	2
  58              		.code	16
  59              		.thumb_func
  60              		.type	CYCONFIGCPY, %function
  61              	CYCONFIGCPY:
  62              	.LFB3:
  78:Generated_Source\PSoC4/cyfitter_cfg.c **** CY_CFG_UNUSED
  79:Generated_Source\PSoC4/cyfitter_cfg.c **** static void CYCONFIGCPY(void *dest, const void *src, size_t n);
  80:Generated_Source\PSoC4/cyfitter_cfg.c **** CY_CFG_UNUSED
  81:Generated_Source\PSoC4/cyfitter_cfg.c **** static void CYCONFIGCPY(void *dest, const void *src, size_t n)
  82:Generated_Source\PSoC4/cyfitter_cfg.c **** {
  63              		.loc 1 82 0
  64              		.cfi_startproc
  65              		@ args = 0, pretend = 0, frame = 16
  66              		@ frame_needed = 1, uses_anonymous_args = 0
  67 0000 80B5     		push	{r7, lr}
  68              		.cfi_def_cfa_offset 8
  69              		.cfi_offset 7, -8
  70              		.cfi_offset 14, -4
  71 0002 84B0     		sub	sp, sp, #16
  72              		.cfi_def_cfa_offset 24
  73 0004 00AF     		add	r7, sp, #0
  74              		.cfi_def_cfa_register 7
  75 0006 F860     		str	r0, [r7, #12]
  76 0008 B960     		str	r1, [r7, #8]
  77 000a 7A60     		str	r2, [r7, #4]
  83:Generated_Source\PSoC4/cyfitter_cfg.c **** 	(void)memcpy(dest, src, n);
  78              		.loc 1 83 0
  79 000c 7A68     		ldr	r2, [r7, #4]
  80 000e B968     		ldr	r1, [r7, #8]
  81 0010 FB68     		ldr	r3, [r7, #12]
  82 0012 1800     		movs	r0, r3
  83 0014 FFF7FEFF 		bl	memcpy
  84:Generated_Source\PSoC4/cyfitter_cfg.c **** }
  84              		.loc 1 84 0
  85 0018 C046     		nop
  86 001a BD46     		mov	sp, r7
  87 001c 04B0     		add	sp, sp, #16
ARM GAS  C:\Users\BENAKA~1\AppData\Local\Temp\ccDOapv0.s 			page 4


  88              		@ sp needed
  89 001e 80BD     		pop	{r7, pc}
  90              		.cfi_endproc
  91              	.LFE3:
  92              		.size	CYCONFIGCPY, .-CYCONFIGCPY
  93              		.section	.text.CYCONFIGCPYCODE,"ax",%progbits
  94              		.align	2
  95              		.code	16
  96              		.thumb_func
  97              		.type	CYCONFIGCPYCODE, %function
  98              	CYCONFIGCPYCODE:
  99              	.LFB4:
  85:Generated_Source\PSoC4/cyfitter_cfg.c **** CY_CFG_UNUSED
  86:Generated_Source\PSoC4/cyfitter_cfg.c **** static void CYCONFIGCPYCODE(void *dest, const void *src, size_t n);
  87:Generated_Source\PSoC4/cyfitter_cfg.c **** CY_CFG_UNUSED
  88:Generated_Source\PSoC4/cyfitter_cfg.c **** static void CYCONFIGCPYCODE(void *dest, const void *src, size_t n)
  89:Generated_Source\PSoC4/cyfitter_cfg.c **** {
 100              		.loc 1 89 0
 101              		.cfi_startproc
 102              		@ args = 0, pretend = 0, frame = 16
 103              		@ frame_needed = 1, uses_anonymous_args = 0
 104 0000 80B5     		push	{r7, lr}
 105              		.cfi_def_cfa_offset 8
 106              		.cfi_offset 7, -8
 107              		.cfi_offset 14, -4
 108 0002 84B0     		sub	sp, sp, #16
 109              		.cfi_def_cfa_offset 24
 110 0004 00AF     		add	r7, sp, #0
 111              		.cfi_def_cfa_register 7
 112 0006 F860     		str	r0, [r7, #12]
 113 0008 B960     		str	r1, [r7, #8]
 114 000a 7A60     		str	r2, [r7, #4]
  90:Generated_Source\PSoC4/cyfitter_cfg.c **** 	(void)memcpy(dest, src, n);
 115              		.loc 1 90 0
 116 000c 7A68     		ldr	r2, [r7, #4]
 117 000e B968     		ldr	r1, [r7, #8]
 118 0010 FB68     		ldr	r3, [r7, #12]
 119 0012 1800     		movs	r0, r3
 120 0014 FFF7FEFF 		bl	memcpy
  91:Generated_Source\PSoC4/cyfitter_cfg.c **** }
 121              		.loc 1 91 0
 122 0018 C046     		nop
 123 001a BD46     		mov	sp, r7
 124 001c 04B0     		add	sp, sp, #16
 125              		@ sp needed
 126 001e 80BD     		pop	{r7, pc}
 127              		.cfi_endproc
 128              	.LFE4:
 129              		.size	CYCONFIGCPYCODE, .-CYCONFIGCPYCODE
 130              		.section	.psocinit,"ax",%progbits
 131              		.align	2
 132              		.code	16
 133              		.thumb_func
 134              		.type	ClockSetup, %function
 135              	ClockSetup:
 136              	.LFB5:
  92:Generated_Source\PSoC4/cyfitter_cfg.c **** 
ARM GAS  C:\Users\BENAKA~1\AppData\Local\Temp\ccDOapv0.s 			page 5


  93:Generated_Source\PSoC4/cyfitter_cfg.c **** 
  94:Generated_Source\PSoC4/cyfitter_cfg.c **** 
  95:Generated_Source\PSoC4/cyfitter_cfg.c **** 
  96:Generated_Source\PSoC4/cyfitter_cfg.c **** /* Clock startup error codes                                                   */
  97:Generated_Source\PSoC4/cyfitter_cfg.c **** #define CYCLOCKSTART_NO_ERROR    0u
  98:Generated_Source\PSoC4/cyfitter_cfg.c **** #define CYCLOCKSTART_XTAL_ERROR  1u
  99:Generated_Source\PSoC4/cyfitter_cfg.c **** #define CYCLOCKSTART_32KHZ_ERROR 2u
 100:Generated_Source\PSoC4/cyfitter_cfg.c **** #define CYCLOCKSTART_PLL_ERROR   3u
 101:Generated_Source\PSoC4/cyfitter_cfg.c **** #define CYCLOCKSTART_FLL_ERROR   4u
 102:Generated_Source\PSoC4/cyfitter_cfg.c **** 
 103:Generated_Source\PSoC4/cyfitter_cfg.c **** 
 104:Generated_Source\PSoC4/cyfitter_cfg.c **** #ifdef CY_NEED_CYCLOCKSTARTUPERROR
 105:Generated_Source\PSoC4/cyfitter_cfg.c **** /*******************************************************************************
 106:Generated_Source\PSoC4/cyfitter_cfg.c **** * Function Name: CyClockStartupError
 107:Generated_Source\PSoC4/cyfitter_cfg.c **** ********************************************************************************
 108:Generated_Source\PSoC4/cyfitter_cfg.c **** * Summary:
 109:Generated_Source\PSoC4/cyfitter_cfg.c **** *  If an error is encountered during clock configuration (crystal startup error,
 110:Generated_Source\PSoC4/cyfitter_cfg.c **** *  PLL lock error, etc.), the system will end up here.  Unless reimplemented by
 111:Generated_Source\PSoC4/cyfitter_cfg.c **** *  the customer, this function will stop in an infinite loop.
 112:Generated_Source\PSoC4/cyfitter_cfg.c **** *
 113:Generated_Source\PSoC4/cyfitter_cfg.c **** * Parameters:
 114:Generated_Source\PSoC4/cyfitter_cfg.c **** *   void
 115:Generated_Source\PSoC4/cyfitter_cfg.c **** *
 116:Generated_Source\PSoC4/cyfitter_cfg.c **** * Return:
 117:Generated_Source\PSoC4/cyfitter_cfg.c **** *   void
 118:Generated_Source\PSoC4/cyfitter_cfg.c **** *
 119:Generated_Source\PSoC4/cyfitter_cfg.c **** *******************************************************************************/
 120:Generated_Source\PSoC4/cyfitter_cfg.c **** CY_CFG_UNUSED
 121:Generated_Source\PSoC4/cyfitter_cfg.c **** static void CyClockStartupError(uint8 errorCode);
 122:Generated_Source\PSoC4/cyfitter_cfg.c **** CY_CFG_UNUSED
 123:Generated_Source\PSoC4/cyfitter_cfg.c **** static void CyClockStartupError(uint8 errorCode)
 124:Generated_Source\PSoC4/cyfitter_cfg.c **** {
 125:Generated_Source\PSoC4/cyfitter_cfg.c ****     /* To remove the compiler warning if errorCode not used.                */
 126:Generated_Source\PSoC4/cyfitter_cfg.c ****     errorCode = errorCode;
 127:Generated_Source\PSoC4/cyfitter_cfg.c **** 
 128:Generated_Source\PSoC4/cyfitter_cfg.c ****     /* If we have a clock startup error (bad MHz crystal, PLL lock, etc.),  */
 129:Generated_Source\PSoC4/cyfitter_cfg.c ****     /* we will end up here to allow the customer to implement something to  */
 130:Generated_Source\PSoC4/cyfitter_cfg.c ****     /* deal with the clock condition.                                       */
 131:Generated_Source\PSoC4/cyfitter_cfg.c **** 
 132:Generated_Source\PSoC4/cyfitter_cfg.c **** #ifdef CY_CFG_CLOCK_STARTUP_ERROR_CALLBACK
 133:Generated_Source\PSoC4/cyfitter_cfg.c ****     CY_CFG_Clock_Startup_ErrorCallback();
 134:Generated_Source\PSoC4/cyfitter_cfg.c **** #else
 135:Generated_Source\PSoC4/cyfitter_cfg.c ****     /*  If not using CY_CFG_CLOCK_STARTUP_ERROR_CALLBACK, place your clock startup code here. */
 136:Generated_Source\PSoC4/cyfitter_cfg.c ****     /* `#START CyClockStartupError` */
 137:Generated_Source\PSoC4/cyfitter_cfg.c **** 
 138:Generated_Source\PSoC4/cyfitter_cfg.c **** 
 139:Generated_Source\PSoC4/cyfitter_cfg.c **** 
 140:Generated_Source\PSoC4/cyfitter_cfg.c ****     /* `#END` */
 141:Generated_Source\PSoC4/cyfitter_cfg.c **** 
 142:Generated_Source\PSoC4/cyfitter_cfg.c ****     while(1) {}
 143:Generated_Source\PSoC4/cyfitter_cfg.c **** #endif /* CY_CFG_CLOCK_STARTUP_ERROR_CALLBACK */
 144:Generated_Source\PSoC4/cyfitter_cfg.c **** }
 145:Generated_Source\PSoC4/cyfitter_cfg.c **** #endif
 146:Generated_Source\PSoC4/cyfitter_cfg.c **** 
 147:Generated_Source\PSoC4/cyfitter_cfg.c **** 
 148:Generated_Source\PSoC4/cyfitter_cfg.c **** 
 149:Generated_Source\PSoC4/cyfitter_cfg.c **** /*******************************************************************************
ARM GAS  C:\Users\BENAKA~1\AppData\Local\Temp\ccDOapv0.s 			page 6


 150:Generated_Source\PSoC4/cyfitter_cfg.c **** * Function Name: ClockSetup
 151:Generated_Source\PSoC4/cyfitter_cfg.c **** ********************************************************************************
 152:Generated_Source\PSoC4/cyfitter_cfg.c **** *
 153:Generated_Source\PSoC4/cyfitter_cfg.c **** * Summary:
 154:Generated_Source\PSoC4/cyfitter_cfg.c **** *   Performs the initialization of all of the clocks in the device based on the
 155:Generated_Source\PSoC4/cyfitter_cfg.c **** *   settings in the Clock tab of the DWR.  This includes enabling the requested
 156:Generated_Source\PSoC4/cyfitter_cfg.c **** *   clocks and setting the necessary dividers to produce the desired frequency. 
 157:Generated_Source\PSoC4/cyfitter_cfg.c **** *
 158:Generated_Source\PSoC4/cyfitter_cfg.c **** * Parameters:
 159:Generated_Source\PSoC4/cyfitter_cfg.c **** *   void
 160:Generated_Source\PSoC4/cyfitter_cfg.c **** *
 161:Generated_Source\PSoC4/cyfitter_cfg.c **** * Return:
 162:Generated_Source\PSoC4/cyfitter_cfg.c **** *   void
 163:Generated_Source\PSoC4/cyfitter_cfg.c **** *
 164:Generated_Source\PSoC4/cyfitter_cfg.c **** *******************************************************************************/
 165:Generated_Source\PSoC4/cyfitter_cfg.c **** static void ClockSetup(void);
 166:Generated_Source\PSoC4/cyfitter_cfg.c **** CY_CFG_SECTION
 167:Generated_Source\PSoC4/cyfitter_cfg.c **** static void ClockSetup(void)
 168:Generated_Source\PSoC4/cyfitter_cfg.c **** {
 137              		.loc 1 168 0
 138              		.cfi_startproc
 139              		@ args = 0, pretend = 0, frame = 0
 140              		@ frame_needed = 1, uses_anonymous_args = 0
 141 0000 80B5     		push	{r7, lr}
 142              		.cfi_def_cfa_offset 8
 143              		.cfi_offset 7, -8
 144              		.cfi_offset 14, -4
 145 0002 00AF     		add	r7, sp, #0
 146              		.cfi_def_cfa_register 7
 169:Generated_Source\PSoC4/cyfitter_cfg.c **** 
 170:Generated_Source\PSoC4/cyfitter_cfg.c **** 	/* Set Flash Cycles based on max possible frequency in case a glitch occurs during ClockSetup(). *
 171:Generated_Source\PSoC4/cyfitter_cfg.c **** 	CY_SET_REG32((void CYXDATA *)(CYREG_CPUSS_FLASH_CTL), (0x0012u));
 147              		.loc 1 171 0
 148 0004 294B     		ldr	r3, .L5
 149 0006 1222     		movs	r2, #18
 150 0008 1A60     		str	r2, [r3]
 172:Generated_Source\PSoC4/cyfitter_cfg.c **** 
 173:Generated_Source\PSoC4/cyfitter_cfg.c **** 	/* Start the WCO */
 174:Generated_Source\PSoC4/cyfitter_cfg.c **** 	CySysClkWcoStart();
 151              		.loc 1 174 0
 152 000a FFF7FEFF 		bl	CySysClkWcoStart
 175:Generated_Source\PSoC4/cyfitter_cfg.c **** 	CyDelayCycles(12000000u); /* WCO may take up to 500ms to start */
 153              		.loc 1 175 0
 154 000e 284B     		ldr	r3, .L5+4
 155 0010 1800     		movs	r0, r3
 156 0012 FFF7FEFF 		bl	CyDelayCycles
 176:Generated_Source\PSoC4/cyfitter_cfg.c **** 	(void)CySysClkWcoSetPowerMode(CY_SYS_CLK_WCO_LPM);    /* Switch to the low power mode */
 157              		.loc 1 176 0
 158 0016 0120     		movs	r0, #1
 159 0018 FFF7FEFF 		bl	CySysClkWcoSetPowerMode
 177:Generated_Source\PSoC4/cyfitter_cfg.c **** 
 178:Generated_Source\PSoC4/cyfitter_cfg.c **** 	/* Setup and trim IMO based on desired frequency. */
 179:Generated_Source\PSoC4/cyfitter_cfg.c **** 	CySysClkWriteImoFreq(48u);
 160              		.loc 1 179 0
 161 001c 3020     		movs	r0, #48
 162 001e FFF7FEFF 		bl	CySysClkWriteImoFreq
 180:Generated_Source\PSoC4/cyfitter_cfg.c **** 	/* CYDEV_CLK_ILO_CONFIG Starting address: CYDEV_CLK_ILO_CONFIG */
ARM GAS  C:\Users\BENAKA~1\AppData\Local\Temp\ccDOapv0.s 			page 7


 181:Generated_Source\PSoC4/cyfitter_cfg.c **** 	CY_SET_REG32((void *)(CYREG_CLK_ILO_CONFIG), 0x80000006u);
 163              		.loc 1 181 0
 164 0022 244B     		ldr	r3, .L5+8
 165 0024 244A     		ldr	r2, .L5+12
 166 0026 1A60     		str	r2, [r3]
 182:Generated_Source\PSoC4/cyfitter_cfg.c **** 
 183:Generated_Source\PSoC4/cyfitter_cfg.c **** 	/* CYDEV_WDT_CONFIG Starting address: CYDEV_WDT_CONFIG */
 184:Generated_Source\PSoC4/cyfitter_cfg.c **** 	CY_SET_REG32((void *)(CYREG_WDT_CONFIG), 0x40000000u);
 167              		.loc 1 184 0
 168 0028 244B     		ldr	r3, .L5+16
 169 002a 8022     		movs	r2, #128
 170 002c D205     		lsls	r2, r2, #23
 171 002e 1A60     		str	r2, [r3]
 185:Generated_Source\PSoC4/cyfitter_cfg.c **** 
 186:Generated_Source\PSoC4/cyfitter_cfg.c **** 
 187:Generated_Source\PSoC4/cyfitter_cfg.c **** 	/* Enable fast start mode for XO */
 188:Generated_Source\PSoC4/cyfitter_cfg.c **** 	CY_SET_REG32((void*)CYREG_BLE_BLERD_BB_XO, CY_GET_REG32((void*)CYREG_BLE_BLERD_BB_XO) | (uint32)0x
 172              		.loc 1 188 0
 173 0030 234B     		ldr	r3, .L5+20
 174 0032 234A     		ldr	r2, .L5+20
 175 0034 1268     		ldr	r2, [r2]
 176 0036 0221     		movs	r1, #2
 177 0038 0A43     		orrs	r2, r1
 178 003a 1A60     		str	r2, [r3]
 189:Generated_Source\PSoC4/cyfitter_cfg.c **** 	CY_SET_REG32((void *)(CYREG_BLE_BLERD_BB_XO_CAPTRIM), 0x00003E2Du);
 179              		.loc 1 189 0
 180 003c 214B     		ldr	r3, .L5+24
 181 003e 224A     		ldr	r2, .L5+28
 182 0040 1A60     		str	r2, [r3]
 190:Generated_Source\PSoC4/cyfitter_cfg.c **** 	/*Set XTAL(ECO) divider*/
 191:Generated_Source\PSoC4/cyfitter_cfg.c **** 	CY_SET_REG32((void *)(CYREG_BLE_BLESS_XTAL_CLK_DIV_CONFIG), 0x00000000u);
 183              		.loc 1 191 0
 184 0042 224B     		ldr	r3, .L5+32
 185 0044 0022     		movs	r2, #0
 186 0046 1A60     		str	r2, [r3]
 192:Generated_Source\PSoC4/cyfitter_cfg.c **** 	/* Disable Crystal Stable Interrupt before enabling ECO */
 193:Generated_Source\PSoC4/cyfitter_cfg.c **** 	CY_SET_REG32((void*)CYREG_BLE_BLESS_LL_DSM_CTRL, CY_GET_REG32((void*)CYREG_BLE_BLESS_LL_DSM_CTRL) 
 187              		.loc 1 193 0
 188 0048 214B     		ldr	r3, .L5+36
 189 004a 214A     		ldr	r2, .L5+36
 190 004c 1268     		ldr	r2, [r2]
 191 004e 0821     		movs	r1, #8
 192 0050 8A43     		bics	r2, r1
 193 0052 1A60     		str	r2, [r3]
 194:Generated_Source\PSoC4/cyfitter_cfg.c **** 	/* Start the ECO and do not check status since it is not needed for HFCLK */
 195:Generated_Source\PSoC4/cyfitter_cfg.c **** 	(void)CySysClkEcoStart(2000u);
 194              		.loc 1 195 0
 195 0054 FA23     		movs	r3, #250
 196 0056 DB00     		lsls	r3, r3, #3
 197 0058 1800     		movs	r0, r3
 198 005a FFF7FEFF 		bl	CySysClkEcoStart
 196:Generated_Source\PSoC4/cyfitter_cfg.c **** 	CyDelayUs(1500u); /* Wait to stabilize */
 199              		.loc 1 196 0
 200 005e 1D4B     		ldr	r3, .L5+40
 201 0060 1800     		movs	r0, r3
 202 0062 FFF7FEFF 		bl	CyDelayUs
 197:Generated_Source\PSoC4/cyfitter_cfg.c **** 
ARM GAS  C:\Users\BENAKA~1\AppData\Local\Temp\ccDOapv0.s 			page 8


 198:Generated_Source\PSoC4/cyfitter_cfg.c **** 	/* Setup phase aligned clocks */
 199:Generated_Source\PSoC4/cyfitter_cfg.c **** 	CY_SET_REG32((void *)CYREG_PERI_DIV_16_CTL1, 0x00001D00u);
 203              		.loc 1 199 0
 204 0066 1C4B     		ldr	r3, .L5+44
 205 0068 E822     		movs	r2, #232
 206 006a 5201     		lsls	r2, r2, #5
 207 006c 1A60     		str	r2, [r3]
 200:Generated_Source\PSoC4/cyfitter_cfg.c **** 	CY_SET_REG32((void *)CYREG_PERI_DIV_CMD, 0x8000FF41u);
 208              		.loc 1 200 0
 209 006e 1B4B     		ldr	r3, .L5+48
 210 0070 1B4A     		ldr	r2, .L5+52
 211 0072 1A60     		str	r2, [r3]
 201:Generated_Source\PSoC4/cyfitter_cfg.c **** 	CY_SET_REG32((void *)CYREG_PERI_DIV_16_CTL0, 0x00001900u);
 212              		.loc 1 201 0
 213 0074 1B4B     		ldr	r3, .L5+56
 214 0076 C822     		movs	r2, #200
 215 0078 5201     		lsls	r2, r2, #5
 216 007a 1A60     		str	r2, [r3]
 202:Generated_Source\PSoC4/cyfitter_cfg.c **** 	CY_SET_REG32((void *)CYREG_PERI_DIV_CMD, 0x8000FF40u);
 217              		.loc 1 202 0
 218 007c 174B     		ldr	r3, .L5+48
 219 007e 1A4A     		ldr	r2, .L5+60
 220 0080 1A60     		str	r2, [r3]
 203:Generated_Source\PSoC4/cyfitter_cfg.c **** 
 204:Generated_Source\PSoC4/cyfitter_cfg.c **** 	/* CYDEV_CLK_IMO_CONFIG Starting address: CYDEV_CLK_IMO_CONFIG */
 205:Generated_Source\PSoC4/cyfitter_cfg.c **** 	CY_SET_REG32((void *)(CYREG_CLK_IMO_CONFIG), 0x80000000u);
 221              		.loc 1 205 0
 222 0082 1A4B     		ldr	r3, .L5+64
 223 0084 8022     		movs	r2, #128
 224 0086 1206     		lsls	r2, r2, #24
 225 0088 1A60     		str	r2, [r3]
 206:Generated_Source\PSoC4/cyfitter_cfg.c **** 
 207:Generated_Source\PSoC4/cyfitter_cfg.c **** 	/* CYDEV_CLK_SELECT Starting address: CYDEV_CLK_SELECT */
 208:Generated_Source\PSoC4/cyfitter_cfg.c **** 	CY_SET_REG32((void *)(CYREG_CLK_SELECT), 0x00040000u);
 226              		.loc 1 208 0
 227 008a 194B     		ldr	r3, .L5+68
 228 008c 8022     		movs	r2, #128
 229 008e D202     		lsls	r2, r2, #11
 230 0090 1A60     		str	r2, [r3]
 209:Generated_Source\PSoC4/cyfitter_cfg.c **** 
 210:Generated_Source\PSoC4/cyfitter_cfg.c **** 	/* CYDEV_PERI_PCLK_CTL2 Starting address: CYDEV_PERI_PCLK_CTL2 */
 211:Generated_Source\PSoC4/cyfitter_cfg.c **** 	CY_SET_REG32((void *)(CYREG_PERI_PCLK_CTL2), 0x00000041u);
 231              		.loc 1 211 0
 232 0092 184B     		ldr	r3, .L5+72
 233 0094 4122     		movs	r2, #65
 234 0096 1A60     		str	r2, [r3]
 212:Generated_Source\PSoC4/cyfitter_cfg.c **** 
 213:Generated_Source\PSoC4/cyfitter_cfg.c **** 	/* CYDEV_PERI_PCLK_CTL1 Starting address: CYDEV_PERI_PCLK_CTL1 */
 214:Generated_Source\PSoC4/cyfitter_cfg.c **** 	CY_SET_REG32((void *)(CYREG_PERI_PCLK_CTL1), 0x00000040u);
 235              		.loc 1 214 0
 236 0098 174B     		ldr	r3, .L5+76
 237 009a 4022     		movs	r2, #64
 238 009c 1A60     		str	r2, [r3]
 215:Generated_Source\PSoC4/cyfitter_cfg.c **** 
 216:Generated_Source\PSoC4/cyfitter_cfg.c **** 	CY_SET_REG32((void *)(CYREG_WDT_CONFIG), 0x40000000u);
 239              		.loc 1 216 0
 240 009e 074B     		ldr	r3, .L5+16
ARM GAS  C:\Users\BENAKA~1\AppData\Local\Temp\ccDOapv0.s 			page 9


 241 00a0 8022     		movs	r2, #128
 242 00a2 D205     		lsls	r2, r2, #23
 243 00a4 1A60     		str	r2, [r3]
 217:Generated_Source\PSoC4/cyfitter_cfg.c **** }
 244              		.loc 1 217 0
 245 00a6 C046     		nop
 246 00a8 BD46     		mov	sp, r7
 247              		@ sp needed
 248 00aa 80BD     		pop	{r7, pc}
 249              	.L6:
 250              		.align	2
 251              	.L5:
 252 00ac 30001040 		.word	1074790448
 253 00b0 001BB700 		.word	12000000
 254 00b4 04010B40 		.word	1074462980
 255 00b8 06000080 		.word	-2147483642
 256 00bc 0C020B40 		.word	1074463244
 257 00c0 78002E40 		.word	1076756600
 258 00c4 7C002E40 		.word	1076756604
 259 00c8 2D3E0000 		.word	15917
 260 00cc 64F02E40 		.word	1076818020
 261 00d0 6CF02E40 		.word	1076818028
 262 00d4 DC050000 		.word	1500
 263 00d8 04030140 		.word	1073808132
 264 00dc 00000140 		.word	1073807360
 265 00e0 41FF0080 		.word	-2147418303
 266 00e4 00030140 		.word	1073808128
 267 00e8 40FF0080 		.word	-2147418304
 268 00ec 08010B40 		.word	1074462984
 269 00f0 00010B40 		.word	1074462976
 270 00f4 08010140 		.word	1073807624
 271 00f8 04010140 		.word	1073807620
 272              		.cfi_endproc
 273              	.LFE5:
 274              		.size	ClockSetup, .-ClockSetup
 275              		.section	.text.AnalogSetDefault,"ax",%progbits
 276              		.align	2
 277              		.code	16
 278              		.thumb_func
 279              		.type	AnalogSetDefault, %function
 280              	AnalogSetDefault:
 281              	.LFB6:
 218:Generated_Source\PSoC4/cyfitter_cfg.c **** 
 219:Generated_Source\PSoC4/cyfitter_cfg.c **** 
 220:Generated_Source\PSoC4/cyfitter_cfg.c **** /* Analog API Functions */
 221:Generated_Source\PSoC4/cyfitter_cfg.c **** 
 222:Generated_Source\PSoC4/cyfitter_cfg.c **** 
 223:Generated_Source\PSoC4/cyfitter_cfg.c **** /*******************************************************************************
 224:Generated_Source\PSoC4/cyfitter_cfg.c **** * Function Name: AnalogSetDefault
 225:Generated_Source\PSoC4/cyfitter_cfg.c **** ********************************************************************************
 226:Generated_Source\PSoC4/cyfitter_cfg.c **** *
 227:Generated_Source\PSoC4/cyfitter_cfg.c **** * Summary:
 228:Generated_Source\PSoC4/cyfitter_cfg.c **** *  Sets up the analog portions of the chip to default values based on chip
 229:Generated_Source\PSoC4/cyfitter_cfg.c **** *  configuration options from the project.
 230:Generated_Source\PSoC4/cyfitter_cfg.c **** *
 231:Generated_Source\PSoC4/cyfitter_cfg.c **** * Parameters:
 232:Generated_Source\PSoC4/cyfitter_cfg.c **** *  void
ARM GAS  C:\Users\BENAKA~1\AppData\Local\Temp\ccDOapv0.s 			page 10


 233:Generated_Source\PSoC4/cyfitter_cfg.c **** *
 234:Generated_Source\PSoC4/cyfitter_cfg.c **** * Return:
 235:Generated_Source\PSoC4/cyfitter_cfg.c **** *  void
 236:Generated_Source\PSoC4/cyfitter_cfg.c **** *
 237:Generated_Source\PSoC4/cyfitter_cfg.c **** *******************************************************************************/
 238:Generated_Source\PSoC4/cyfitter_cfg.c **** static void AnalogSetDefault(void);
 239:Generated_Source\PSoC4/cyfitter_cfg.c **** static void AnalogSetDefault(void)
 240:Generated_Source\PSoC4/cyfitter_cfg.c **** {
 282              		.loc 1 240 0
 283              		.cfi_startproc
 284              		@ args = 0, pretend = 0, frame = 0
 285              		@ frame_needed = 1, uses_anonymous_args = 0
 286 0000 80B5     		push	{r7, lr}
 287              		.cfi_def_cfa_offset 8
 288              		.cfi_offset 7, -8
 289              		.cfi_offset 14, -4
 290 0002 00AF     		add	r7, sp, #0
 291              		.cfi_def_cfa_register 7
 241:Generated_Source\PSoC4/cyfitter_cfg.c **** 	CY_SET_XTND_REG32((void CYFAR *)CYREG_CTBM0_DFT_CTRL, 0x00000003u);
 292              		.loc 1 241 0
 293 0004 054B     		ldr	r3, .L8
 294 0006 0322     		movs	r2, #3
 295 0008 1A60     		str	r2, [r3]
 242:Generated_Source\PSoC4/cyfitter_cfg.c **** 	CY_SET_XTND_REG32((void CYFAR *)CYREG_CTBM1_DFT_CTRL, 0x00000003u);
 296              		.loc 1 242 0
 297 000a 054B     		ldr	r3, .L8+4
 298 000c 0322     		movs	r2, #3
 299 000e 1A60     		str	r2, [r3]
 243:Generated_Source\PSoC4/cyfitter_cfg.c **** 	CY_SET_XTND_REG32((void CYFAR *)CYREG_PASS_DSAB_DSAB_CTRL, 0x00000000u);
 300              		.loc 1 243 0
 301 0010 044B     		ldr	r3, .L8+8
 302 0012 0022     		movs	r2, #0
 303 0014 1A60     		str	r2, [r3]
 244:Generated_Source\PSoC4/cyfitter_cfg.c **** }
 304              		.loc 1 244 0
 305 0016 C046     		nop
 306 0018 BD46     		mov	sp, r7
 307              		@ sp needed
 308 001a 80BD     		pop	{r7, pc}
 309              	.L9:
 310              		.align	2
 311              	.L8:
 312 001c 30003040 		.word	1076887600
 313 0020 30003140 		.word	1076953136
 314 0024 000E3F40 		.word	1077874176
 315              		.cfi_endproc
 316              	.LFE6:
 317              		.size	AnalogSetDefault, .-AnalogSetDefault
 318              		.section	.psocinit
 319              		.align	2
 320              		.global	cyfitter_cfg
 321              		.code	16
 322              		.thumb_func
 323              		.type	cyfitter_cfg, %function
 324              	cyfitter_cfg:
 325              	.LFB7:
 245:Generated_Source\PSoC4/cyfitter_cfg.c **** 
ARM GAS  C:\Users\BENAKA~1\AppData\Local\Temp\ccDOapv0.s 			page 11


 246:Generated_Source\PSoC4/cyfitter_cfg.c **** 
 247:Generated_Source\PSoC4/cyfitter_cfg.c **** 
 248:Generated_Source\PSoC4/cyfitter_cfg.c **** 
 249:Generated_Source\PSoC4/cyfitter_cfg.c **** /*******************************************************************************
 250:Generated_Source\PSoC4/cyfitter_cfg.c **** * Function Name: cyfitter_cfg
 251:Generated_Source\PSoC4/cyfitter_cfg.c **** ********************************************************************************
 252:Generated_Source\PSoC4/cyfitter_cfg.c **** * Summary:
 253:Generated_Source\PSoC4/cyfitter_cfg.c **** *  This function is called by the start-up code for the selected device. It
 254:Generated_Source\PSoC4/cyfitter_cfg.c **** *  performs all of the necessary device configuration based on the design
 255:Generated_Source\PSoC4/cyfitter_cfg.c **** *  settings.  This includes settings from the Design Wide Resources (DWR) such
 256:Generated_Source\PSoC4/cyfitter_cfg.c **** *  as Clocks and Pins as well as any component configuration that is necessary.
 257:Generated_Source\PSoC4/cyfitter_cfg.c **** *
 258:Generated_Source\PSoC4/cyfitter_cfg.c **** * Parameters:
 259:Generated_Source\PSoC4/cyfitter_cfg.c **** *   void
 260:Generated_Source\PSoC4/cyfitter_cfg.c **** *
 261:Generated_Source\PSoC4/cyfitter_cfg.c **** * Return:
 262:Generated_Source\PSoC4/cyfitter_cfg.c **** *   void
 263:Generated_Source\PSoC4/cyfitter_cfg.c **** *
 264:Generated_Source\PSoC4/cyfitter_cfg.c **** *******************************************************************************/
 265:Generated_Source\PSoC4/cyfitter_cfg.c **** CY_CFG_SECTION
 266:Generated_Source\PSoC4/cyfitter_cfg.c **** void cyfitter_cfg(void)
 267:Generated_Source\PSoC4/cyfitter_cfg.c **** {
 326              		.loc 1 267 0
 327              		.cfi_startproc
 328              		@ args = 0, pretend = 0, frame = 8
 329              		@ frame_needed = 1, uses_anonymous_args = 0
 330 00fc 80B5     		push	{r7, lr}
 331              		.cfi_def_cfa_offset 8
 332              		.cfi_offset 7, -8
 333              		.cfi_offset 14, -4
 334 00fe 82B0     		sub	sp, sp, #8
 335              		.cfi_def_cfa_offset 16
 336 0100 00AF     		add	r7, sp, #0
 337              		.cfi_def_cfa_register 7
 268:Generated_Source\PSoC4/cyfitter_cfg.c **** 	/* Disable interrupts by default. Let user enable if/when they want. */
 269:Generated_Source\PSoC4/cyfitter_cfg.c **** 	CyGlobalIntDisable;
 338              		.loc 1 269 0
 339              		.syntax divided
 340              	@ 269 "Generated_Source\PSoC4\cyfitter_cfg.c" 1
 341 0102 72B6     		CPSID   i
 342              	@ 0 "" 2
 270:Generated_Source\PSoC4/cyfitter_cfg.c **** 
 271:Generated_Source\PSoC4/cyfitter_cfg.c **** 	CY_SET_REG32((void *)(CYREG_BLE_BLESS_LL_DSM_CTRL), 0x00000000u);
 343              		.loc 1 271 0
 344              		.thumb
 345              		.syntax unified
 346 0104 394B     		ldr	r3, .L13
 347 0106 0022     		movs	r2, #0
 348 0108 1A60     		str	r2, [r3]
 349              	.LBB2:
 272:Generated_Source\PSoC4/cyfitter_cfg.c **** 
 273:Generated_Source\PSoC4/cyfitter_cfg.c **** 	{
 274:Generated_Source\PSoC4/cyfitter_cfg.c **** 
 275:Generated_Source\PSoC4/cyfitter_cfg.c **** 		CYPACKED typedef struct {
 276:Generated_Source\PSoC4/cyfitter_cfg.c **** 			void CYFAR *address;
 277:Generated_Source\PSoC4/cyfitter_cfg.c **** 			uint16 size;
 278:Generated_Source\PSoC4/cyfitter_cfg.c **** 		} CYPACKED_ATTR cfg_memset_t;
ARM GAS  C:\Users\BENAKA~1\AppData\Local\Temp\ccDOapv0.s 			page 12


 279:Generated_Source\PSoC4/cyfitter_cfg.c **** 
 280:Generated_Source\PSoC4/cyfitter_cfg.c **** 		static const cfg_memset_t CYCODE cfg_memset_list[] = {
 281:Generated_Source\PSoC4/cyfitter_cfg.c **** 			/* address, size */
 282:Generated_Source\PSoC4/cyfitter_cfg.c **** 			{(void CYFAR *)(CYDEV_UDB_P0_U0_BASE), 1024u},
 283:Generated_Source\PSoC4/cyfitter_cfg.c **** 			{(void CYFAR *)(CYDEV_UDB_DSI0_BASE), 1024u},
 284:Generated_Source\PSoC4/cyfitter_cfg.c **** 		};
 285:Generated_Source\PSoC4/cyfitter_cfg.c **** 
 286:Generated_Source\PSoC4/cyfitter_cfg.c **** 		uint8 CYDATA i;
 287:Generated_Source\PSoC4/cyfitter_cfg.c **** 
 288:Generated_Source\PSoC4/cyfitter_cfg.c **** 		/* Zero out critical memory blocks before beginning configuration */
 289:Generated_Source\PSoC4/cyfitter_cfg.c **** 		for (i = 0u; i < (sizeof(cfg_memset_list)/sizeof(cfg_memset_list[0])); i++)
 350              		.loc 1 289 0
 351 010a FB1D     		adds	r3, r7, #7
 352 010c 0022     		movs	r2, #0
 353 010e 1A70     		strb	r2, [r3]
 354 0110 22E0     		b	.L11
 355              	.L12:
 356              	.LBB3:
 290:Generated_Source\PSoC4/cyfitter_cfg.c **** 		{
 291:Generated_Source\PSoC4/cyfitter_cfg.c **** 			const cfg_memset_t CYCODE * CYDATA ms = &cfg_memset_list[i];
 357              		.loc 1 291 0 discriminator 3
 358 0112 FB1D     		adds	r3, r7, #7
 359 0114 1A78     		ldrb	r2, [r3]
 360 0116 1300     		movs	r3, r2
 361 0118 5B00     		lsls	r3, r3, #1
 362 011a 9B18     		adds	r3, r3, r2
 363 011c 5B00     		lsls	r3, r3, #1
 364 011e 344A     		ldr	r2, .L13+4
 365 0120 9B18     		adds	r3, r3, r2
 366 0122 3B60     		str	r3, [r7]
 292:Generated_Source\PSoC4/cyfitter_cfg.c **** 			CYMEMZERO(ms->address, (size_t)(uint32)(ms->size));
 367              		.loc 1 292 0 discriminator 3
 368 0124 3B68     		ldr	r3, [r7]
 369 0126 1A78     		ldrb	r2, [r3]
 370 0128 5978     		ldrb	r1, [r3, #1]
 371 012a 0902     		lsls	r1, r1, #8
 372 012c 0A43     		orrs	r2, r1
 373 012e 9978     		ldrb	r1, [r3, #2]
 374 0130 0904     		lsls	r1, r1, #16
 375 0132 0A43     		orrs	r2, r1
 376 0134 DB78     		ldrb	r3, [r3, #3]
 377 0136 1B06     		lsls	r3, r3, #24
 378 0138 1343     		orrs	r3, r2
 379 013a 1800     		movs	r0, r3
 380 013c 3B68     		ldr	r3, [r7]
 381 013e 1A79     		ldrb	r2, [r3, #4]
 382 0140 5B79     		ldrb	r3, [r3, #5]
 383 0142 1B02     		lsls	r3, r3, #8
 384 0144 1343     		orrs	r3, r2
 385 0146 9BB2     		uxth	r3, r3
 386 0148 1900     		movs	r1, r3
 387 014a FFF7FEFF 		bl	CYMEMZERO
 388              	.LBE3:
 289:Generated_Source\PSoC4/cyfitter_cfg.c **** 		{
 389              		.loc 1 289 0 discriminator 3
 390 014e FB1D     		adds	r3, r7, #7
 391 0150 1A78     		ldrb	r2, [r3]
ARM GAS  C:\Users\BENAKA~1\AppData\Local\Temp\ccDOapv0.s 			page 13


 392 0152 FB1D     		adds	r3, r7, #7
 393 0154 0132     		adds	r2, r2, #1
 394 0156 1A70     		strb	r2, [r3]
 395              	.L11:
 289:Generated_Source\PSoC4/cyfitter_cfg.c **** 		{
 396              		.loc 1 289 0 is_stmt 0 discriminator 1
 397 0158 FB1D     		adds	r3, r7, #7
 398 015a 1B78     		ldrb	r3, [r3]
 399 015c 012B     		cmp	r3, #1
 400 015e D8D9     		bls	.L12
 293:Generated_Source\PSoC4/cyfitter_cfg.c **** 		}
 294:Generated_Source\PSoC4/cyfitter_cfg.c **** 
 295:Generated_Source\PSoC4/cyfitter_cfg.c **** 		/* HSIOM Starting address: CYDEV_HSIOM_BASE */
 296:Generated_Source\PSoC4/cyfitter_cfg.c **** 		CY_SET_REG32((void *)(CYDEV_HSIOM_BASE), 0xEE0000EEu);
 401              		.loc 1 296 0 is_stmt 1
 402 0160 244B     		ldr	r3, .L13+8
 403 0162 254A     		ldr	r2, .L13+12
 404 0164 1A60     		str	r2, [r3]
 297:Generated_Source\PSoC4/cyfitter_cfg.c **** 		CY_SET_REG32((void *)(CYREG_HSIOM_PORT_SEL1), 0x00990000u);
 405              		.loc 1 297 0
 406 0166 254B     		ldr	r3, .L13+16
 407 0168 9922     		movs	r2, #153
 408 016a 1204     		lsls	r2, r2, #16
 409 016c 1A60     		str	r2, [r3]
 298:Generated_Source\PSoC4/cyfitter_cfg.c **** 
 299:Generated_Source\PSoC4/cyfitter_cfg.c **** 		/* UDB_PA_0 Starting address: CYDEV_UDB_PA0_BASE */
 300:Generated_Source\PSoC4/cyfitter_cfg.c **** 		CY_SET_REG32((void *)(CYDEV_UDB_PA0_BASE), 0x00990000u);
 410              		.loc 1 300 0
 411 016e 244B     		ldr	r3, .L13+20
 412 0170 9922     		movs	r2, #153
 413 0172 1204     		lsls	r2, r2, #16
 414 0174 1A60     		str	r2, [r3]
 301:Generated_Source\PSoC4/cyfitter_cfg.c **** 
 302:Generated_Source\PSoC4/cyfitter_cfg.c **** 		/* UDB_PA_1 Starting address: CYDEV_UDB_PA1_BASE */
 303:Generated_Source\PSoC4/cyfitter_cfg.c **** 		CY_SET_REG32((void *)(CYDEV_UDB_PA1_BASE), 0x00990000u);
 415              		.loc 1 303 0
 416 0176 234B     		ldr	r3, .L13+24
 417 0178 9922     		movs	r2, #153
 418 017a 1204     		lsls	r2, r2, #16
 419 017c 1A60     		str	r2, [r3]
 304:Generated_Source\PSoC4/cyfitter_cfg.c **** 
 305:Generated_Source\PSoC4/cyfitter_cfg.c **** 		/* UDB_PA_2 Starting address: CYDEV_UDB_PA2_BASE */
 306:Generated_Source\PSoC4/cyfitter_cfg.c **** 		CY_SET_REG32((void *)(CYDEV_UDB_PA2_BASE), 0x00990000u);
 420              		.loc 1 306 0
 421 017e 224B     		ldr	r3, .L13+28
 422 0180 9922     		movs	r2, #153
 423 0182 1204     		lsls	r2, r2, #16
 424 0184 1A60     		str	r2, [r3]
 307:Generated_Source\PSoC4/cyfitter_cfg.c **** 
 308:Generated_Source\PSoC4/cyfitter_cfg.c **** 		/* UDB_PA_3 Starting address: CYDEV_UDB_PA3_BASE */
 309:Generated_Source\PSoC4/cyfitter_cfg.c **** 		CY_SET_REG32((void *)(CYDEV_UDB_PA3_BASE), 0x00990000u);
 425              		.loc 1 309 0
 426 0186 214B     		ldr	r3, .L13+32
 427 0188 9922     		movs	r2, #153
 428 018a 1204     		lsls	r2, r2, #16
 429 018c 1A60     		str	r2, [r3]
 310:Generated_Source\PSoC4/cyfitter_cfg.c **** 
ARM GAS  C:\Users\BENAKA~1\AppData\Local\Temp\ccDOapv0.s 			page 14


 311:Generated_Source\PSoC4/cyfitter_cfg.c **** 		/* Enable digital routing */
 312:Generated_Source\PSoC4/cyfitter_cfg.c **** 		CY_SET_XTND_REG8((void *)CYREG_UDB_UDBIF_BANK_CTL, (uint8)(CY_GET_XTND_REG8((void *)CYREG_UDB_UDB
 430              		.loc 1 312 0
 431 018e 204A     		ldr	r2, .L13+36
 432 0190 1F4B     		ldr	r3, .L13+36
 433 0192 1B78     		ldrb	r3, [r3]
 434 0194 DBB2     		uxtb	r3, r3
 435 0196 0621     		movs	r1, #6
 436 0198 0B43     		orrs	r3, r1
 437 019a DBB2     		uxtb	r3, r3
 438 019c 1370     		strb	r3, [r2]
 439              	.LBE2:
 313:Generated_Source\PSoC4/cyfitter_cfg.c **** 	}
 314:Generated_Source\PSoC4/cyfitter_cfg.c **** 
 315:Generated_Source\PSoC4/cyfitter_cfg.c **** 	/* Perform second pass device configuration. These items must be configured in specific order afte
 316:Generated_Source\PSoC4/cyfitter_cfg.c **** 	/* IOPINS0_0 Starting address: CYDEV_GPIO_PRT0_BASE */
 317:Generated_Source\PSoC4/cyfitter_cfg.c **** 	CY_SET_REG32((void *)(CYDEV_GPIO_PRT0_BASE), 0x00000003u);
 440              		.loc 1 317 0
 441 019e 1D4B     		ldr	r3, .L13+40
 442 01a0 0322     		movs	r2, #3
 443 01a2 1A60     		str	r2, [r3]
 318:Generated_Source\PSoC4/cyfitter_cfg.c **** 	CY_SET_REG32((void *)(CYREG_GPIO_PRT0_PC), 0x00D80024u);
 444              		.loc 1 318 0
 445 01a4 1C4B     		ldr	r3, .L13+44
 446 01a6 1D4A     		ldr	r2, .L13+48
 447 01a8 1A60     		str	r2, [r3]
 319:Generated_Source\PSoC4/cyfitter_cfg.c **** 
 320:Generated_Source\PSoC4/cyfitter_cfg.c **** 	/* IOPINS0_1 Starting address: CYDEV_GPIO_PRT1_BASE */
 321:Generated_Source\PSoC4/cyfitter_cfg.c **** 	CY_SET_REG32((void *)(CYDEV_GPIO_PRT1_BASE), 0x00000020u);
 448              		.loc 1 321 0
 449 01aa 1D4B     		ldr	r3, .L13+52
 450 01ac 2022     		movs	r2, #32
 451 01ae 1A60     		str	r2, [r3]
 322:Generated_Source\PSoC4/cyfitter_cfg.c **** 	CY_SET_REG32((void *)(CYREG_GPIO_PRT1_PC), 0x00031000u);
 452              		.loc 1 322 0
 453 01b0 1C4B     		ldr	r3, .L13+56
 454 01b2 C422     		movs	r2, #196
 455 01b4 9202     		lsls	r2, r2, #10
 456 01b6 1A60     		str	r2, [r3]
 323:Generated_Source\PSoC4/cyfitter_cfg.c **** 	CY_SET_REG32((void *)(CYREG_GPIO_PRT1_PC2), 0x00000020u);
 457              		.loc 1 323 0
 458 01b8 1B4B     		ldr	r3, .L13+60
 459 01ba 2022     		movs	r2, #32
 460 01bc 1A60     		str	r2, [r3]
 324:Generated_Source\PSoC4/cyfitter_cfg.c **** 
 325:Generated_Source\PSoC4/cyfitter_cfg.c **** 	/* IOPINS0_2 Starting address: CYDEV_GPIO_PRT2_BASE */
 326:Generated_Source\PSoC4/cyfitter_cfg.c **** 	CY_SET_REG32((void *)(CYDEV_GPIO_PRT2_BASE), 0x00000040u);
 461              		.loc 1 326 0
 462 01be 1B4B     		ldr	r3, .L13+64
 463 01c0 4022     		movs	r2, #64
 464 01c2 1A60     		str	r2, [r3]
 327:Generated_Source\PSoC4/cyfitter_cfg.c **** 	CY_SET_REG32((void *)(CYREG_GPIO_PRT2_PC), 0x00100000u);
 465              		.loc 1 327 0
 466 01c4 1A4B     		ldr	r3, .L13+68
 467 01c6 8022     		movs	r2, #128
 468 01c8 5203     		lsls	r2, r2, #13
 469 01ca 1A60     		str	r2, [r3]
ARM GAS  C:\Users\BENAKA~1\AppData\Local\Temp\ccDOapv0.s 			page 15


 328:Generated_Source\PSoC4/cyfitter_cfg.c **** 
 329:Generated_Source\PSoC4/cyfitter_cfg.c **** 	/* IOPINS0_3 Starting address: CYDEV_GPIO_PRT3_BASE */
 330:Generated_Source\PSoC4/cyfitter_cfg.c **** 	CY_SET_REG32((void *)(CYDEV_GPIO_PRT3_BASE), 0x00000080u);
 470              		.loc 1 330 0
 471 01cc 194B     		ldr	r3, .L13+72
 472 01ce 8022     		movs	r2, #128
 473 01d0 1A60     		str	r2, [r3]
 331:Generated_Source\PSoC4/cyfitter_cfg.c **** 	CY_SET_REG32((void *)(CYREG_GPIO_PRT3_PC), 0x00800000u);
 474              		.loc 1 331 0
 475 01d2 194B     		ldr	r3, .L13+76
 476 01d4 8022     		movs	r2, #128
 477 01d6 1204     		lsls	r2, r2, #16
 478 01d8 1A60     		str	r2, [r3]
 332:Generated_Source\PSoC4/cyfitter_cfg.c **** 
 333:Generated_Source\PSoC4/cyfitter_cfg.c **** 
 334:Generated_Source\PSoC4/cyfitter_cfg.c **** 	/* Setup clocks based on selections from Clock DWR */
 335:Generated_Source\PSoC4/cyfitter_cfg.c **** 	ClockSetup();
 479              		.loc 1 335 0
 480 01da FFF711FF 		bl	ClockSetup
 336:Generated_Source\PSoC4/cyfitter_cfg.c **** 
 337:Generated_Source\PSoC4/cyfitter_cfg.c **** 	/* Perform basic analog initialization to defaults */
 338:Generated_Source\PSoC4/cyfitter_cfg.c **** 	AnalogSetDefault();
 481              		.loc 1 338 0
 482 01de FFF7FEFF 		bl	AnalogSetDefault
 339:Generated_Source\PSoC4/cyfitter_cfg.c **** 
 340:Generated_Source\PSoC4/cyfitter_cfg.c **** }
 483              		.loc 1 340 0
 484 01e2 C046     		nop
 485 01e4 BD46     		mov	sp, r7
 486 01e6 02B0     		add	sp, sp, #8
 487              		@ sp needed
 488 01e8 80BD     		pop	{r7, pc}
 489              	.L14:
 490 01ea C046     		.align	2
 491              	.L13:
 492 01ec 6CF02E40 		.word	1076818028
 493 01f0 00000000 		.word	cfg_memset_list.4893
 494 01f4 00000240 		.word	1073872896
 495 01f8 EE0000EE 		.word	-301989650
 496 01fc 00010240 		.word	1073873152
 497 0200 00500F40 		.word	1074745344
 498 0204 10500F40 		.word	1074745360
 499 0208 20500F40 		.word	1074745376
 500 020c 30500F40 		.word	1074745392
 501 0210 00700F40 		.word	1074753536
 502 0214 00000440 		.word	1074003968
 503 0218 08000440 		.word	1074003976
 504 021c 2400D800 		.word	14155812
 505 0220 00010440 		.word	1074004224
 506 0224 08010440 		.word	1074004232
 507 0228 18010440 		.word	1074004248
 508 022c 00020440 		.word	1074004480
 509 0230 08020440 		.word	1074004488
 510 0234 00030440 		.word	1074004736
 511 0238 08030440 		.word	1074004744
 512              		.cfi_endproc
 513              	.LFE7:
ARM GAS  C:\Users\BENAKA~1\AppData\Local\Temp\ccDOapv0.s 			page 16


 514              		.size	cyfitter_cfg, .-cyfitter_cfg
 515              		.section	.rodata
 516              		.align	2
 517              		.type	cfg_memset_list.4893, %object
 518              		.size	cfg_memset_list.4893, 12
 519              	cfg_memset_list.4893:
 520 0000 00300F40 		.word	1074737152
 521 0004 0004     		.short	1024
 522 0006 00400F40 		.4byte	1074741248
 523 000a 0004     		.short	1024
 524              		.text
 525              	.Letext0:
 526              		.file 2 "c:\\program files (x86)\\cypress\\psoc creator\\4.2\\psoc creator\\import\\gnu\\arm\\5.4.
 527              		.file 3 "Generated_Source\\PSoC4\\cytypes.h"
 528              		.section	.debug_info,"",%progbits
 529              	.Ldebug_info0:
 530 0000 55020000 		.4byte	0x255
 531 0004 0400     		.2byte	0x4
 532 0006 00000000 		.4byte	.Ldebug_abbrev0
 533 000a 04       		.byte	0x4
 534 000b 01       		.uleb128 0x1
 535 000c 39010000 		.4byte	.LASF30
 536 0010 0C       		.byte	0xc
 537 0011 77020000 		.4byte	.LASF31
 538 0015 61000000 		.4byte	.LASF32
 539 0019 00000000 		.4byte	.Ldebug_ranges0+0
 540 001d 00000000 		.4byte	0
 541 0021 00000000 		.4byte	.Ldebug_line0
 542 0025 02       		.uleb128 0x2
 543 0026 04       		.byte	0x4
 544 0027 05       		.byte	0x5
 545 0028 696E7400 		.ascii	"int\000"
 546 002c 03       		.uleb128 0x3
 547 002d 06000000 		.4byte	.LASF12
 548 0031 02       		.byte	0x2
 549 0032 D8       		.byte	0xd8
 550 0033 37000000 		.4byte	0x37
 551 0037 04       		.uleb128 0x4
 552 0038 04       		.byte	0x4
 553 0039 07       		.byte	0x7
 554 003a F7010000 		.4byte	.LASF0
 555 003e 04       		.uleb128 0x4
 556 003f 08       		.byte	0x8
 557 0040 05       		.byte	0x5
 558 0041 39020000 		.4byte	.LASF1
 559 0045 04       		.uleb128 0x4
 560 0046 08       		.byte	0x8
 561 0047 04       		.byte	0x4
 562 0048 5F020000 		.4byte	.LASF2
 563 004c 04       		.uleb128 0x4
 564 004d 01       		.byte	0x1
 565 004e 06       		.byte	0x6
 566 004f 6B020000 		.4byte	.LASF3
 567 0053 04       		.uleb128 0x4
 568 0054 01       		.byte	0x1
 569 0055 08       		.byte	0x8
 570 0056 C7010000 		.4byte	.LASF4
ARM GAS  C:\Users\BENAKA~1\AppData\Local\Temp\ccDOapv0.s 			page 17


 571 005a 04       		.uleb128 0x4
 572 005b 02       		.byte	0x2
 573 005c 05       		.byte	0x5
 574 005d 4C020000 		.4byte	.LASF5
 575 0061 04       		.uleb128 0x4
 576 0062 02       		.byte	0x2
 577 0063 07       		.byte	0x7
 578 0064 39000000 		.4byte	.LASF6
 579 0068 04       		.uleb128 0x4
 580 0069 04       		.byte	0x4
 581 006a 05       		.byte	0x5
 582 006b 56020000 		.4byte	.LASF7
 583 006f 04       		.uleb128 0x4
 584 0070 04       		.byte	0x4
 585 0071 07       		.byte	0x7
 586 0072 17010000 		.4byte	.LASF8
 587 0076 04       		.uleb128 0x4
 588 0077 08       		.byte	0x8
 589 0078 07       		.byte	0x7
 590 0079 0C020000 		.4byte	.LASF9
 591 007d 04       		.uleb128 0x4
 592 007e 04       		.byte	0x4
 593 007f 07       		.byte	0x7
 594 0080 30020000 		.4byte	.LASF10
 595 0084 05       		.uleb128 0x5
 596 0085 04       		.byte	0x4
 597 0086 04       		.uleb128 0x4
 598 0087 01       		.byte	0x1
 599 0088 08       		.byte	0x8
 600 0089 47020000 		.4byte	.LASF11
 601 008d 06       		.uleb128 0x6
 602 008e 29010000 		.4byte	.LASF13
 603 0092 03       		.byte	0x3
 604 0093 E401     		.2byte	0x1e4
 605 0095 53000000 		.4byte	0x53
 606 0099 06       		.uleb128 0x6
 607 009a E9010000 		.4byte	.LASF14
 608 009e 03       		.byte	0x3
 609 009f E501     		.2byte	0x1e5
 610 00a1 61000000 		.4byte	0x61
 611 00a5 06       		.uleb128 0x6
 612 00a6 F0010000 		.4byte	.LASF15
 613 00aa 03       		.byte	0x3
 614 00ab E601     		.2byte	0x1e6
 615 00ad 6F000000 		.4byte	0x6f
 616 00b1 04       		.uleb128 0x4
 617 00b2 04       		.byte	0x4
 618 00b3 04       		.byte	0x4
 619 00b4 4C000000 		.4byte	.LASF16
 620 00b8 04       		.uleb128 0x4
 621 00b9 08       		.byte	0x8
 622 00ba 04       		.byte	0x4
 623 00bb D5010000 		.4byte	.LASF17
 624 00bf 06       		.uleb128 0x6
 625 00c0 5C000000 		.4byte	.LASF18
 626 00c4 03       		.byte	0x3
 627 00c5 8E02     		.2byte	0x28e
ARM GAS  C:\Users\BENAKA~1\AppData\Local\Temp\ccDOapv0.s 			page 18


 628 00c7 CB000000 		.4byte	0xcb
 629 00cb 07       		.uleb128 0x7
 630 00cc 8D000000 		.4byte	0x8d
 631 00d0 06       		.uleb128 0x6
 632 00d1 00000000 		.4byte	.LASF19
 633 00d5 03       		.byte	0x3
 634 00d6 9002     		.2byte	0x290
 635 00d8 DC000000 		.4byte	0xdc
 636 00dc 07       		.uleb128 0x7
 637 00dd A5000000 		.4byte	0xa5
 638 00e1 08       		.uleb128 0x8
 639 00e2 2F010000 		.4byte	.LASF20
 640 00e6 01       		.byte	0x1
 641 00e7 4A       		.byte	0x4a
 642 00e8 00000000 		.4byte	.LFB2
 643 00ec 1E000000 		.4byte	.LFE2-.LFB2
 644 00f0 01       		.uleb128 0x1
 645 00f1 9C       		.byte	0x9c
 646 00f2 0F010000 		.4byte	0x10f
 647 00f6 09       		.uleb128 0x9
 648 00f7 7300     		.ascii	"s\000"
 649 00f9 01       		.byte	0x1
 650 00fa 4A       		.byte	0x4a
 651 00fb 84000000 		.4byte	0x84
 652 00ff 02       		.uleb128 0x2
 653 0100 91       		.byte	0x91
 654 0101 74       		.sleb128 -12
 655 0102 09       		.uleb128 0x9
 656 0103 6E00     		.ascii	"n\000"
 657 0105 01       		.byte	0x1
 658 0106 4A       		.byte	0x4a
 659 0107 2C000000 		.4byte	0x2c
 660 010b 02       		.uleb128 0x2
 661 010c 91       		.byte	0x91
 662 010d 70       		.sleb128 -16
 663 010e 00       		.byte	0
 664 010f 08       		.uleb128 0x8
 665 0110 AD020000 		.4byte	.LASF21
 666 0114 01       		.byte	0x1
 667 0115 51       		.byte	0x51
 668 0116 00000000 		.4byte	.LFB3
 669 011a 20000000 		.4byte	.LFE3-.LFB3
 670 011e 01       		.uleb128 0x1
 671 011f 9C       		.byte	0x9c
 672 0120 4D010000 		.4byte	0x14d
 673 0124 0A       		.uleb128 0xa
 674 0125 52000000 		.4byte	.LASF22
 675 0129 01       		.byte	0x1
 676 012a 51       		.byte	0x51
 677 012b 84000000 		.4byte	0x84
 678 012f 02       		.uleb128 0x2
 679 0130 91       		.byte	0x91
 680 0131 74       		.sleb128 -12
 681 0132 09       		.uleb128 0x9
 682 0133 73726300 		.ascii	"src\000"
 683 0137 01       		.byte	0x1
 684 0138 51       		.byte	0x51
ARM GAS  C:\Users\BENAKA~1\AppData\Local\Temp\ccDOapv0.s 			page 19


 685 0139 4D010000 		.4byte	0x14d
 686 013d 02       		.uleb128 0x2
 687 013e 91       		.byte	0x91
 688 013f 70       		.sleb128 -16
 689 0140 09       		.uleb128 0x9
 690 0141 6E00     		.ascii	"n\000"
 691 0143 01       		.byte	0x1
 692 0144 51       		.byte	0x51
 693 0145 2C000000 		.4byte	0x2c
 694 0149 02       		.uleb128 0x2
 695 014a 91       		.byte	0x91
 696 014b 6C       		.sleb128 -20
 697 014c 00       		.byte	0
 698 014d 0B       		.uleb128 0xb
 699 014e 04       		.byte	0x4
 700 014f 53010000 		.4byte	0x153
 701 0153 0C       		.uleb128 0xc
 702 0154 08       		.uleb128 0x8
 703 0155 9D020000 		.4byte	.LASF23
 704 0159 01       		.byte	0x1
 705 015a 58       		.byte	0x58
 706 015b 00000000 		.4byte	.LFB4
 707 015f 20000000 		.4byte	.LFE4-.LFB4
 708 0163 01       		.uleb128 0x1
 709 0164 9C       		.byte	0x9c
 710 0165 92010000 		.4byte	0x192
 711 0169 0A       		.uleb128 0xa
 712 016a 52000000 		.4byte	.LASF22
 713 016e 01       		.byte	0x1
 714 016f 58       		.byte	0x58
 715 0170 84000000 		.4byte	0x84
 716 0174 02       		.uleb128 0x2
 717 0175 91       		.byte	0x91
 718 0176 74       		.sleb128 -12
 719 0177 09       		.uleb128 0x9
 720 0178 73726300 		.ascii	"src\000"
 721 017c 01       		.byte	0x1
 722 017d 58       		.byte	0x58
 723 017e 4D010000 		.4byte	0x14d
 724 0182 02       		.uleb128 0x2
 725 0183 91       		.byte	0x91
 726 0184 70       		.sleb128 -16
 727 0185 09       		.uleb128 0x9
 728 0186 6E00     		.ascii	"n\000"
 729 0188 01       		.byte	0x1
 730 0189 58       		.byte	0x58
 731 018a 2C000000 		.4byte	0x2c
 732 018e 02       		.uleb128 0x2
 733 018f 91       		.byte	0x91
 734 0190 6C       		.sleb128 -20
 735 0191 00       		.byte	0
 736 0192 0D       		.uleb128 0xd
 737 0193 2E000000 		.4byte	.LASF24
 738 0197 01       		.byte	0x1
 739 0198 A7       		.byte	0xa7
 740 0199 00000000 		.4byte	.LFB5
 741 019d FC000000 		.4byte	.LFE5-.LFB5
ARM GAS  C:\Users\BENAKA~1\AppData\Local\Temp\ccDOapv0.s 			page 20


 742 01a1 01       		.uleb128 0x1
 743 01a2 9C       		.byte	0x9c
 744 01a3 0E       		.uleb128 0xe
 745 01a4 0D000000 		.4byte	.LASF25
 746 01a8 01       		.byte	0x1
 747 01a9 EF       		.byte	0xef
 748 01aa 00000000 		.4byte	.LFB6
 749 01ae 28000000 		.4byte	.LFE6-.LFB6
 750 01b2 01       		.uleb128 0x1
 751 01b3 9C       		.byte	0x9c
 752 01b4 0F       		.uleb128 0xf
 753 01b5 DC010000 		.4byte	.LASF33
 754 01b9 01       		.byte	0x1
 755 01ba 0A01     		.2byte	0x10a
 756 01bc FC000000 		.4byte	.LFB7
 757 01c0 40010000 		.4byte	.LFE7-.LFB7
 758 01c4 01       		.uleb128 0x1
 759 01c5 9C       		.byte	0x9c
 760 01c6 10       		.uleb128 0x10
 761 01c7 0A010000 		.4byte	.LBB2
 762 01cb 94000000 		.4byte	.LBE2-.LBB2
 763 01cf 11       		.uleb128 0x11
 764 01d0 06       		.byte	0x6
 765 01d1 01       		.byte	0x1
 766 01d2 1301     		.2byte	0x113
 767 01d4 F3010000 		.4byte	0x1f3
 768 01d8 12       		.uleb128 0x12
 769 01d9 04020000 		.4byte	.LASF26
 770 01dd 01       		.byte	0x1
 771 01de 1401     		.2byte	0x114
 772 01e0 84000000 		.4byte	0x84
 773 01e4 00       		.byte	0
 774 01e5 12       		.uleb128 0x12
 775 01e6 57000000 		.4byte	.LASF27
 776 01ea 01       		.byte	0x1
 777 01eb 1501     		.2byte	0x115
 778 01ed 99000000 		.4byte	0x99
 779 01f1 04       		.byte	0x4
 780 01f2 00       		.byte	0
 781 01f3 06       		.uleb128 0x6
 782 01f4 23020000 		.4byte	.LASF28
 783 01f8 01       		.byte	0x1
 784 01f9 1601     		.2byte	0x116
 785 01fb CF010000 		.4byte	0x1cf
 786 01ff 13       		.uleb128 0x13
 787 0200 0F020000 		.4byte	0x20f
 788 0204 0F020000 		.4byte	0x20f
 789 0208 14       		.uleb128 0x14
 790 0209 7D000000 		.4byte	0x7d
 791 020d 01       		.byte	0x1
 792 020e 00       		.byte	0
 793 020f 15       		.uleb128 0x15
 794 0210 F3010000 		.4byte	0x1f3
 795 0214 16       		.uleb128 0x16
 796 0215 1E000000 		.4byte	.LASF29
 797 0219 01       		.byte	0x1
 798 021a 1801     		.2byte	0x118
ARM GAS  C:\Users\BENAKA~1\AppData\Local\Temp\ccDOapv0.s 			page 21


 799 021c 26020000 		.4byte	0x226
 800 0220 05       		.uleb128 0x5
 801 0221 03       		.byte	0x3
 802 0222 00000000 		.4byte	cfg_memset_list.4893
 803 0226 15       		.uleb128 0x15
 804 0227 FF010000 		.4byte	0x1ff
 805 022b 17       		.uleb128 0x17
 806 022c 6900     		.ascii	"i\000"
 807 022e 01       		.byte	0x1
 808 022f 1E01     		.2byte	0x11e
 809 0231 8D000000 		.4byte	0x8d
 810 0235 02       		.uleb128 0x2
 811 0236 91       		.byte	0x91
 812 0237 77       		.sleb128 -9
 813 0238 10       		.uleb128 0x10
 814 0239 12010000 		.4byte	.LBB3
 815 023d 3C000000 		.4byte	.LBE3-.LBB3
 816 0241 17       		.uleb128 0x17
 817 0242 6D7300   		.ascii	"ms\000"
 818 0245 01       		.byte	0x1
 819 0246 2301     		.2byte	0x123
 820 0248 4F020000 		.4byte	0x24f
 821 024c 02       		.uleb128 0x2
 822 024d 91       		.byte	0x91
 823 024e 70       		.sleb128 -16
 824 024f 0B       		.uleb128 0xb
 825 0250 04       		.byte	0x4
 826 0251 0F020000 		.4byte	0x20f
 827 0255 00       		.byte	0
 828 0256 00       		.byte	0
 829 0257 00       		.byte	0
 830 0258 00       		.byte	0
 831              		.section	.debug_abbrev,"",%progbits
 832              	.Ldebug_abbrev0:
 833 0000 01       		.uleb128 0x1
 834 0001 11       		.uleb128 0x11
 835 0002 01       		.byte	0x1
 836 0003 25       		.uleb128 0x25
 837 0004 0E       		.uleb128 0xe
 838 0005 13       		.uleb128 0x13
 839 0006 0B       		.uleb128 0xb
 840 0007 03       		.uleb128 0x3
 841 0008 0E       		.uleb128 0xe
 842 0009 1B       		.uleb128 0x1b
 843 000a 0E       		.uleb128 0xe
 844 000b 55       		.uleb128 0x55
 845 000c 17       		.uleb128 0x17
 846 000d 11       		.uleb128 0x11
 847 000e 01       		.uleb128 0x1
 848 000f 10       		.uleb128 0x10
 849 0010 17       		.uleb128 0x17
 850 0011 00       		.byte	0
 851 0012 00       		.byte	0
 852 0013 02       		.uleb128 0x2
 853 0014 24       		.uleb128 0x24
 854 0015 00       		.byte	0
 855 0016 0B       		.uleb128 0xb
ARM GAS  C:\Users\BENAKA~1\AppData\Local\Temp\ccDOapv0.s 			page 22


 856 0017 0B       		.uleb128 0xb
 857 0018 3E       		.uleb128 0x3e
 858 0019 0B       		.uleb128 0xb
 859 001a 03       		.uleb128 0x3
 860 001b 08       		.uleb128 0x8
 861 001c 00       		.byte	0
 862 001d 00       		.byte	0
 863 001e 03       		.uleb128 0x3
 864 001f 16       		.uleb128 0x16
 865 0020 00       		.byte	0
 866 0021 03       		.uleb128 0x3
 867 0022 0E       		.uleb128 0xe
 868 0023 3A       		.uleb128 0x3a
 869 0024 0B       		.uleb128 0xb
 870 0025 3B       		.uleb128 0x3b
 871 0026 0B       		.uleb128 0xb
 872 0027 49       		.uleb128 0x49
 873 0028 13       		.uleb128 0x13
 874 0029 00       		.byte	0
 875 002a 00       		.byte	0
 876 002b 04       		.uleb128 0x4
 877 002c 24       		.uleb128 0x24
 878 002d 00       		.byte	0
 879 002e 0B       		.uleb128 0xb
 880 002f 0B       		.uleb128 0xb
 881 0030 3E       		.uleb128 0x3e
 882 0031 0B       		.uleb128 0xb
 883 0032 03       		.uleb128 0x3
 884 0033 0E       		.uleb128 0xe
 885 0034 00       		.byte	0
 886 0035 00       		.byte	0
 887 0036 05       		.uleb128 0x5
 888 0037 0F       		.uleb128 0xf
 889 0038 00       		.byte	0
 890 0039 0B       		.uleb128 0xb
 891 003a 0B       		.uleb128 0xb
 892 003b 00       		.byte	0
 893 003c 00       		.byte	0
 894 003d 06       		.uleb128 0x6
 895 003e 16       		.uleb128 0x16
 896 003f 00       		.byte	0
 897 0040 03       		.uleb128 0x3
 898 0041 0E       		.uleb128 0xe
 899 0042 3A       		.uleb128 0x3a
 900 0043 0B       		.uleb128 0xb
 901 0044 3B       		.uleb128 0x3b
 902 0045 05       		.uleb128 0x5
 903 0046 49       		.uleb128 0x49
 904 0047 13       		.uleb128 0x13
 905 0048 00       		.byte	0
 906 0049 00       		.byte	0
 907 004a 07       		.uleb128 0x7
 908 004b 35       		.uleb128 0x35
 909 004c 00       		.byte	0
 910 004d 49       		.uleb128 0x49
 911 004e 13       		.uleb128 0x13
 912 004f 00       		.byte	0
ARM GAS  C:\Users\BENAKA~1\AppData\Local\Temp\ccDOapv0.s 			page 23


 913 0050 00       		.byte	0
 914 0051 08       		.uleb128 0x8
 915 0052 2E       		.uleb128 0x2e
 916 0053 01       		.byte	0x1
 917 0054 03       		.uleb128 0x3
 918 0055 0E       		.uleb128 0xe
 919 0056 3A       		.uleb128 0x3a
 920 0057 0B       		.uleb128 0xb
 921 0058 3B       		.uleb128 0x3b
 922 0059 0B       		.uleb128 0xb
 923 005a 27       		.uleb128 0x27
 924 005b 19       		.uleb128 0x19
 925 005c 11       		.uleb128 0x11
 926 005d 01       		.uleb128 0x1
 927 005e 12       		.uleb128 0x12
 928 005f 06       		.uleb128 0x6
 929 0060 40       		.uleb128 0x40
 930 0061 18       		.uleb128 0x18
 931 0062 9642     		.uleb128 0x2116
 932 0064 19       		.uleb128 0x19
 933 0065 01       		.uleb128 0x1
 934 0066 13       		.uleb128 0x13
 935 0067 00       		.byte	0
 936 0068 00       		.byte	0
 937 0069 09       		.uleb128 0x9
 938 006a 05       		.uleb128 0x5
 939 006b 00       		.byte	0
 940 006c 03       		.uleb128 0x3
 941 006d 08       		.uleb128 0x8
 942 006e 3A       		.uleb128 0x3a
 943 006f 0B       		.uleb128 0xb
 944 0070 3B       		.uleb128 0x3b
 945 0071 0B       		.uleb128 0xb
 946 0072 49       		.uleb128 0x49
 947 0073 13       		.uleb128 0x13
 948 0074 02       		.uleb128 0x2
 949 0075 18       		.uleb128 0x18
 950 0076 00       		.byte	0
 951 0077 00       		.byte	0
 952 0078 0A       		.uleb128 0xa
 953 0079 05       		.uleb128 0x5
 954 007a 00       		.byte	0
 955 007b 03       		.uleb128 0x3
 956 007c 0E       		.uleb128 0xe
 957 007d 3A       		.uleb128 0x3a
 958 007e 0B       		.uleb128 0xb
 959 007f 3B       		.uleb128 0x3b
 960 0080 0B       		.uleb128 0xb
 961 0081 49       		.uleb128 0x49
 962 0082 13       		.uleb128 0x13
 963 0083 02       		.uleb128 0x2
 964 0084 18       		.uleb128 0x18
 965 0085 00       		.byte	0
 966 0086 00       		.byte	0
 967 0087 0B       		.uleb128 0xb
 968 0088 0F       		.uleb128 0xf
 969 0089 00       		.byte	0
ARM GAS  C:\Users\BENAKA~1\AppData\Local\Temp\ccDOapv0.s 			page 24


 970 008a 0B       		.uleb128 0xb
 971 008b 0B       		.uleb128 0xb
 972 008c 49       		.uleb128 0x49
 973 008d 13       		.uleb128 0x13
 974 008e 00       		.byte	0
 975 008f 00       		.byte	0
 976 0090 0C       		.uleb128 0xc
 977 0091 26       		.uleb128 0x26
 978 0092 00       		.byte	0
 979 0093 00       		.byte	0
 980 0094 00       		.byte	0
 981 0095 0D       		.uleb128 0xd
 982 0096 2E       		.uleb128 0x2e
 983 0097 00       		.byte	0
 984 0098 03       		.uleb128 0x3
 985 0099 0E       		.uleb128 0xe
 986 009a 3A       		.uleb128 0x3a
 987 009b 0B       		.uleb128 0xb
 988 009c 3B       		.uleb128 0x3b
 989 009d 0B       		.uleb128 0xb
 990 009e 27       		.uleb128 0x27
 991 009f 19       		.uleb128 0x19
 992 00a0 11       		.uleb128 0x11
 993 00a1 01       		.uleb128 0x1
 994 00a2 12       		.uleb128 0x12
 995 00a3 06       		.uleb128 0x6
 996 00a4 40       		.uleb128 0x40
 997 00a5 18       		.uleb128 0x18
 998 00a6 9642     		.uleb128 0x2116
 999 00a8 19       		.uleb128 0x19
 1000 00a9 00       		.byte	0
 1001 00aa 00       		.byte	0
 1002 00ab 0E       		.uleb128 0xe
 1003 00ac 2E       		.uleb128 0x2e
 1004 00ad 00       		.byte	0
 1005 00ae 03       		.uleb128 0x3
 1006 00af 0E       		.uleb128 0xe
 1007 00b0 3A       		.uleb128 0x3a
 1008 00b1 0B       		.uleb128 0xb
 1009 00b2 3B       		.uleb128 0x3b
 1010 00b3 0B       		.uleb128 0xb
 1011 00b4 27       		.uleb128 0x27
 1012 00b5 19       		.uleb128 0x19
 1013 00b6 11       		.uleb128 0x11
 1014 00b7 01       		.uleb128 0x1
 1015 00b8 12       		.uleb128 0x12
 1016 00b9 06       		.uleb128 0x6
 1017 00ba 40       		.uleb128 0x40
 1018 00bb 18       		.uleb128 0x18
 1019 00bc 9742     		.uleb128 0x2117
 1020 00be 19       		.uleb128 0x19
 1021 00bf 00       		.byte	0
 1022 00c0 00       		.byte	0
 1023 00c1 0F       		.uleb128 0xf
 1024 00c2 2E       		.uleb128 0x2e
 1025 00c3 01       		.byte	0x1
 1026 00c4 3F       		.uleb128 0x3f
ARM GAS  C:\Users\BENAKA~1\AppData\Local\Temp\ccDOapv0.s 			page 25


 1027 00c5 19       		.uleb128 0x19
 1028 00c6 03       		.uleb128 0x3
 1029 00c7 0E       		.uleb128 0xe
 1030 00c8 3A       		.uleb128 0x3a
 1031 00c9 0B       		.uleb128 0xb
 1032 00ca 3B       		.uleb128 0x3b
 1033 00cb 05       		.uleb128 0x5
 1034 00cc 27       		.uleb128 0x27
 1035 00cd 19       		.uleb128 0x19
 1036 00ce 11       		.uleb128 0x11
 1037 00cf 01       		.uleb128 0x1
 1038 00d0 12       		.uleb128 0x12
 1039 00d1 06       		.uleb128 0x6
 1040 00d2 40       		.uleb128 0x40
 1041 00d3 18       		.uleb128 0x18
 1042 00d4 9642     		.uleb128 0x2116
 1043 00d6 19       		.uleb128 0x19
 1044 00d7 00       		.byte	0
 1045 00d8 00       		.byte	0
 1046 00d9 10       		.uleb128 0x10
 1047 00da 0B       		.uleb128 0xb
 1048 00db 01       		.byte	0x1
 1049 00dc 11       		.uleb128 0x11
 1050 00dd 01       		.uleb128 0x1
 1051 00de 12       		.uleb128 0x12
 1052 00df 06       		.uleb128 0x6
 1053 00e0 00       		.byte	0
 1054 00e1 00       		.byte	0
 1055 00e2 11       		.uleb128 0x11
 1056 00e3 13       		.uleb128 0x13
 1057 00e4 01       		.byte	0x1
 1058 00e5 0B       		.uleb128 0xb
 1059 00e6 0B       		.uleb128 0xb
 1060 00e7 3A       		.uleb128 0x3a
 1061 00e8 0B       		.uleb128 0xb
 1062 00e9 3B       		.uleb128 0x3b
 1063 00ea 05       		.uleb128 0x5
 1064 00eb 01       		.uleb128 0x1
 1065 00ec 13       		.uleb128 0x13
 1066 00ed 00       		.byte	0
 1067 00ee 00       		.byte	0
 1068 00ef 12       		.uleb128 0x12
 1069 00f0 0D       		.uleb128 0xd
 1070 00f1 00       		.byte	0
 1071 00f2 03       		.uleb128 0x3
 1072 00f3 0E       		.uleb128 0xe
 1073 00f4 3A       		.uleb128 0x3a
 1074 00f5 0B       		.uleb128 0xb
 1075 00f6 3B       		.uleb128 0x3b
 1076 00f7 05       		.uleb128 0x5
 1077 00f8 49       		.uleb128 0x49
 1078 00f9 13       		.uleb128 0x13
 1079 00fa 38       		.uleb128 0x38
 1080 00fb 0B       		.uleb128 0xb
 1081 00fc 00       		.byte	0
 1082 00fd 00       		.byte	0
 1083 00fe 13       		.uleb128 0x13
ARM GAS  C:\Users\BENAKA~1\AppData\Local\Temp\ccDOapv0.s 			page 26


 1084 00ff 01       		.uleb128 0x1
 1085 0100 01       		.byte	0x1
 1086 0101 49       		.uleb128 0x49
 1087 0102 13       		.uleb128 0x13
 1088 0103 01       		.uleb128 0x1
 1089 0104 13       		.uleb128 0x13
 1090 0105 00       		.byte	0
 1091 0106 00       		.byte	0
 1092 0107 14       		.uleb128 0x14
 1093 0108 21       		.uleb128 0x21
 1094 0109 00       		.byte	0
 1095 010a 49       		.uleb128 0x49
 1096 010b 13       		.uleb128 0x13
 1097 010c 2F       		.uleb128 0x2f
 1098 010d 0B       		.uleb128 0xb
 1099 010e 00       		.byte	0
 1100 010f 00       		.byte	0
 1101 0110 15       		.uleb128 0x15
 1102 0111 26       		.uleb128 0x26
 1103 0112 00       		.byte	0
 1104 0113 49       		.uleb128 0x49
 1105 0114 13       		.uleb128 0x13
 1106 0115 00       		.byte	0
 1107 0116 00       		.byte	0
 1108 0117 16       		.uleb128 0x16
 1109 0118 34       		.uleb128 0x34
 1110 0119 00       		.byte	0
 1111 011a 03       		.uleb128 0x3
 1112 011b 0E       		.uleb128 0xe
 1113 011c 3A       		.uleb128 0x3a
 1114 011d 0B       		.uleb128 0xb
 1115 011e 3B       		.uleb128 0x3b
 1116 011f 05       		.uleb128 0x5
 1117 0120 49       		.uleb128 0x49
 1118 0121 13       		.uleb128 0x13
 1119 0122 02       		.uleb128 0x2
 1120 0123 18       		.uleb128 0x18
 1121 0124 00       		.byte	0
 1122 0125 00       		.byte	0
 1123 0126 17       		.uleb128 0x17
 1124 0127 34       		.uleb128 0x34
 1125 0128 00       		.byte	0
 1126 0129 03       		.uleb128 0x3
 1127 012a 08       		.uleb128 0x8
 1128 012b 3A       		.uleb128 0x3a
 1129 012c 0B       		.uleb128 0xb
 1130 012d 3B       		.uleb128 0x3b
 1131 012e 05       		.uleb128 0x5
 1132 012f 49       		.uleb128 0x49
 1133 0130 13       		.uleb128 0x13
 1134 0131 02       		.uleb128 0x2
 1135 0132 18       		.uleb128 0x18
 1136 0133 00       		.byte	0
 1137 0134 00       		.byte	0
 1138 0135 00       		.byte	0
 1139              		.section	.debug_aranges,"",%progbits
 1140 0000 44000000 		.4byte	0x44
ARM GAS  C:\Users\BENAKA~1\AppData\Local\Temp\ccDOapv0.s 			page 27


 1141 0004 0200     		.2byte	0x2
 1142 0006 00000000 		.4byte	.Ldebug_info0
 1143 000a 04       		.byte	0x4
 1144 000b 00       		.byte	0
 1145 000c 0000     		.2byte	0
 1146 000e 0000     		.2byte	0
 1147 0010 00000000 		.4byte	.LFB2
 1148 0014 1E000000 		.4byte	.LFE2-.LFB2
 1149 0018 00000000 		.4byte	.LFB3
 1150 001c 20000000 		.4byte	.LFE3-.LFB3
 1151 0020 00000000 		.4byte	.LFB4
 1152 0024 20000000 		.4byte	.LFE4-.LFB4
 1153 0028 00000000 		.4byte	.LFB5
 1154 002c FC000000 		.4byte	.LFE5-.LFB5
 1155 0030 00000000 		.4byte	.LFB6
 1156 0034 28000000 		.4byte	.LFE6-.LFB6
 1157 0038 FC000000 		.4byte	.LFB7
 1158 003c 40010000 		.4byte	.LFE7-.LFB7
 1159 0040 00000000 		.4byte	0
 1160 0044 00000000 		.4byte	0
 1161              		.section	.debug_ranges,"",%progbits
 1162              	.Ldebug_ranges0:
 1163 0000 00000000 		.4byte	.LFB2
 1164 0004 1E000000 		.4byte	.LFE2
 1165 0008 00000000 		.4byte	.LFB3
 1166 000c 20000000 		.4byte	.LFE3
 1167 0010 00000000 		.4byte	.LFB4
 1168 0014 20000000 		.4byte	.LFE4
 1169 0018 00000000 		.4byte	.LFB5
 1170 001c FC000000 		.4byte	.LFE5
 1171 0020 00000000 		.4byte	.LFB6
 1172 0024 28000000 		.4byte	.LFE6
 1173 0028 FC000000 		.4byte	.LFB7
 1174 002c 3C020000 		.4byte	.LFE7
 1175 0030 00000000 		.4byte	0
 1176 0034 00000000 		.4byte	0
 1177              		.section	.debug_line,"",%progbits
 1178              	.Ldebug_line0:
 1179 0000 76010000 		.section	.debug_str,"MS",%progbits,1
 1179      0200CB00 
 1179      00000201 
 1179      FB0E0D00 
 1179      01010101 
 1180              	.LASF19:
 1181 0000 72656733 		.ascii	"reg32\000"
 1181      3200
 1182              	.LASF12:
 1183 0006 73697A65 		.ascii	"size_t\000"
 1183      5F7400
 1184              	.LASF25:
 1185 000d 416E616C 		.ascii	"AnalogSetDefault\000"
 1185      6F675365 
 1185      74446566 
 1185      61756C74 
 1185      00
 1186              	.LASF29:
 1187 001e 6366675F 		.ascii	"cfg_memset_list\000"
ARM GAS  C:\Users\BENAKA~1\AppData\Local\Temp\ccDOapv0.s 			page 28


 1187      6D656D73 
 1187      65745F6C 
 1187      69737400 
 1188              	.LASF24:
 1189 002e 436C6F63 		.ascii	"ClockSetup\000"
 1189      6B536574 
 1189      757000
 1190              	.LASF6:
 1191 0039 73686F72 		.ascii	"short unsigned int\000"
 1191      7420756E 
 1191      7369676E 
 1191      65642069 
 1191      6E7400
 1192              	.LASF16:
 1193 004c 666C6F61 		.ascii	"float\000"
 1193      7400
 1194              	.LASF22:
 1195 0052 64657374 		.ascii	"dest\000"
 1195      00
 1196              	.LASF27:
 1197 0057 73697A65 		.ascii	"size\000"
 1197      00
 1198              	.LASF18:
 1199 005c 72656738 		.ascii	"reg8\000"
 1199      00
 1200              	.LASF32:
 1201 0061 433A5C55 		.ascii	"C:\\Users\\Benakapoi\\Downloads\\PSoC-4-BLE-master\\"
 1201      73657273 
 1201      5C42656E 
 1201      616B6170 
 1201      6F695C44 
 1202 0090 50536F43 		.ascii	"PSoC-4-BLE-master\\100_Projects_in_100_Days\\Day020"
 1202      2D342D42 
 1202      4C452D6D 
 1202      61737465 
 1202      725C3130 
 1203 00c1 5F424C45 		.ascii	"_BLE_UART\\UART_to_BLE_central\\Archive\\2\\UART_to"
 1203      5F554152 
 1203      545C5541 
 1203      52545F74 
 1203      6F5F424C 
 1204 00f0 5F424C45 		.ascii	"_BLE_central\\UART_to_BLE_central.cydsn\000"
 1204      5F63656E 
 1204      7472616C 
 1204      5C554152 
 1204      545F746F 
 1205              	.LASF8:
 1206 0117 6C6F6E67 		.ascii	"long unsigned int\000"
 1206      20756E73 
 1206      69676E65 
 1206      6420696E 
 1206      7400
 1207              	.LASF13:
 1208 0129 75696E74 		.ascii	"uint8\000"
 1208      3800
 1209              	.LASF20:
 1210 012f 43594D45 		.ascii	"CYMEMZERO\000"
ARM GAS  C:\Users\BENAKA~1\AppData\Local\Temp\ccDOapv0.s 			page 29


 1210      4D5A4552 
 1210      4F00
 1211              	.LASF30:
 1212 0139 474E5520 		.ascii	"GNU C11 5.4.1 20160609 (release) [ARM/embedded-5-br"
 1212      43313120 
 1212      352E342E 
 1212      31203230 
 1212      31363036 
 1213 016c 616E6368 		.ascii	"anch revision 237715] -mcpu=cortex-m0 -mthumb -g -O"
 1213      20726576 
 1213      6973696F 
 1213      6E203233 
 1213      37373135 
 1214 019f 30202D66 		.ascii	"0 -ffunction-sections -ffat-lto-objects\000"
 1214      66756E63 
 1214      74696F6E 
 1214      2D736563 
 1214      74696F6E 
 1215              	.LASF4:
 1216 01c7 756E7369 		.ascii	"unsigned char\000"
 1216      676E6564 
 1216      20636861 
 1216      7200
 1217              	.LASF17:
 1218 01d5 646F7562 		.ascii	"double\000"
 1218      6C6500
 1219              	.LASF33:
 1220 01dc 63796669 		.ascii	"cyfitter_cfg\000"
 1220      74746572 
 1220      5F636667 
 1220      00
 1221              	.LASF14:
 1222 01e9 75696E74 		.ascii	"uint16\000"
 1222      313600
 1223              	.LASF15:
 1224 01f0 75696E74 		.ascii	"uint32\000"
 1224      333200
 1225              	.LASF0:
 1226 01f7 756E7369 		.ascii	"unsigned int\000"
 1226      676E6564 
 1226      20696E74 
 1226      00
 1227              	.LASF26:
 1228 0204 61646472 		.ascii	"address\000"
 1228      65737300 
 1229              	.LASF9:
 1230 020c 6C6F6E67 		.ascii	"long long unsigned int\000"
 1230      206C6F6E 
 1230      6720756E 
 1230      7369676E 
 1230      65642069 
 1231              	.LASF28:
 1232 0223 6366675F 		.ascii	"cfg_memset_t\000"
 1232      6D656D73 
 1232      65745F74 
 1232      00
 1233              	.LASF10:
ARM GAS  C:\Users\BENAKA~1\AppData\Local\Temp\ccDOapv0.s 			page 30


 1234 0230 73697A65 		.ascii	"sizetype\000"
 1234      74797065 
 1234      00
 1235              	.LASF1:
 1236 0239 6C6F6E67 		.ascii	"long long int\000"
 1236      206C6F6E 
 1236      6720696E 
 1236      7400
 1237              	.LASF11:
 1238 0247 63686172 		.ascii	"char\000"
 1238      00
 1239              	.LASF5:
 1240 024c 73686F72 		.ascii	"short int\000"
 1240      7420696E 
 1240      7400
 1241              	.LASF7:
 1242 0256 6C6F6E67 		.ascii	"long int\000"
 1242      20696E74 
 1242      00
 1243              	.LASF2:
 1244 025f 6C6F6E67 		.ascii	"long double\000"
 1244      20646F75 
 1244      626C6500 
 1245              	.LASF3:
 1246 026b 7369676E 		.ascii	"signed char\000"
 1246      65642063 
 1246      68617200 
 1247              	.LASF31:
 1248 0277 47656E65 		.ascii	"Generated_Source\\PSoC4\\cyfitter_cfg.c\000"
 1248      72617465 
 1248      645F536F 
 1248      75726365 
 1248      5C50536F 
 1249              	.LASF23:
 1250 029d 4359434F 		.ascii	"CYCONFIGCPYCODE\000"
 1250      4E464947 
 1250      43505943 
 1250      4F444500 
 1251              	.LASF21:
 1252 02ad 4359434F 		.ascii	"CYCONFIGCPY\000"
 1252      4E464947 
 1252      43505900 
 1253              		.ident	"GCC: (GNU Tools for ARM Embedded Processors) 5.4.1 20160609 (release) [ARM/embedded-5-bran
