ARM GAS  C:\Users\BENAKA~1\AppData\Local\Temp\cc9hoJ3u.s 			page 1


   1              		.syntax unified
   2              		.cpu cortex-m0
   3              		.fpu softvfp
   4              		.eabi_attribute 20, 1
   5              		.eabi_attribute 21, 1
   6              		.eabi_attribute 23, 3
   7              		.eabi_attribute 24, 1
   8              		.eabi_attribute 25, 1
   9              		.eabi_attribute 26, 1
  10              		.eabi_attribute 30, 6
  11              		.eabi_attribute 34, 0
  12              		.eabi_attribute 18, 4
  13              		.thumb
  14              		.syntax unified
  15              		.file	"UART_SPI_UART_INT.c"
  16              		.text
  17              	.Ltext0:
  18              		.cfi_sections	.debug_frame
  19              		.section	.text.UART_SPI_UART_ISR,"ax",%progbits
  20              		.align	2
  21              		.global	UART_SPI_UART_ISR
  22              		.code	16
  23              		.thumb_func
  24              		.type	UART_SPI_UART_ISR, %function
  25              	UART_SPI_UART_ISR:
  26              	.LFB2:
  27              		.file 1 "Generated_Source\\PSoC4\\UART_SPI_UART_INT.c"
   1:Generated_Source\PSoC4/UART_SPI_UART_INT.c **** /***************************************************************************//**
   2:Generated_Source\PSoC4/UART_SPI_UART_INT.c **** * \file UART_SPI_UART_INT.c
   3:Generated_Source\PSoC4/UART_SPI_UART_INT.c **** * \version 4.0
   4:Generated_Source\PSoC4/UART_SPI_UART_INT.c **** *
   5:Generated_Source\PSoC4/UART_SPI_UART_INT.c **** * \brief
   6:Generated_Source\PSoC4/UART_SPI_UART_INT.c **** *  This file provides the source code to the Interrupt Service Routine for
   7:Generated_Source\PSoC4/UART_SPI_UART_INT.c **** *  the SCB Component in SPI and UART modes.
   8:Generated_Source\PSoC4/UART_SPI_UART_INT.c **** *
   9:Generated_Source\PSoC4/UART_SPI_UART_INT.c **** * Note:
  10:Generated_Source\PSoC4/UART_SPI_UART_INT.c **** *
  11:Generated_Source\PSoC4/UART_SPI_UART_INT.c **** ********************************************************************************
  12:Generated_Source\PSoC4/UART_SPI_UART_INT.c **** * \copyright
  13:Generated_Source\PSoC4/UART_SPI_UART_INT.c **** * Copyright 2013-2017, Cypress Semiconductor Corporation.  All rights reserved.
  14:Generated_Source\PSoC4/UART_SPI_UART_INT.c **** * You may use this file only in accordance with the license, terms, conditions,
  15:Generated_Source\PSoC4/UART_SPI_UART_INT.c **** * disclaimers, and limitations in the end user license agreement accompanying
  16:Generated_Source\PSoC4/UART_SPI_UART_INT.c **** * the software package with which this file was provided.
  17:Generated_Source\PSoC4/UART_SPI_UART_INT.c **** *******************************************************************************/
  18:Generated_Source\PSoC4/UART_SPI_UART_INT.c **** 
  19:Generated_Source\PSoC4/UART_SPI_UART_INT.c **** #include "UART_PVT.h"
  20:Generated_Source\PSoC4/UART_SPI_UART_INT.c **** #include "UART_SPI_UART_PVT.h"
  21:Generated_Source\PSoC4/UART_SPI_UART_INT.c **** 
  22:Generated_Source\PSoC4/UART_SPI_UART_INT.c **** 
  23:Generated_Source\PSoC4/UART_SPI_UART_INT.c **** #if (UART_SCB_IRQ_INTERNAL)
  24:Generated_Source\PSoC4/UART_SPI_UART_INT.c **** /*******************************************************************************
  25:Generated_Source\PSoC4/UART_SPI_UART_INT.c **** * Function Name: UART_SPI_UART_ISR
  26:Generated_Source\PSoC4/UART_SPI_UART_INT.c **** ****************************************************************************//**
  27:Generated_Source\PSoC4/UART_SPI_UART_INT.c **** *
  28:Generated_Source\PSoC4/UART_SPI_UART_INT.c **** *  Handles the Interrupt Service Routine for the SCB SPI or UART modes.
  29:Generated_Source\PSoC4/UART_SPI_UART_INT.c **** *
  30:Generated_Source\PSoC4/UART_SPI_UART_INT.c **** *******************************************************************************/
ARM GAS  C:\Users\BENAKA~1\AppData\Local\Temp\cc9hoJ3u.s 			page 2


  31:Generated_Source\PSoC4/UART_SPI_UART_INT.c **** CY_ISR(UART_SPI_UART_ISR)
  32:Generated_Source\PSoC4/UART_SPI_UART_INT.c **** {
  28              		.loc 1 32 0
  29              		.cfi_startproc
  30              		@ args = 0, pretend = 0, frame = 8
  31              		@ frame_needed = 1, uses_anonymous_args = 0
  32 0000 80B5     		push	{r7, lr}
  33              		.cfi_def_cfa_offset 8
  34              		.cfi_offset 7, -8
  35              		.cfi_offset 14, -4
  36 0002 82B0     		sub	sp, sp, #8
  37              		.cfi_def_cfa_offset 16
  38 0004 00AF     		add	r7, sp, #0
  39              		.cfi_def_cfa_register 7
  33:Generated_Source\PSoC4/UART_SPI_UART_INT.c **** #if (UART_INTERNAL_RX_SW_BUFFER_CONST)
  34:Generated_Source\PSoC4/UART_SPI_UART_INT.c ****     uint32 locHead;
  35:Generated_Source\PSoC4/UART_SPI_UART_INT.c **** #endif /* (UART_INTERNAL_RX_SW_BUFFER_CONST) */
  36:Generated_Source\PSoC4/UART_SPI_UART_INT.c **** 
  37:Generated_Source\PSoC4/UART_SPI_UART_INT.c **** #if (UART_INTERNAL_TX_SW_BUFFER_CONST)
  38:Generated_Source\PSoC4/UART_SPI_UART_INT.c ****     uint32 locTail;
  39:Generated_Source\PSoC4/UART_SPI_UART_INT.c **** #endif /* (UART_INTERNAL_TX_SW_BUFFER_CONST) */
  40:Generated_Source\PSoC4/UART_SPI_UART_INT.c **** 
  41:Generated_Source\PSoC4/UART_SPI_UART_INT.c **** #ifdef UART_SPI_UART_ISR_ENTRY_CALLBACK
  42:Generated_Source\PSoC4/UART_SPI_UART_INT.c ****     UART_SPI_UART_ISR_EntryCallback();
  43:Generated_Source\PSoC4/UART_SPI_UART_INT.c **** #endif /* UART_SPI_UART_ISR_ENTRY_CALLBACK */
  44:Generated_Source\PSoC4/UART_SPI_UART_INT.c **** 
  45:Generated_Source\PSoC4/UART_SPI_UART_INT.c ****     if (NULL != UART_customIntrHandler)
  40              		.loc 1 45 0
  41 0006 344B     		ldr	r3, .L16
  42 0008 1B68     		ldr	r3, [r3]
  43 000a 002B     		cmp	r3, #0
  44 000c 02D0     		beq	.L2
  46:Generated_Source\PSoC4/UART_SPI_UART_INT.c ****     {
  47:Generated_Source\PSoC4/UART_SPI_UART_INT.c ****         UART_customIntrHandler();
  45              		.loc 1 47 0
  46 000e 324B     		ldr	r3, .L16
  47 0010 1B68     		ldr	r3, [r3]
  48 0012 9847     		blx	r3
  49              	.L2:
  48:Generated_Source\PSoC4/UART_SPI_UART_INT.c ****     }
  49:Generated_Source\PSoC4/UART_SPI_UART_INT.c **** 
  50:Generated_Source\PSoC4/UART_SPI_UART_INT.c ****     #if(UART_CHECK_SPI_WAKE_ENABLE)
  51:Generated_Source\PSoC4/UART_SPI_UART_INT.c ****     {
  52:Generated_Source\PSoC4/UART_SPI_UART_INT.c ****         /* Clear SPI wakeup source */
  53:Generated_Source\PSoC4/UART_SPI_UART_INT.c ****         UART_ClearSpiExtClkInterruptSource(UART_INTR_SPI_EC_WAKE_UP);
  54:Generated_Source\PSoC4/UART_SPI_UART_INT.c ****     }
  55:Generated_Source\PSoC4/UART_SPI_UART_INT.c ****     #endif
  56:Generated_Source\PSoC4/UART_SPI_UART_INT.c **** 
  57:Generated_Source\PSoC4/UART_SPI_UART_INT.c ****     #if (UART_CHECK_RX_SW_BUFFER)
  58:Generated_Source\PSoC4/UART_SPI_UART_INT.c ****     {
  59:Generated_Source\PSoC4/UART_SPI_UART_INT.c ****         if (UART_CHECK_INTR_RX_MASKED(UART_INTR_RX_NOT_EMPTY))
  50              		.loc 1 59 0
  51 0014 314B     		ldr	r3, .L16+4
  52 0016 1B68     		ldr	r3, [r3]
  53 0018 0422     		movs	r2, #4
  54 001a 1340     		ands	r3, r2
  55 001c 27D0     		beq	.L3
ARM GAS  C:\Users\BENAKA~1\AppData\Local\Temp\cc9hoJ3u.s 			page 3


  56              	.L7:
  60:Generated_Source\PSoC4/UART_SPI_UART_INT.c ****         {
  61:Generated_Source\PSoC4/UART_SPI_UART_INT.c ****             do
  62:Generated_Source\PSoC4/UART_SPI_UART_INT.c ****             {
  63:Generated_Source\PSoC4/UART_SPI_UART_INT.c ****                 /* Move local head index */
  64:Generated_Source\PSoC4/UART_SPI_UART_INT.c ****                 locHead = (UART_rxBufferHead + 1u);
  57              		.loc 1 64 0
  58 001e 304B     		ldr	r3, .L16+8
  59 0020 1B68     		ldr	r3, [r3]
  60 0022 0133     		adds	r3, r3, #1
  61 0024 7B60     		str	r3, [r7, #4]
  65:Generated_Source\PSoC4/UART_SPI_UART_INT.c **** 
  66:Generated_Source\PSoC4/UART_SPI_UART_INT.c ****                 /* Adjust local head index */
  67:Generated_Source\PSoC4/UART_SPI_UART_INT.c ****                 if (UART_INTERNAL_RX_BUFFER_SIZE == locHead)
  62              		.loc 1 67 0
  63 0026 7B68     		ldr	r3, [r7, #4]
  64 0028 2E4A     		ldr	r2, .L16+12
  65 002a 9342     		cmp	r3, r2
  66 002c 01D1     		bne	.L4
  68:Generated_Source\PSoC4/UART_SPI_UART_INT.c ****                 {
  69:Generated_Source\PSoC4/UART_SPI_UART_INT.c ****                     locHead = 0u;
  67              		.loc 1 69 0
  68 002e 0023     		movs	r3, #0
  69 0030 7B60     		str	r3, [r7, #4]
  70              	.L4:
  70:Generated_Source\PSoC4/UART_SPI_UART_INT.c ****                 }
  71:Generated_Source\PSoC4/UART_SPI_UART_INT.c **** 
  72:Generated_Source\PSoC4/UART_SPI_UART_INT.c ****                 if (locHead == UART_rxBufferTail)
  71              		.loc 1 72 0
  72 0032 2D4B     		ldr	r3, .L16+16
  73 0034 1B68     		ldr	r3, [r3]
  74 0036 7A68     		ldr	r2, [r7, #4]
  75 0038 9A42     		cmp	r2, r3
  76 003a 05D1     		bne	.L5
  73:Generated_Source\PSoC4/UART_SPI_UART_INT.c ****                 {
  74:Generated_Source\PSoC4/UART_SPI_UART_INT.c ****                     #if (UART_CHECK_UART_RTS_CONTROL_FLOW)
  75:Generated_Source\PSoC4/UART_SPI_UART_INT.c ****                     {
  76:Generated_Source\PSoC4/UART_SPI_UART_INT.c ****                         /* There is no space in the software buffer - disable the
  77:Generated_Source\PSoC4/UART_SPI_UART_INT.c ****                         * RX Not Empty interrupt source. The data elements are
  78:Generated_Source\PSoC4/UART_SPI_UART_INT.c ****                         * still being received into the RX FIFO until the RTS signal
  79:Generated_Source\PSoC4/UART_SPI_UART_INT.c ****                         * stops the transmitter. After the data element is read from the
  80:Generated_Source\PSoC4/UART_SPI_UART_INT.c ****                         * buffer, the RX Not Empty interrupt source is enabled to
  81:Generated_Source\PSoC4/UART_SPI_UART_INT.c ****                         * move the next data element in the software buffer.
  82:Generated_Source\PSoC4/UART_SPI_UART_INT.c ****                         */
  83:Generated_Source\PSoC4/UART_SPI_UART_INT.c ****                         UART_INTR_RX_MASK_REG &= ~UART_INTR_RX_NOT_EMPTY;
  84:Generated_Source\PSoC4/UART_SPI_UART_INT.c ****                         break;
  85:Generated_Source\PSoC4/UART_SPI_UART_INT.c ****                     }
  86:Generated_Source\PSoC4/UART_SPI_UART_INT.c ****                     #else
  87:Generated_Source\PSoC4/UART_SPI_UART_INT.c ****                     {
  88:Generated_Source\PSoC4/UART_SPI_UART_INT.c ****                         /* Overflow: through away received data element */
  89:Generated_Source\PSoC4/UART_SPI_UART_INT.c ****                         (void) UART_RX_FIFO_RD_REG;
  77              		.loc 1 89 0
  78 003c 2B4B     		ldr	r3, .L16+20
  79 003e 1B68     		ldr	r3, [r3]
  90:Generated_Source\PSoC4/UART_SPI_UART_INT.c ****                         UART_rxBufferOverflow = (uint8) UART_INTR_RX_OVERFLOW;
  80              		.loc 1 90 0
  81 0040 2B4B     		ldr	r3, .L16+24
ARM GAS  C:\Users\BENAKA~1\AppData\Local\Temp\cc9hoJ3u.s 			page 4


  82 0042 2022     		movs	r2, #32
  83 0044 1A70     		strb	r2, [r3]
  84 0046 0AE0     		b	.L6
  85              	.L5:
  91:Generated_Source\PSoC4/UART_SPI_UART_INT.c ****                     }
  92:Generated_Source\PSoC4/UART_SPI_UART_INT.c ****                     #endif
  93:Generated_Source\PSoC4/UART_SPI_UART_INT.c ****                 }
  94:Generated_Source\PSoC4/UART_SPI_UART_INT.c ****                 else
  95:Generated_Source\PSoC4/UART_SPI_UART_INT.c ****                 {
  96:Generated_Source\PSoC4/UART_SPI_UART_INT.c ****                     /* Store received data */
  97:Generated_Source\PSoC4/UART_SPI_UART_INT.c ****                     UART_PutWordInRxBuffer(locHead, UART_RX_FIFO_RD_REG);
  86              		.loc 1 97 0
  87 0048 284B     		ldr	r3, .L16+20
  88 004a 1B68     		ldr	r3, [r3]
  89 004c D9B2     		uxtb	r1, r3
  90 004e 294A     		ldr	r2, .L16+28
  91 0050 7B68     		ldr	r3, [r7, #4]
  92 0052 D318     		adds	r3, r2, r3
  93 0054 0A1C     		adds	r2, r1, #0
  94 0056 1A70     		strb	r2, [r3]
  98:Generated_Source\PSoC4/UART_SPI_UART_INT.c **** 
  99:Generated_Source\PSoC4/UART_SPI_UART_INT.c ****                     /* Move head index */
 100:Generated_Source\PSoC4/UART_SPI_UART_INT.c ****                     UART_rxBufferHead = locHead;
  95              		.loc 1 100 0
  96 0058 214B     		ldr	r3, .L16+8
  97 005a 7A68     		ldr	r2, [r7, #4]
  98 005c 1A60     		str	r2, [r3]
  99              	.L6:
 101:Generated_Source\PSoC4/UART_SPI_UART_INT.c ****                 }
 102:Generated_Source\PSoC4/UART_SPI_UART_INT.c ****             }
 103:Generated_Source\PSoC4/UART_SPI_UART_INT.c ****             while(0u != UART_GET_RX_FIFO_ENTRIES);
 100              		.loc 1 103 0
 101 005e 264B     		ldr	r3, .L16+32
 102 0060 1B68     		ldr	r3, [r3]
 103 0062 1F22     		movs	r2, #31
 104 0064 1340     		ands	r3, r2
 105 0066 DAD1     		bne	.L7
 104:Generated_Source\PSoC4/UART_SPI_UART_INT.c **** 
 105:Generated_Source\PSoC4/UART_SPI_UART_INT.c ****             UART_ClearRxInterruptSource(UART_INTR_RX_NOT_EMPTY);
 106              		.loc 1 105 0
 107 0068 244B     		ldr	r3, .L16+36
 108 006a 0422     		movs	r2, #4
 109 006c 1A60     		str	r2, [r3]
 110              	.L3:
 106:Generated_Source\PSoC4/UART_SPI_UART_INT.c ****         }
 107:Generated_Source\PSoC4/UART_SPI_UART_INT.c ****     }
 108:Generated_Source\PSoC4/UART_SPI_UART_INT.c ****     #endif
 109:Generated_Source\PSoC4/UART_SPI_UART_INT.c **** 
 110:Generated_Source\PSoC4/UART_SPI_UART_INT.c **** 
 111:Generated_Source\PSoC4/UART_SPI_UART_INT.c ****     #if (UART_CHECK_TX_SW_BUFFER)
 112:Generated_Source\PSoC4/UART_SPI_UART_INT.c ****     {
 113:Generated_Source\PSoC4/UART_SPI_UART_INT.c ****         if (UART_CHECK_INTR_TX_MASKED(UART_INTR_TX_NOT_FULL))
 111              		.loc 1 113 0
 112 006e 244B     		ldr	r3, .L16+40
 113 0070 1B68     		ldr	r3, [r3]
 114 0072 0222     		movs	r2, #2
 115 0074 1340     		ands	r3, r2
ARM GAS  C:\Users\BENAKA~1\AppData\Local\Temp\cc9hoJ3u.s 			page 5


 116 0076 2BD0     		beq	.L15
 117              	.L13:
 114:Generated_Source\PSoC4/UART_SPI_UART_INT.c ****         {
 115:Generated_Source\PSoC4/UART_SPI_UART_INT.c ****             do
 116:Generated_Source\PSoC4/UART_SPI_UART_INT.c ****             {
 117:Generated_Source\PSoC4/UART_SPI_UART_INT.c ****                 /* Check for room in TX software buffer */
 118:Generated_Source\PSoC4/UART_SPI_UART_INT.c ****                 if (UART_txBufferHead != UART_txBufferTail)
 118              		.loc 1 118 0
 119 0078 224B     		ldr	r3, .L16+44
 120 007a 1A68     		ldr	r2, [r3]
 121 007c 224B     		ldr	r3, .L16+48
 122 007e 1B68     		ldr	r3, [r3]
 123 0080 9A42     		cmp	r2, r3
 124 0082 15D0     		beq	.L9
 119:Generated_Source\PSoC4/UART_SPI_UART_INT.c ****                 {
 120:Generated_Source\PSoC4/UART_SPI_UART_INT.c ****                     /* Move local tail index */
 121:Generated_Source\PSoC4/UART_SPI_UART_INT.c ****                     locTail = (UART_txBufferTail + 1u);
 125              		.loc 1 121 0
 126 0084 204B     		ldr	r3, .L16+48
 127 0086 1B68     		ldr	r3, [r3]
 128 0088 0133     		adds	r3, r3, #1
 129 008a 3B60     		str	r3, [r7]
 122:Generated_Source\PSoC4/UART_SPI_UART_INT.c **** 
 123:Generated_Source\PSoC4/UART_SPI_UART_INT.c ****                     /* Adjust local tail index */
 124:Generated_Source\PSoC4/UART_SPI_UART_INT.c ****                     if (UART_TX_BUFFER_SIZE == locTail)
 130              		.loc 1 124 0
 131 008c 3A68     		ldr	r2, [r7]
 132 008e 8023     		movs	r3, #128
 133 0090 1B01     		lsls	r3, r3, #4
 134 0092 9A42     		cmp	r2, r3
 135 0094 01D1     		bne	.L10
 125:Generated_Source\PSoC4/UART_SPI_UART_INT.c ****                     {
 126:Generated_Source\PSoC4/UART_SPI_UART_INT.c ****                         locTail = 0u;
 136              		.loc 1 126 0
 137 0096 0023     		movs	r3, #0
 138 0098 3B60     		str	r3, [r7]
 139              	.L10:
 127:Generated_Source\PSoC4/UART_SPI_UART_INT.c ****                     }
 128:Generated_Source\PSoC4/UART_SPI_UART_INT.c **** 
 129:Generated_Source\PSoC4/UART_SPI_UART_INT.c ****                     /* Put data into TX FIFO */
 130:Generated_Source\PSoC4/UART_SPI_UART_INT.c ****                     UART_TX_FIFO_WR_REG = UART_GetWordFromTxBuffer(locTail);
 140              		.loc 1 130 0
 141 009a 1C4B     		ldr	r3, .L16+52
 142 009c 1C49     		ldr	r1, .L16+56
 143 009e 3A68     		ldr	r2, [r7]
 144 00a0 8A18     		adds	r2, r1, r2
 145 00a2 1278     		ldrb	r2, [r2]
 146 00a4 D2B2     		uxtb	r2, r2
 147 00a6 1A60     		str	r2, [r3]
 131:Generated_Source\PSoC4/UART_SPI_UART_INT.c **** 
 132:Generated_Source\PSoC4/UART_SPI_UART_INT.c ****                     /* Move tail index */
 133:Generated_Source\PSoC4/UART_SPI_UART_INT.c ****                     UART_txBufferTail = locTail;
 148              		.loc 1 133 0
 149 00a8 174B     		ldr	r3, .L16+48
 150 00aa 3A68     		ldr	r2, [r7]
 151 00ac 1A60     		str	r2, [r3]
 152 00ae 06E0     		b	.L14
ARM GAS  C:\Users\BENAKA~1\AppData\Local\Temp\cc9hoJ3u.s 			page 6


 153              	.L9:
 134:Generated_Source\PSoC4/UART_SPI_UART_INT.c ****                 }
 135:Generated_Source\PSoC4/UART_SPI_UART_INT.c ****                 else
 136:Generated_Source\PSoC4/UART_SPI_UART_INT.c ****                 {
 137:Generated_Source\PSoC4/UART_SPI_UART_INT.c ****                     /* TX software buffer is empty: complete transfer */
 138:Generated_Source\PSoC4/UART_SPI_UART_INT.c ****                     UART_DISABLE_INTR_TX(UART_INTR_TX_NOT_FULL);
 154              		.loc 1 138 0
 155 00b0 184B     		ldr	r3, .L16+60
 156 00b2 184A     		ldr	r2, .L16+60
 157 00b4 1268     		ldr	r2, [r2]
 158 00b6 0221     		movs	r1, #2
 159 00b8 8A43     		bics	r2, r1
 160 00ba 1A60     		str	r2, [r3]
 139:Generated_Source\PSoC4/UART_SPI_UART_INT.c ****                     break;
 161              		.loc 1 139 0
 162 00bc 05E0     		b	.L12
 163              	.L14:
 140:Generated_Source\PSoC4/UART_SPI_UART_INT.c ****                 }
 141:Generated_Source\PSoC4/UART_SPI_UART_INT.c ****             }
 142:Generated_Source\PSoC4/UART_SPI_UART_INT.c ****             while (UART_SPI_UART_FIFO_SIZE != UART_GET_TX_FIFO_ENTRIES);
 164              		.loc 1 142 0
 165 00be 164B     		ldr	r3, .L16+64
 166 00c0 1B68     		ldr	r3, [r3]
 167 00c2 1F22     		movs	r2, #31
 168 00c4 1340     		ands	r3, r2
 169 00c6 082B     		cmp	r3, #8
 170 00c8 D6D1     		bne	.L13
 171              	.L12:
 143:Generated_Source\PSoC4/UART_SPI_UART_INT.c **** 
 144:Generated_Source\PSoC4/UART_SPI_UART_INT.c ****             UART_ClearTxInterruptSource(UART_INTR_TX_NOT_FULL);
 172              		.loc 1 144 0
 173 00ca 144B     		ldr	r3, .L16+68
 174 00cc 0222     		movs	r2, #2
 175 00ce 1A60     		str	r2, [r3]
 176              	.L15:
 145:Generated_Source\PSoC4/UART_SPI_UART_INT.c ****         }
 146:Generated_Source\PSoC4/UART_SPI_UART_INT.c ****     }
 147:Generated_Source\PSoC4/UART_SPI_UART_INT.c ****     #endif
 148:Generated_Source\PSoC4/UART_SPI_UART_INT.c **** 
 149:Generated_Source\PSoC4/UART_SPI_UART_INT.c **** #ifdef UART_SPI_UART_ISR_EXIT_CALLBACK
 150:Generated_Source\PSoC4/UART_SPI_UART_INT.c ****     UART_SPI_UART_ISR_ExitCallback();
 151:Generated_Source\PSoC4/UART_SPI_UART_INT.c **** #endif /* UART_SPI_UART_ISR_EXIT_CALLBACK */
 152:Generated_Source\PSoC4/UART_SPI_UART_INT.c **** 
 153:Generated_Source\PSoC4/UART_SPI_UART_INT.c **** }
 177              		.loc 1 153 0
 178 00d0 C046     		nop
 179 00d2 BD46     		mov	sp, r7
 180 00d4 02B0     		add	sp, sp, #8
 181              		@ sp needed
 182 00d6 80BD     		pop	{r7, pc}
 183              	.L17:
 184              		.align	2
 185              	.L16:
 186 00d8 00000000 		.word	UART_customIntrHandler
 187 00dc CC0F2440 		.word	1076105164
 188 00e0 00000000 		.word	UART_rxBufferHead
 189 00e4 01080000 		.word	2049
ARM GAS  C:\Users\BENAKA~1\AppData\Local\Temp\cc9hoJ3u.s 			page 7


 190 00e8 00000000 		.word	UART_rxBufferTail
 191 00ec 40032440 		.word	1076101952
 192 00f0 00000000 		.word	UART_rxBufferOverflow
 193 00f4 00000000 		.word	UART_rxBufferInternal
 194 00f8 08032440 		.word	1076101896
 195 00fc C00F2440 		.word	1076105152
 196 0100 8C0F2440 		.word	1076105100
 197 0104 00000000 		.word	UART_txBufferHead
 198 0108 00000000 		.word	UART_txBufferTail
 199 010c 40022440 		.word	1076101696
 200 0110 00000000 		.word	UART_txBufferInternal
 201 0114 880F2440 		.word	1076105096
 202 0118 08022440 		.word	1076101640
 203 011c 800F2440 		.word	1076105088
 204              		.cfi_endproc
 205              	.LFE2:
 206              		.size	UART_SPI_UART_ISR, .-UART_SPI_UART_ISR
 207              		.text
 208              	.Letext0:
 209              		.file 2 "Generated_Source\\PSoC4/cytypes.h"
 210              		.file 3 "Generated_Source\\PSoC4\\UART_PVT.h"
 211              		.file 4 "Generated_Source\\PSoC4\\UART_SPI_UART_PVT.h"
 212              		.section	.debug_info,"",%progbits
 213              	.Ldebug_info0:
 214 0000 82010000 		.4byte	0x182
 215 0004 0400     		.2byte	0x4
 216 0006 00000000 		.4byte	.Ldebug_abbrev0
 217 000a 04       		.byte	0x4
 218 000b 01       		.uleb128 0x1
 219 000c 3E010000 		.4byte	.LASF28
 220 0010 0C       		.byte	0xc
 221 0011 CC010000 		.4byte	.LASF29
 222 0015 5E000000 		.4byte	.LASF30
 223 0019 00000000 		.4byte	.Ldebug_ranges0+0
 224 001d 00000000 		.4byte	0
 225 0021 00000000 		.4byte	.Ldebug_line0
 226 0025 02       		.uleb128 0x2
 227 0026 01       		.byte	0x1
 228 0027 06       		.byte	0x6
 229 0028 DF020000 		.4byte	.LASF0
 230 002c 02       		.uleb128 0x2
 231 002d 01       		.byte	0x1
 232 002e 08       		.byte	0x8
 233 002f 50000000 		.4byte	.LASF1
 234 0033 02       		.uleb128 0x2
 235 0034 02       		.byte	0x2
 236 0035 05       		.byte	0x5
 237 0036 98020000 		.4byte	.LASF2
 238 003a 02       		.uleb128 0x2
 239 003b 02       		.byte	0x2
 240 003c 07       		.byte	0x7
 241 003d 1D000000 		.4byte	.LASF3
 242 0041 02       		.uleb128 0x2
 243 0042 04       		.byte	0x4
 244 0043 05       		.byte	0x5
 245 0044 B4020000 		.4byte	.LASF4
 246 0048 02       		.uleb128 0x2
ARM GAS  C:\Users\BENAKA~1\AppData\Local\Temp\cc9hoJ3u.s 			page 8


 247 0049 04       		.byte	0x4
 248 004a 07       		.byte	0x7
 249 004b 14010000 		.4byte	.LASF5
 250 004f 02       		.uleb128 0x2
 251 0050 08       		.byte	0x8
 252 0051 05       		.byte	0x5
 253 0052 5D020000 		.4byte	.LASF6
 254 0056 02       		.uleb128 0x2
 255 0057 08       		.byte	0x8
 256 0058 07       		.byte	0x7
 257 0059 12020000 		.4byte	.LASF7
 258 005d 03       		.uleb128 0x3
 259 005e 04       		.byte	0x4
 260 005f 05       		.byte	0x5
 261 0060 696E7400 		.ascii	"int\000"
 262 0064 02       		.uleb128 0x2
 263 0065 04       		.byte	0x4
 264 0066 07       		.byte	0x7
 265 0067 05020000 		.4byte	.LASF8
 266 006b 04       		.uleb128 0x4
 267 006c 26010000 		.4byte	.LASF9
 268 0070 02       		.byte	0x2
 269 0071 E401     		.2byte	0x1e4
 270 0073 2C000000 		.4byte	0x2c
 271 0077 04       		.uleb128 0x4
 272 0078 FE010000 		.4byte	.LASF10
 273 007c 02       		.byte	0x2
 274 007d E601     		.2byte	0x1e6
 275 007f 48000000 		.4byte	0x48
 276 0083 02       		.uleb128 0x2
 277 0084 04       		.byte	0x4
 278 0085 04       		.byte	0x4
 279 0086 4A000000 		.4byte	.LASF11
 280 008a 02       		.uleb128 0x2
 281 008b 08       		.byte	0x8
 282 008c 04       		.byte	0x4
 283 008d F7010000 		.4byte	.LASF12
 284 0091 02       		.uleb128 0x2
 285 0092 01       		.byte	0x1
 286 0093 08       		.byte	0x8
 287 0094 6B020000 		.4byte	.LASF13
 288 0098 05       		.uleb128 0x5
 289 0099 6B000000 		.4byte	0x6b
 290 009d 04       		.uleb128 0x4
 291 009e 00000000 		.4byte	.LASF14
 292 00a2 02       		.byte	0x2
 293 00a3 9002     		.2byte	0x290
 294 00a5 A9000000 		.4byte	0xa9
 295 00a9 05       		.uleb128 0x5
 296 00aa 77000000 		.4byte	0x77
 297 00ae 04       		.uleb128 0x4
 298 00af 3F020000 		.4byte	.LASF15
 299 00b3 02       		.byte	0x2
 300 00b4 A002     		.2byte	0x2a0
 301 00b6 BA000000 		.4byte	0xba
 302 00ba 06       		.uleb128 0x6
 303 00bb 04       		.byte	0x4
ARM GAS  C:\Users\BENAKA~1\AppData\Local\Temp\cc9hoJ3u.s 			page 9


 304 00bc C0000000 		.4byte	0xc0
 305 00c0 07       		.uleb128 0x7
 306 00c1 02       		.uleb128 0x2
 307 00c2 08       		.byte	0x8
 308 00c3 04       		.byte	0x4
 309 00c4 BD020000 		.4byte	.LASF16
 310 00c8 02       		.uleb128 0x2
 311 00c9 04       		.byte	0x4
 312 00ca 07       		.byte	0x7
 313 00cb 54020000 		.4byte	.LASF17
 314 00cf 08       		.uleb128 0x8
 315 00d0 A2020000 		.4byte	.LASF31
 316 00d4 01       		.byte	0x1
 317 00d5 1F       		.byte	0x1f
 318 00d6 00000000 		.4byte	.LFB2
 319 00da 20010000 		.4byte	.LFE2-.LFB2
 320 00de 01       		.uleb128 0x1
 321 00df 9C       		.byte	0x9c
 322 00e0 01010000 		.4byte	0x101
 323 00e4 09       		.uleb128 0x9
 324 00e5 42000000 		.4byte	.LASF18
 325 00e9 01       		.byte	0x1
 326 00ea 22       		.byte	0x22
 327 00eb 77000000 		.4byte	0x77
 328 00ef 02       		.uleb128 0x2
 329 00f0 91       		.byte	0x91
 330 00f1 74       		.sleb128 -12
 331 00f2 09       		.uleb128 0x9
 332 00f3 4C020000 		.4byte	.LASF19
 333 00f7 01       		.byte	0x1
 334 00f8 26       		.byte	0x26
 335 00f9 77000000 		.4byte	0x77
 336 00fd 02       		.uleb128 0x2
 337 00fe 91       		.byte	0x91
 338 00ff 70       		.sleb128 -16
 339 0100 00       		.byte	0
 340 0101 0A       		.uleb128 0xa
 341 0102 06000000 		.4byte	.LASF20
 342 0106 03       		.byte	0x3
 343 0107 3B       		.byte	0x3b
 344 0108 AE000000 		.4byte	0xae
 345 010c 0A       		.uleb128 0xa
 346 010d EB020000 		.4byte	.LASF21
 347 0111 04       		.byte	0x4
 348 0112 1F       		.byte	0x1f
 349 0113 A9000000 		.4byte	0xa9
 350 0117 0A       		.uleb128 0xa
 351 0118 2C010000 		.4byte	.LASF22
 352 011c 04       		.byte	0x4
 353 011d 20       		.byte	0x20
 354 011e A9000000 		.4byte	0xa9
 355 0122 0A       		.uleb128 0xa
 356 0123 29020000 		.4byte	.LASF23
 357 0127 04       		.byte	0x4
 358 0128 2A       		.byte	0x2a
 359 0129 98000000 		.4byte	0x98
 360 012d 0A       		.uleb128 0xa
ARM GAS  C:\Users\BENAKA~1\AppData\Local\Temp\cc9hoJ3u.s 			page 10


 361 012e 86020000 		.4byte	.LASF24
 362 0132 04       		.byte	0x4
 363 0133 2F       		.byte	0x2f
 364 0134 A9000000 		.4byte	0xa9
 365 0138 0A       		.uleb128 0xa
 366 0139 30000000 		.4byte	.LASF25
 367 013d 04       		.byte	0x4
 368 013e 30       		.byte	0x30
 369 013f A9000000 		.4byte	0xa9
 370 0143 0B       		.uleb128 0xb
 371 0144 98000000 		.4byte	0x98
 372 0148 54010000 		.4byte	0x154
 373 014c 0C       		.uleb128 0xc
 374 014d C8000000 		.4byte	0xc8
 375 0151 0008     		.2byte	0x800
 376 0153 00       		.byte	0
 377 0154 0A       		.uleb128 0xa
 378 0155 70020000 		.4byte	.LASF26
 379 0159 04       		.byte	0x4
 380 015a 34       		.byte	0x34
 381 015b 5F010000 		.4byte	0x15f
 382 015f 05       		.uleb128 0x5
 383 0160 43010000 		.4byte	0x143
 384 0164 0B       		.uleb128 0xb
 385 0165 98000000 		.4byte	0x98
 386 0169 75010000 		.4byte	0x175
 387 016d 0C       		.uleb128 0xc
 388 016e C8000000 		.4byte	0xc8
 389 0172 FF07     		.2byte	0x7ff
 390 0174 00       		.byte	0
 391 0175 0A       		.uleb128 0xa
 392 0176 C9020000 		.4byte	.LASF27
 393 017a 04       		.byte	0x4
 394 017b 38       		.byte	0x38
 395 017c 80010000 		.4byte	0x180
 396 0180 05       		.uleb128 0x5
 397 0181 64010000 		.4byte	0x164
 398 0185 00       		.byte	0
 399              		.section	.debug_abbrev,"",%progbits
 400              	.Ldebug_abbrev0:
 401 0000 01       		.uleb128 0x1
 402 0001 11       		.uleb128 0x11
 403 0002 01       		.byte	0x1
 404 0003 25       		.uleb128 0x25
 405 0004 0E       		.uleb128 0xe
 406 0005 13       		.uleb128 0x13
 407 0006 0B       		.uleb128 0xb
 408 0007 03       		.uleb128 0x3
 409 0008 0E       		.uleb128 0xe
 410 0009 1B       		.uleb128 0x1b
 411 000a 0E       		.uleb128 0xe
 412 000b 55       		.uleb128 0x55
 413 000c 17       		.uleb128 0x17
 414 000d 11       		.uleb128 0x11
 415 000e 01       		.uleb128 0x1
 416 000f 10       		.uleb128 0x10
 417 0010 17       		.uleb128 0x17
ARM GAS  C:\Users\BENAKA~1\AppData\Local\Temp\cc9hoJ3u.s 			page 11


 418 0011 00       		.byte	0
 419 0012 00       		.byte	0
 420 0013 02       		.uleb128 0x2
 421 0014 24       		.uleb128 0x24
 422 0015 00       		.byte	0
 423 0016 0B       		.uleb128 0xb
 424 0017 0B       		.uleb128 0xb
 425 0018 3E       		.uleb128 0x3e
 426 0019 0B       		.uleb128 0xb
 427 001a 03       		.uleb128 0x3
 428 001b 0E       		.uleb128 0xe
 429 001c 00       		.byte	0
 430 001d 00       		.byte	0
 431 001e 03       		.uleb128 0x3
 432 001f 24       		.uleb128 0x24
 433 0020 00       		.byte	0
 434 0021 0B       		.uleb128 0xb
 435 0022 0B       		.uleb128 0xb
 436 0023 3E       		.uleb128 0x3e
 437 0024 0B       		.uleb128 0xb
 438 0025 03       		.uleb128 0x3
 439 0026 08       		.uleb128 0x8
 440 0027 00       		.byte	0
 441 0028 00       		.byte	0
 442 0029 04       		.uleb128 0x4
 443 002a 16       		.uleb128 0x16
 444 002b 00       		.byte	0
 445 002c 03       		.uleb128 0x3
 446 002d 0E       		.uleb128 0xe
 447 002e 3A       		.uleb128 0x3a
 448 002f 0B       		.uleb128 0xb
 449 0030 3B       		.uleb128 0x3b
 450 0031 05       		.uleb128 0x5
 451 0032 49       		.uleb128 0x49
 452 0033 13       		.uleb128 0x13
 453 0034 00       		.byte	0
 454 0035 00       		.byte	0
 455 0036 05       		.uleb128 0x5
 456 0037 35       		.uleb128 0x35
 457 0038 00       		.byte	0
 458 0039 49       		.uleb128 0x49
 459 003a 13       		.uleb128 0x13
 460 003b 00       		.byte	0
 461 003c 00       		.byte	0
 462 003d 06       		.uleb128 0x6
 463 003e 0F       		.uleb128 0xf
 464 003f 00       		.byte	0
 465 0040 0B       		.uleb128 0xb
 466 0041 0B       		.uleb128 0xb
 467 0042 49       		.uleb128 0x49
 468 0043 13       		.uleb128 0x13
 469 0044 00       		.byte	0
 470 0045 00       		.byte	0
 471 0046 07       		.uleb128 0x7
 472 0047 15       		.uleb128 0x15
 473 0048 00       		.byte	0
 474 0049 27       		.uleb128 0x27
ARM GAS  C:\Users\BENAKA~1\AppData\Local\Temp\cc9hoJ3u.s 			page 12


 475 004a 19       		.uleb128 0x19
 476 004b 00       		.byte	0
 477 004c 00       		.byte	0
 478 004d 08       		.uleb128 0x8
 479 004e 2E       		.uleb128 0x2e
 480 004f 01       		.byte	0x1
 481 0050 3F       		.uleb128 0x3f
 482 0051 19       		.uleb128 0x19
 483 0052 03       		.uleb128 0x3
 484 0053 0E       		.uleb128 0xe
 485 0054 3A       		.uleb128 0x3a
 486 0055 0B       		.uleb128 0xb
 487 0056 3B       		.uleb128 0x3b
 488 0057 0B       		.uleb128 0xb
 489 0058 27       		.uleb128 0x27
 490 0059 19       		.uleb128 0x19
 491 005a 11       		.uleb128 0x11
 492 005b 01       		.uleb128 0x1
 493 005c 12       		.uleb128 0x12
 494 005d 06       		.uleb128 0x6
 495 005e 40       		.uleb128 0x40
 496 005f 18       		.uleb128 0x18
 497 0060 9642     		.uleb128 0x2116
 498 0062 19       		.uleb128 0x19
 499 0063 01       		.uleb128 0x1
 500 0064 13       		.uleb128 0x13
 501 0065 00       		.byte	0
 502 0066 00       		.byte	0
 503 0067 09       		.uleb128 0x9
 504 0068 34       		.uleb128 0x34
 505 0069 00       		.byte	0
 506 006a 03       		.uleb128 0x3
 507 006b 0E       		.uleb128 0xe
 508 006c 3A       		.uleb128 0x3a
 509 006d 0B       		.uleb128 0xb
 510 006e 3B       		.uleb128 0x3b
 511 006f 0B       		.uleb128 0xb
 512 0070 49       		.uleb128 0x49
 513 0071 13       		.uleb128 0x13
 514 0072 02       		.uleb128 0x2
 515 0073 18       		.uleb128 0x18
 516 0074 00       		.byte	0
 517 0075 00       		.byte	0
 518 0076 0A       		.uleb128 0xa
 519 0077 34       		.uleb128 0x34
 520 0078 00       		.byte	0
 521 0079 03       		.uleb128 0x3
 522 007a 0E       		.uleb128 0xe
 523 007b 3A       		.uleb128 0x3a
 524 007c 0B       		.uleb128 0xb
 525 007d 3B       		.uleb128 0x3b
 526 007e 0B       		.uleb128 0xb
 527 007f 49       		.uleb128 0x49
 528 0080 13       		.uleb128 0x13
 529 0081 3F       		.uleb128 0x3f
 530 0082 19       		.uleb128 0x19
 531 0083 3C       		.uleb128 0x3c
ARM GAS  C:\Users\BENAKA~1\AppData\Local\Temp\cc9hoJ3u.s 			page 13


 532 0084 19       		.uleb128 0x19
 533 0085 00       		.byte	0
 534 0086 00       		.byte	0
 535 0087 0B       		.uleb128 0xb
 536 0088 01       		.uleb128 0x1
 537 0089 01       		.byte	0x1
 538 008a 49       		.uleb128 0x49
 539 008b 13       		.uleb128 0x13
 540 008c 01       		.uleb128 0x1
 541 008d 13       		.uleb128 0x13
 542 008e 00       		.byte	0
 543 008f 00       		.byte	0
 544 0090 0C       		.uleb128 0xc
 545 0091 21       		.uleb128 0x21
 546 0092 00       		.byte	0
 547 0093 49       		.uleb128 0x49
 548 0094 13       		.uleb128 0x13
 549 0095 2F       		.uleb128 0x2f
 550 0096 05       		.uleb128 0x5
 551 0097 00       		.byte	0
 552 0098 00       		.byte	0
 553 0099 00       		.byte	0
 554              		.section	.debug_aranges,"",%progbits
 555 0000 1C000000 		.4byte	0x1c
 556 0004 0200     		.2byte	0x2
 557 0006 00000000 		.4byte	.Ldebug_info0
 558 000a 04       		.byte	0x4
 559 000b 00       		.byte	0
 560 000c 0000     		.2byte	0
 561 000e 0000     		.2byte	0
 562 0010 00000000 		.4byte	.LFB2
 563 0014 20010000 		.4byte	.LFE2-.LFB2
 564 0018 00000000 		.4byte	0
 565 001c 00000000 		.4byte	0
 566              		.section	.debug_ranges,"",%progbits
 567              	.Ldebug_ranges0:
 568 0000 00000000 		.4byte	.LFB2
 569 0004 20010000 		.4byte	.LFE2
 570 0008 00000000 		.4byte	0
 571 000c 00000000 		.4byte	0
 572              		.section	.debug_line,"",%progbits
 573              	.Ldebug_line0:
 574 0000 A9000000 		.section	.debug_str,"MS",%progbits,1
 574      02007300 
 574      00000201 
 574      FB0E0D00 
 574      01010101 
 575              	.LASF14:
 576 0000 72656733 		.ascii	"reg32\000"
 576      3200
 577              	.LASF20:
 578 0006 55415254 		.ascii	"UART_customIntrHandler\000"
 578      5F637573 
 578      746F6D49 
 578      6E747248 
 578      616E646C 
 579              	.LASF3:
ARM GAS  C:\Users\BENAKA~1\AppData\Local\Temp\cc9hoJ3u.s 			page 14


 580 001d 73686F72 		.ascii	"short unsigned int\000"
 580      7420756E 
 580      7369676E 
 580      65642069 
 580      6E7400
 581              	.LASF25:
 582 0030 55415254 		.ascii	"UART_txBufferTail\000"
 582      5F747842 
 582      75666665 
 582      72546169 
 582      6C00
 583              	.LASF18:
 584 0042 6C6F6348 		.ascii	"locHead\000"
 584      65616400 
 585              	.LASF11:
 586 004a 666C6F61 		.ascii	"float\000"
 586      7400
 587              	.LASF1:
 588 0050 756E7369 		.ascii	"unsigned char\000"
 588      676E6564 
 588      20636861 
 588      7200
 589              	.LASF30:
 590 005e 433A5C55 		.ascii	"C:\\Users\\Benakapoi\\Downloads\\PSoC-4-BLE-master\\"
 590      73657273 
 590      5C42656E 
 590      616B6170 
 590      6F695C44 
 591 008d 50536F43 		.ascii	"PSoC-4-BLE-master\\100_Projects_in_100_Days\\Day020"
 591      2D342D42 
 591      4C452D6D 
 591      61737465 
 591      725C3130 
 592 00be 5F424C45 		.ascii	"_BLE_UART\\UART_to_BLE_central\\Archive\\2\\UART_to"
 592      5F554152 
 592      545C5541 
 592      52545F74 
 592      6F5F424C 
 593 00ed 5F424C45 		.ascii	"_BLE_central\\UART_to_BLE_central.cydsn\000"
 593      5F63656E 
 593      7472616C 
 593      5C554152 
 593      545F746F 
 594              	.LASF5:
 595 0114 6C6F6E67 		.ascii	"long unsigned int\000"
 595      20756E73 
 595      69676E65 
 595      6420696E 
 595      7400
 596              	.LASF9:
 597 0126 75696E74 		.ascii	"uint8\000"
 597      3800
 598              	.LASF22:
 599 012c 55415254 		.ascii	"UART_rxBufferTail\000"
 599      5F727842 
 599      75666665 
 599      72546169 
ARM GAS  C:\Users\BENAKA~1\AppData\Local\Temp\cc9hoJ3u.s 			page 15


 599      6C00
 600              	.LASF28:
 601 013e 474E5520 		.ascii	"GNU C11 5.4.1 20160609 (release) [ARM/embedded-5-br"
 601      43313120 
 601      352E342E 
 601      31203230 
 601      31363036 
 602 0171 616E6368 		.ascii	"anch revision 237715] -mcpu=cortex-m0 -mthumb -g -O"
 602      20726576 
 602      6973696F 
 602      6E203233 
 602      37373135 
 603 01a4 30202D66 		.ascii	"0 -ffunction-sections -ffat-lto-objects\000"
 603      66756E63 
 603      74696F6E 
 603      2D736563 
 603      74696F6E 
 604              	.LASF29:
 605 01cc 47656E65 		.ascii	"Generated_Source\\PSoC4\\UART_SPI_UART_INT.c\000"
 605      72617465 
 605      645F536F 
 605      75726365 
 605      5C50536F 
 606              	.LASF12:
 607 01f7 646F7562 		.ascii	"double\000"
 607      6C6500
 608              	.LASF10:
 609 01fe 75696E74 		.ascii	"uint32\000"
 609      333200
 610              	.LASF8:
 611 0205 756E7369 		.ascii	"unsigned int\000"
 611      676E6564 
 611      20696E74 
 611      00
 612              	.LASF7:
 613 0212 6C6F6E67 		.ascii	"long long unsigned int\000"
 613      206C6F6E 
 613      6720756E 
 613      7369676E 
 613      65642069 
 614              	.LASF23:
 615 0229 55415254 		.ascii	"UART_rxBufferOverflow\000"
 615      5F727842 
 615      75666665 
 615      724F7665 
 615      72666C6F 
 616              	.LASF15:
 617 023f 63796973 		.ascii	"cyisraddress\000"
 617      72616464 
 617      72657373 
 617      00
 618              	.LASF19:
 619 024c 6C6F6354 		.ascii	"locTail\000"
 619      61696C00 
 620              	.LASF17:
 621 0254 73697A65 		.ascii	"sizetype\000"
 621      74797065 
ARM GAS  C:\Users\BENAKA~1\AppData\Local\Temp\cc9hoJ3u.s 			page 16


 621      00
 622              	.LASF6:
 623 025d 6C6F6E67 		.ascii	"long long int\000"
 623      206C6F6E 
 623      6720696E 
 623      7400
 624              	.LASF13:
 625 026b 63686172 		.ascii	"char\000"
 625      00
 626              	.LASF26:
 627 0270 55415254 		.ascii	"UART_rxBufferInternal\000"
 627      5F727842 
 627      75666665 
 627      72496E74 
 627      65726E61 
 628              	.LASF24:
 629 0286 55415254 		.ascii	"UART_txBufferHead\000"
 629      5F747842 
 629      75666665 
 629      72486561 
 629      6400
 630              	.LASF2:
 631 0298 73686F72 		.ascii	"short int\000"
 631      7420696E 
 631      7400
 632              	.LASF31:
 633 02a2 55415254 		.ascii	"UART_SPI_UART_ISR\000"
 633      5F535049 
 633      5F554152 
 633      545F4953 
 633      5200
 634              	.LASF4:
 635 02b4 6C6F6E67 		.ascii	"long int\000"
 635      20696E74 
 635      00
 636              	.LASF16:
 637 02bd 6C6F6E67 		.ascii	"long double\000"
 637      20646F75 
 637      626C6500 
 638              	.LASF27:
 639 02c9 55415254 		.ascii	"UART_txBufferInternal\000"
 639      5F747842 
 639      75666665 
 639      72496E74 
 639      65726E61 
 640              	.LASF0:
 641 02df 7369676E 		.ascii	"signed char\000"
 641      65642063 
 641      68617200 
 642              	.LASF21:
 643 02eb 55415254 		.ascii	"UART_rxBufferHead\000"
 643      5F727842 
 643      75666665 
 643      72486561 
 643      6400
 644              		.ident	"GCC: (GNU Tools for ARM Embedded Processors) 5.4.1 20160609 (release) [ARM/embedded-5-bran
