ARM GAS  C:\Users\BENAKA~1\AppData\Local\Temp\ccsWag2p.s 			page 1


   1              		.syntax unified
   2              		.cpu cortex-m0
   3              		.fpu softvfp
   4              		.eabi_attribute 20, 1
   5              		.eabi_attribute 21, 1
   6              		.eabi_attribute 23, 3
   7              		.eabi_attribute 24, 1
   8              		.eabi_attribute 25, 1
   9              		.eabi_attribute 26, 1
  10              		.eabi_attribute 30, 6
  11              		.eabi_attribute 34, 0
  12              		.eabi_attribute 18, 4
  13              		.thumb
  14              		.syntax unified
  15              		.file	"app_Ble.c"
  16              		.text
  17              	.Ltext0:
  18              		.cfi_sections	.debug_frame
  19              		.global	mtuSize
  20              		.data
  21              		.align	1
  22              		.type	mtuSize, %object
  23              		.size	mtuSize, 2
  24              	mtuSize:
  25 0000 1700     		.short	23
  26              		.section	.text.HandleBleProcessing,"ax",%progbits
  27              		.align	2
  28              		.global	HandleBleProcessing
  29              		.code	16
  30              		.thumb_func
  31              		.type	HandleBleProcessing, %function
  32              	HandleBleProcessing:
  33              	.LFB35:
  34              		.file 1 "app_Ble.c"
   1:app_Ble.c     **** /*******************************************************************************
   2:app_Ble.c     **** * File Name: app_Ble.c
   3:app_Ble.c     **** *
   4:app_Ble.c     **** * Description:
   5:app_Ble.c     **** *  Common BLE application code for client devices.
   6:app_Ble.c     **** *
   7:app_Ble.c     **** *******************************************************************************
   8:app_Ble.c     **** * Copyright 2015, Cypress Semiconductor Corporation.  All rights reserved.
   9:app_Ble.c     **** * You may use this file only in accordance with the license, terms, conditions,
  10:app_Ble.c     **** * disclaimers, and limitations in the end user license agreement accompanying
  11:app_Ble.c     **** * the software package with which this file was provided.
  12:app_Ble.c     **** *******************************************************************************/
  13:app_Ble.c     **** 
  14:app_Ble.c     **** #include "app_ble.h"
  15:app_Ble.c     **** 
  16:app_Ble.c     **** /* MTU size to be used by Client and Server after MTU exchange */
  17:app_Ble.c     **** uint16 mtuSize      = CYBLE_GATT_MTU;   
  18:app_Ble.c     **** 
  19:app_Ble.c     **** 
  20:app_Ble.c     **** /*******************************************************************************
  21:app_Ble.c     **** * Function Name: HandleBleProcessing
  22:app_Ble.c     **** ********************************************************************************
  23:app_Ble.c     **** *
ARM GAS  C:\Users\BENAKA~1\AppData\Local\Temp\ccsWag2p.s 			page 2


  24:app_Ble.c     **** * Summary:
  25:app_Ble.c     **** *   Handles the BLE state machine for intiating different procedures
  26:app_Ble.c     **** *   during different states of BLESS.
  27:app_Ble.c     **** *
  28:app_Ble.c     **** * Parameters:
  29:app_Ble.c     **** *   None.
  30:app_Ble.c     **** *
  31:app_Ble.c     **** * Return:
  32:app_Ble.c     **** *   None.
  33:app_Ble.c     **** *
  34:app_Ble.c     **** *******************************************************************************/
  35:app_Ble.c     **** void HandleBleProcessing(void)
  36:app_Ble.c     **** {    
  35              		.loc 1 36 0
  36              		.cfi_startproc
  37              		@ args = 0, pretend = 0, frame = 16
  38              		@ frame_needed = 1, uses_anonymous_args = 0
  39 0000 80B5     		push	{r7, lr}
  40              		.cfi_def_cfa_offset 8
  41              		.cfi_offset 7, -8
  42              		.cfi_offset 14, -4
  43 0002 84B0     		sub	sp, sp, #16
  44              		.cfi_def_cfa_offset 24
  45 0004 00AF     		add	r7, sp, #0
  46              		.cfi_def_cfa_register 7
  37:app_Ble.c     ****     uint8 txDataClientConfigDesc[2];
  38:app_Ble.c     ****    
  39:app_Ble.c     ****     CYBLE_GATT_HANDLE_VALUE_PAIR_T  attrValue = { 
  47              		.loc 1 39 0
  48 0006 3B00     		movs	r3, r7
  49 0008 0C22     		movs	r2, #12
  50 000a BA18     		adds	r2, r7, r2
  51 000c 1A60     		str	r2, [r3]
  52 000e 3B00     		movs	r3, r7
  53 0010 0222     		movs	r2, #2
  54 0012 9A80     		strh	r2, [r3, #4]
  55 0014 3B00     		movs	r3, r7
  56 0016 0222     		movs	r2, #2
  57 0018 DA80     		strh	r2, [r3, #6]
  58 001a 3B00     		movs	r3, r7
  59 001c 0F22     		movs	r2, #15
  60 001e 1A81     		strh	r2, [r3, #8]
  40:app_Ble.c     ****                                                     {(uint8 *)txDataClientConfigDesc, 2, 2}, 
  41:app_Ble.c     ****                                                     CYBLE_SERVER_UART_SERVER_UART_TX_DATA_CLIENT_CH
  42:app_Ble.c     ****                                                 };
  43:app_Ble.c     ****     switch (cyBle_state)
  61              		.loc 1 43 0
  62 0020 174B     		ldr	r3, .L10
  63 0022 1B78     		ldrb	r3, [r3]
  64 0024 032B     		cmp	r3, #3
  65 0026 23D0     		beq	.L8
  66 0028 042B     		cmp	r3, #4
  67 002a 15D0     		beq	.L4
  68 002c 022B     		cmp	r3, #2
  69 002e 00D0     		beq	.L5
  44:app_Ble.c     ****     {
  45:app_Ble.c     ****         case CYBLE_STATE_ADVERTISING:
ARM GAS  C:\Users\BENAKA~1\AppData\Local\Temp\ccsWag2p.s 			page 3


  46:app_Ble.c     ****             break;
  47:app_Ble.c     ****         
  48:app_Ble.c     ****         case CYBLE_STATE_CONNECTED:
  49:app_Ble.c     ****             
  50:app_Ble.c     ****             /* read CCCD for TX characteristic for checking if notifications are enabled*/
  51:app_Ble.c     ****             CyBle_GattsReadAttributeValue(&attrValue, &cyBle_connHandle, CYBLE_GATT_DB_LOCALLY_INIT
  52:app_Ble.c     ****             
  53:app_Ble.c     ****             /* if stack is free, handle UART traffic */
  54:app_Ble.c     ****             if(CyBle_GattGetBusStatus() != CYBLE_STACK_STATE_BUSY)
  55:app_Ble.c     ****             {
  56:app_Ble.c     ****                 HandleUartTxTraffic((uint16)txDataClientConfigDesc[0]);
  57:app_Ble.c     ****             }
  58:app_Ble.c     ****             break;
  59:app_Ble.c     ****                 
  60:app_Ble.c     ****         case CYBLE_STATE_DISCONNECTED:
  61:app_Ble.c     ****         
  62:app_Ble.c     ****             txDataClientConfigDesc[0] = NOTIFICATON_DISABLED;
  63:app_Ble.c     ****             txDataClientConfigDesc[1] = NOTIFICATON_DISABLED;
  64:app_Ble.c     ****             
  65:app_Ble.c     ****             CyBle_GappStartAdvertisement(CYBLE_ADVERTISING_FAST);
  66:app_Ble.c     **** 
  67:app_Ble.c     ****             break;
  68:app_Ble.c     ****        
  69:app_Ble.c     ****         case CYBLE_STATE_INITIALIZING:
  70:app_Ble.c     ****         case CYBLE_STATE_STOPPED:
  71:app_Ble.c     ****         default:
  72:app_Ble.c     ****             break;       
  70              		.loc 1 72 0
  71 0030 21E0     		b	.L6
  72              	.L5:
  51:app_Ble.c     ****             
  73              		.loc 1 51 0
  74 0032 1449     		ldr	r1, .L10+4
  75 0034 3B00     		movs	r3, r7
  76 0036 0022     		movs	r2, #0
  77 0038 1800     		movs	r0, r3
  78 003a FFF7FEFF 		bl	CyBle_GattsReadAttributeValue
  54:app_Ble.c     ****             {
  79              		.loc 1 54 0
  80 003e 124B     		ldr	r3, .L10+8
  81 0040 1B78     		ldrb	r3, [r3]
  82 0042 DBB2     		uxtb	r3, r3
  83 0044 012B     		cmp	r3, #1
  84 0046 15D0     		beq	.L9
  56:app_Ble.c     ****             }
  85              		.loc 1 56 0
  86 0048 0C23     		movs	r3, #12
  87 004a FB18     		adds	r3, r7, r3
  88 004c 1B78     		ldrb	r3, [r3]
  89 004e 9BB2     		uxth	r3, r3
  90 0050 1800     		movs	r0, r3
  91 0052 FFF7FEFF 		bl	HandleUartTxTraffic
  58:app_Ble.c     ****                 
  92              		.loc 1 58 0
  93 0056 0DE0     		b	.L9
  94              	.L4:
  62:app_Ble.c     ****             txDataClientConfigDesc[1] = NOTIFICATON_DISABLED;
ARM GAS  C:\Users\BENAKA~1\AppData\Local\Temp\ccsWag2p.s 			page 4


  95              		.loc 1 62 0
  96 0058 0C23     		movs	r3, #12
  97 005a FB18     		adds	r3, r7, r3
  98 005c 0022     		movs	r2, #0
  99 005e 1A70     		strb	r2, [r3]
  63:app_Ble.c     ****             
 100              		.loc 1 63 0
 101 0060 0C23     		movs	r3, #12
 102 0062 FB18     		adds	r3, r7, r3
 103 0064 0022     		movs	r2, #0
 104 0066 5A70     		strb	r2, [r3, #1]
  65:app_Ble.c     **** 
 105              		.loc 1 65 0
 106 0068 0020     		movs	r0, #0
 107 006a FFF7FEFF 		bl	CyBle_GappStartAdvertisement
  67:app_Ble.c     ****        
 108              		.loc 1 67 0
 109 006e 02E0     		b	.L6
 110              	.L8:
  46:app_Ble.c     ****         
 111              		.loc 1 46 0
 112 0070 C046     		nop
 113 0072 00E0     		b	.L6
 114              	.L9:
  58:app_Ble.c     ****                 
 115              		.loc 1 58 0
 116 0074 C046     		nop
 117              	.L6:
  73:app_Ble.c     ****     }
  74:app_Ble.c     **** }
 118              		.loc 1 74 0 discriminator 1
 119 0076 C046     		nop
 120 0078 BD46     		mov	sp, r7
 121 007a 04B0     		add	sp, sp, #16
 122              		@ sp needed
 123 007c 80BD     		pop	{r7, pc}
 124              	.L11:
 125 007e C046     		.align	2
 126              	.L10:
 127 0080 00000000 		.word	cyBle_state
 128 0084 00000000 		.word	cyBle_connHandle
 129 0088 00000000 		.word	cyBle_busyStatus
 130              		.cfi_endproc
 131              	.LFE35:
 132              		.size	HandleBleProcessing, .-HandleBleProcessing
 133              		.section	.rodata
 134              		.align	2
 135              	.LC4:
 136 0000 0A0D2044 		.ascii	"\012\015 DISCONNECTED!!! \012\015 \000"
 136      4953434F 
 136      4E4E4543 
 136      54454421 
 136      2121200A 
 137 0017 00       		.align	2
 138              	.LC6:
 139 0018 0A0D436F 		.ascii	"\012\015Connection established\000"
 139      6E6E6563 
ARM GAS  C:\Users\BENAKA~1\AppData\Local\Temp\ccsWag2p.s 			page 5


 139      74696F6E 
 139      20657374 
 139      61626C69 
 140 0031 000000   		.align	2
 141              	.LC9:
 142 0034 4359424C 		.ascii	"CYBLE_EVT_GAP_AUTH_FAILED:\000"
 142      455F4556 
 142      545F4741 
 142      505F4155 
 142      54485F46 
 143 004f 00       		.align	2
 144              	.LC11:
 145 0050 4359424C 		.ascii	"CYBLE_EVT_GAP_AUTH_WUT:\000"
 145      455F4556 
 145      545F4741 
 145      505F4155 
 145      54485F57 
 146              		.align	2
 147              	.LC14:
 148 0068 0A0D4E6F 		.ascii	"\012\015Notifications enabled\012\015\000"
 148      74696669 
 148      63617469 
 148      6F6E7320 
 148      656E6162 
 149 0082 0000     		.align	2
 150              	.LC16:
 151 0084 0A0D5374 		.ascii	"\012\015Start entering data:\012\015\000"
 151      61727420 
 151      656E7465 
 151      72696E67 
 151      20646174 
 152              		.section	.text.AppCallBack,"ax",%progbits
 153              		.align	2
 154              		.global	AppCallBack
 155              		.code	16
 156              		.thumb_func
 157              		.type	AppCallBack, %function
 158              	AppCallBack:
 159              	.LFB36:
  75:app_Ble.c     **** 
  76:app_Ble.c     **** 
  77:app_Ble.c     **** /*******************************************************************************
  78:app_Ble.c     **** * Function Name: AppCallBack
  79:app_Ble.c     **** ********************************************************************************
  80:app_Ble.c     **** *
  81:app_Ble.c     **** * Summary:
  82:app_Ble.c     **** *   Call back function for BLE stack to handle BLESS events
  83:app_Ble.c     **** *
  84:app_Ble.c     **** * Parameters:
  85:app_Ble.c     **** *   event       - the event generated by stack
  86:app_Ble.c     **** *   eventParam  - the parameters related to the corresponding event
  87:app_Ble.c     **** *
  88:app_Ble.c     **** * Return:
  89:app_Ble.c     **** *   None.
  90:app_Ble.c     **** *
  91:app_Ble.c     **** *******************************************************************************/
  92:app_Ble.c     **** void AppCallBack(uint32 event, void *eventParam)
ARM GAS  C:\Users\BENAKA~1\AppData\Local\Temp\ccsWag2p.s 			page 6


  93:app_Ble.c     **** {   
 160              		.loc 1 93 0
 161              		.cfi_startproc
 162              		@ args = 0, pretend = 0, frame = 16
 163              		@ frame_needed = 1, uses_anonymous_args = 0
 164 0000 90B5     		push	{r4, r7, lr}
 165              		.cfi_def_cfa_offset 12
 166              		.cfi_offset 4, -12
 167              		.cfi_offset 7, -8
 168              		.cfi_offset 14, -4
 169 0002 85B0     		sub	sp, sp, #20
 170              		.cfi_def_cfa_offset 32
 171 0004 00AF     		add	r7, sp, #0
 172              		.cfi_def_cfa_register 7
 173 0006 7860     		str	r0, [r7, #4]
 174 0008 3960     		str	r1, [r7]
  94:app_Ble.c     ****     CYBLE_GATT_ERR_CODE_T           errorCode;
  95:app_Ble.c     ****     CYBLE_GATTS_WRITE_REQ_PARAM_T   *writeReqParam;
  96:app_Ble.c     ****     
  97:app_Ble.c     ****     switch (event)
 175              		.loc 1 97 0
 176 000a 7B68     		ldr	r3, [r7, #4]
 177 000c 4E2B     		cmp	r3, #78
 178 000e 00D9     		bls	.LCB114
 179 0010 70E0     		b	.L30	@long jump
 180              	.LCB114:
 181 0012 7B68     		ldr	r3, [r7, #4]
 182 0014 9A00     		lsls	r2, r3, #2
 183 0016 3B4B     		ldr	r3, .L32
 184 0018 D318     		adds	r3, r2, r3
 185 001a 1B68     		ldr	r3, [r3]
 186 001c 9F46     		mov	pc, r3
 187              		.section	.rodata
 188 009d 000000   		.align	2
 189              	.L15:
 190 00a0 F4000000 		.word	.L30
 191 00a4 F4000000 		.word	.L30
 192 00a8 F4000000 		.word	.L30
 193 00ac F4000000 		.word	.L30
 194 00b0 F4000000 		.word	.L30
 195 00b4 F4000000 		.word	.L30
 196 00b8 F4000000 		.word	.L30
 197 00bc F4000000 		.word	.L30
 198 00c0 F4000000 		.word	.L30
 199 00c4 F4000000 		.word	.L30
 200 00c8 F4000000 		.word	.L30
 201 00cc F4000000 		.word	.L30
 202 00d0 F4000000 		.word	.L30
 203 00d4 F4000000 		.word	.L30
 204 00d8 F4000000 		.word	.L30
 205 00dc F4000000 		.word	.L30
 206 00e0 F4000000 		.word	.L30
 207 00e4 F4000000 		.word	.L30
 208 00e8 F4000000 		.word	.L30
 209 00ec F4000000 		.word	.L30
 210 00f0 F4000000 		.word	.L30
 211 00f4 F4000000 		.word	.L30
ARM GAS  C:\Users\BENAKA~1\AppData\Local\Temp\ccsWag2p.s 			page 7


 212 00f8 F4000000 		.word	.L30
 213 00fc F4000000 		.word	.L30
 214 0100 F4000000 		.word	.L30
 215 0104 F4000000 		.word	.L30
 216 0108 F4000000 		.word	.L30
 217 010c F4000000 		.word	.L30
 218 0110 F4000000 		.word	.L30
 219 0114 F4000000 		.word	.L30
 220 0118 F4000000 		.word	.L30
 221 011c F4000000 		.word	.L30
 222 0120 F4000000 		.word	.L30
 223 0124 90000000 		.word	.L16
 224 0128 F4000000 		.word	.L30
 225 012c F4000000 		.word	.L30
 226 0130 F4000000 		.word	.L30
 227 0134 86000000 		.word	.L17
 228 0138 F4000000 		.word	.L30
 229 013c F4000000 		.word	.L30
 230 0140 1E000000 		.word	.L18
 231 0144 F4000000 		.word	.L30
 232 0148 F4000000 		.word	.L30
 233 014c F4000000 		.word	.L30
 234 0150 F4000000 		.word	.L30
 235 0154 F4000000 		.word	.L30
 236 0158 F4000000 		.word	.L30
 237 015c F4000000 		.word	.L30
 238 0160 F4000000 		.word	.L30
 239 0164 F4000000 		.word	.L30
 240 0168 F4000000 		.word	.L30
 241 016c F4000000 		.word	.L30
 242 0170 F4000000 		.word	.L30
 243 0174 F4000000 		.word	.L30
 244 0178 F4000000 		.word	.L30
 245 017c F4000000 		.word	.L30
 246 0180 F4000000 		.word	.L30
 247 0184 F4000000 		.word	.L30
 248 0188 F4000000 		.word	.L30
 249 018c F4000000 		.word	.L30
 250 0190 F4000000 		.word	.L30
 251 0194 F4000000 		.word	.L30
 252 0198 F4000000 		.word	.L30
 253 019c F4000000 		.word	.L30
 254 01a0 F4000000 		.word	.L30
 255 01a4 58000000 		.word	.L19
 256 01a8 F4000000 		.word	.L30
 257 01ac 6C000000 		.word	.L20
 258 01b0 F4000000 		.word	.L30
 259 01b4 F4000000 		.word	.L30
 260 01b8 F4000000 		.word	.L30
 261 01bc F4000000 		.word	.L30
 262 01c0 F4000000 		.word	.L30
 263 01c4 F4000000 		.word	.L30
 264 01c8 F4000000 		.word	.L30
 265 01cc F4000000 		.word	.L30
 266 01d0 9A000000 		.word	.L21
 267 01d4 F4000000 		.word	.L30
 268 01d8 62000000 		.word	.L22
ARM GAS  C:\Users\BENAKA~1\AppData\Local\Temp\ccsWag2p.s 			page 8


 269              		.section	.text.AppCallBack
 270              	.L18:
  98:app_Ble.c     ****     {
  99:app_Ble.c     ****         case CYBLE_EVT_STACK_ON:
 100:app_Ble.c     ****             break;
 101:app_Ble.c     ****             
 102:app_Ble.c     ****         case CYBLE_EVT_GAP_DEVICE_DISCONNECTED:
 103:app_Ble.c     ****             
 104:app_Ble.c     ****             #ifdef PRINT_MESSAGE_LOG   
 105:app_Ble.c     ****                 UART_UartPutString("\n\r DISCONNECTED!!! \n\r ");
 271              		.loc 1 105 0
 272 001e 3A4B     		ldr	r3, .L32+4
 273 0020 1800     		movs	r0, r3
 274 0022 FFF7FEFF 		bl	UART_UartPutString
 106:app_Ble.c     ****                 while(0 != (UART_SpiUartGetTxBufferSize() + UART_GET_TX_FIFO_SR_VALID));
 275              		.loc 1 106 0
 276 0026 C046     		nop
 277              	.L26:
 278              		.loc 1 106 0 is_stmt 0 discriminator 5
 279 0028 FFF7FEFF 		bl	UART_SpiUartGetTxBufferSize
 280 002c 0100     		movs	r1, r0
 281 002e 374B     		ldr	r3, .L32+8
 282 0030 1A68     		ldr	r2, [r3]
 283 0032 8023     		movs	r3, #128
 284 0034 1B02     		lsls	r3, r3, #8
 285 0036 1340     		ands	r3, r2
 286 0038 01D0     		beq	.L24
 287              		.loc 1 106 0 discriminator 1
 288 003a 0123     		movs	r3, #1
 289 003c 00E0     		b	.L25
 290              	.L24:
 291              		.loc 1 106 0 discriminator 2
 292 003e 0023     		movs	r3, #0
 293              	.L25:
 294              		.loc 1 106 0 discriminator 4
 295 0040 CB18     		adds	r3, r1, r3
 296 0042 002B     		cmp	r3, #0
 297 0044 F0D1     		bne	.L26
 107:app_Ble.c     ****             #endif
 108:app_Ble.c     ****             
 109:app_Ble.c     ****             /* RESET Uart and flush all buffers */
 110:app_Ble.c     ****             UART_Stop();
 298              		.loc 1 110 0 is_stmt 1
 299 0046 FFF7FEFF 		bl	UART_Stop
 111:app_Ble.c     ****             UART_SpiUartClearTxBuffer();
 300              		.loc 1 111 0
 301 004a FFF7FEFF 		bl	UART_SpiUartClearTxBuffer
 112:app_Ble.c     ****             UART_SpiUartClearRxBuffer();
 302              		.loc 1 112 0
 303 004e FFF7FEFF 		bl	UART_SpiUartClearRxBuffer
 113:app_Ble.c     ****             UART_Start();
 304              		.loc 1 113 0
 305 0052 FFF7FEFF 		bl	UART_Start
 114:app_Ble.c     ****             break;
 306              		.loc 1 114 0
 307 0056 50E0     		b	.L23
 308              	.L19:
ARM GAS  C:\Users\BENAKA~1\AppData\Local\Temp\ccsWag2p.s 			page 9


 115:app_Ble.c     ****             
 116:app_Ble.c     ****         case CYBLE_EVT_GATT_CONNECT_IND:
 117:app_Ble.c     ****             
 118:app_Ble.c     ****             #ifdef PRINT_MESSAGE_LOG   
 119:app_Ble.c     ****                 UART_UartPutString("\n\rConnection established");             
 309              		.loc 1 119 0
 310 0058 2D4B     		ldr	r3, .L32+12
 311 005a 1800     		movs	r0, r3
 312 005c FFF7FEFF 		bl	UART_UartPutString
 120:app_Ble.c     ****             #endif
 121:app_Ble.c     ****             
 122:app_Ble.c     ****             break;
 313              		.loc 1 122 0
 314 0060 4BE0     		b	.L23
 315              	.L22:
 123:app_Ble.c     ****         
 124:app_Ble.c     ****         case CYBLE_EVT_GATTS_WRITE_CMD_REQ:
 125:app_Ble.c     ****             
 126:app_Ble.c     ****             HandleUartRxTraffic((CYBLE_GATTS_WRITE_REQ_PARAM_T *) eventParam);
 316              		.loc 1 126 0
 317 0062 3B68     		ldr	r3, [r7]
 318 0064 1800     		movs	r0, r3
 319 0066 FFF7FEFF 		bl	HandleUartRxTraffic
 127:app_Ble.c     ****             
 128:app_Ble.c     ****             break;
 320              		.loc 1 128 0
 321 006a 46E0     		b	.L23
 322              	.L20:
 129:app_Ble.c     ****         
 130:app_Ble.c     ****         case CYBLE_EVT_GATTS_XCNHG_MTU_REQ:
 131:app_Ble.c     ****             
 132:app_Ble.c     ****             if(CYBLE_GATT_MTU > ((CYBLE_GATT_XCHG_MTU_PARAM_T *)eventParam)->mtu)
 323              		.loc 1 132 0
 324 006c 3B68     		ldr	r3, [r7]
 325 006e 5B88     		ldrh	r3, [r3, #2]
 326 0070 162B     		cmp	r3, #22
 327 0072 04D8     		bhi	.L27
 133:app_Ble.c     ****             {
 134:app_Ble.c     ****                 mtuSize = ((CYBLE_GATT_XCHG_MTU_PARAM_T *)eventParam)->mtu;
 328              		.loc 1 134 0
 329 0074 3B68     		ldr	r3, [r7]
 330 0076 5A88     		ldrh	r2, [r3, #2]
 331 0078 264B     		ldr	r3, .L32+16
 332 007a 1A80     		strh	r2, [r3]
 135:app_Ble.c     ****             }
 136:app_Ble.c     ****             else
 137:app_Ble.c     ****             {
 138:app_Ble.c     ****                 mtuSize = CYBLE_GATT_MTU;
 139:app_Ble.c     ****             }
 140:app_Ble.c     ****             
 141:app_Ble.c     ****             break;
 333              		.loc 1 141 0
 334 007c 3DE0     		b	.L23
 335              	.L27:
 138:app_Ble.c     ****             }
 336              		.loc 1 138 0
 337 007e 254B     		ldr	r3, .L32+16
ARM GAS  C:\Users\BENAKA~1\AppData\Local\Temp\ccsWag2p.s 			page 10


 338 0080 1722     		movs	r2, #23
 339 0082 1A80     		strh	r2, [r3]
 340              		.loc 1 141 0
 341 0084 39E0     		b	.L23
 342              	.L17:
 142:app_Ble.c     ****         case CYBLE_EVT_GAP_AUTH_FAILED:
 143:app_Ble.c     ****                 
 144:app_Ble.c     ****                 /*Authentication Failed.Display the error code */
 145:app_Ble.c     ****             UART_UartPutString("CYBLE_EVT_GAP_AUTH_FAILED:");
 343              		.loc 1 145 0
 344 0086 244B     		ldr	r3, .L32+20
 345 0088 1800     		movs	r0, r3
 346 008a FFF7FEFF 		bl	UART_UartPutString
 146:app_Ble.c     ****             
 147:app_Ble.c     ****             break;
 347              		.loc 1 147 0
 348 008e 34E0     		b	.L23
 349              	.L16:
 148:app_Ble.c     ****         case CYBLE_EVT_GAP_AUTH_REQ:
 149:app_Ble.c     ****             UART_UartPutString("CYBLE_EVT_GAP_AUTH_WUT:");
 350              		.loc 1 149 0
 351 0090 224B     		ldr	r3, .L32+24
 352 0092 1800     		movs	r0, r3
 353 0094 FFF7FEFF 		bl	UART_UartPutString
 150:app_Ble.c     ****             break;
 354              		.loc 1 150 0
 355 0098 2FE0     		b	.L23
 356              	.L21:
 151:app_Ble.c     ****         case CYBLE_EVT_GATTS_WRITE_REQ:
 152:app_Ble.c     ****             
 153:app_Ble.c     ****             writeReqParam = (CYBLE_GATTS_WRITE_REQ_PARAM_T *) eventParam;
 357              		.loc 1 153 0
 358 009a 3B68     		ldr	r3, [r7]
 359 009c FB60     		str	r3, [r7, #12]
 154:app_Ble.c     ****             
 155:app_Ble.c     ****             if(CYBLE_SERVER_UART_SERVER_UART_TX_DATA_CLIENT_CHARACTERISTIC_CONFIGURATION_DESC_HANDL
 156:app_Ble.c     ****                                                                     writeReqParam->handleValPair.at
 360              		.loc 1 156 0
 361 009e FB68     		ldr	r3, [r7, #12]
 362 00a0 9B89     		ldrh	r3, [r3, #12]
 155:app_Ble.c     ****                                                                     writeReqParam->handleValPair.at
 363              		.loc 1 155 0
 364 00a2 0F2B     		cmp	r3, #15
 365 00a4 28D1     		bne	.L31
 157:app_Ble.c     ****             {
 158:app_Ble.c     ****                 errorCode = CyBle_GattsWriteAttributeValue(&(writeReqParam->handleValPair), \
 366              		.loc 1 158 0
 367 00a6 FB68     		ldr	r3, [r7, #12]
 368 00a8 181D     		adds	r0, r3, #4
 369 00aa 0B23     		movs	r3, #11
 370 00ac FC18     		adds	r4, r7, r3
 371 00ae 1C4A     		ldr	r2, .L32+28
 372 00b0 4023     		movs	r3, #64
 373 00b2 0021     		movs	r1, #0
 374 00b4 FFF7FEFF 		bl	CyBle_GattsWriteAttributeValue
 375 00b8 0300     		movs	r3, r0
 376 00ba 2370     		strb	r3, [r4]
ARM GAS  C:\Users\BENAKA~1\AppData\Local\Temp\ccsWag2p.s 			page 11


 159:app_Ble.c     ****                                                 0, &cyBle_connHandle, CYBLE_GATT_DB_PEER_INITIATED)
 160:app_Ble.c     ****                 
 161:app_Ble.c     ****                 if (CYBLE_GATT_ERR_NONE  == errorCode)
 377              		.loc 1 161 0
 378 00bc 0B23     		movs	r3, #11
 379 00be FB18     		adds	r3, r7, r3
 380 00c0 1B78     		ldrb	r3, [r3]
 381 00c2 002B     		cmp	r3, #0
 382 00c4 18D1     		bne	.L31
 162:app_Ble.c     ****                 {
 163:app_Ble.c     ****                     CyBle_GattsWriteRsp(cyBle_connHandle);
 383              		.loc 1 163 0
 384 00c6 164B     		ldr	r3, .L32+28
 385 00c8 1A78     		ldrb	r2, [r3]
 386 00ca 5B78     		ldrb	r3, [r3, #1]
 387 00cc 1B02     		lsls	r3, r3, #8
 388 00ce 1A43     		orrs	r2, r3
 389 00d0 0023     		movs	r3, #0
 390 00d2 1204     		lsls	r2, r2, #16
 391 00d4 120C     		lsrs	r2, r2, #16
 392 00d6 1B0C     		lsrs	r3, r3, #16
 393 00d8 1B04     		lsls	r3, r3, #16
 394 00da 1343     		orrs	r3, r2
 395 00dc 1800     		movs	r0, r3
 396 00de FFF7FEFF 		bl	CyBle_GattsWriteRsp
 164:app_Ble.c     ****                     #ifdef PRINT_MESSAGE_LOG   
 165:app_Ble.c     ****                         UART_UartPutString("\n\rNotifications enabled\n\r");
 397              		.loc 1 165 0
 398 00e2 104B     		ldr	r3, .L32+32
 399 00e4 1800     		movs	r0, r3
 400 00e6 FFF7FEFF 		bl	UART_UartPutString
 166:app_Ble.c     ****                         UART_UartPutString("\n\rStart entering data:\n\r");
 401              		.loc 1 166 0
 402 00ea 0F4B     		ldr	r3, .L32+36
 403 00ec 1800     		movs	r0, r3
 404 00ee FFF7FEFF 		bl	UART_UartPutString
 167:app_Ble.c     ****                     #endif
 168:app_Ble.c     ****                 }
 169:app_Ble.c     ****             }
 170:app_Ble.c     ****             
 171:app_Ble.c     ****             break;
 405              		.loc 1 171 0
 406 00f2 01E0     		b	.L31
 407              	.L30:
 172:app_Ble.c     ****         
 173:app_Ble.c     ****         default:
 174:app_Ble.c     ****             break;
 408              		.loc 1 174 0
 409 00f4 C046     		nop
 410 00f6 00E0     		b	.L23
 411              	.L31:
 171:app_Ble.c     ****         
 412              		.loc 1 171 0
 413 00f8 C046     		nop
 414              	.L23:
 175:app_Ble.c     ****     }
 176:app_Ble.c     **** }
ARM GAS  C:\Users\BENAKA~1\AppData\Local\Temp\ccsWag2p.s 			page 12


 415              		.loc 1 176 0
 416 00fa C046     		nop
 417 00fc BD46     		mov	sp, r7
 418 00fe 05B0     		add	sp, sp, #20
 419              		@ sp needed
 420 0100 90BD     		pop	{r4, r7, pc}
 421              	.L33:
 422 0102 C046     		.align	2
 423              	.L32:
 424 0104 A0000000 		.word	.L15
 425 0108 00000000 		.word	.LC4
 426 010c 08022440 		.word	1076101640
 427 0110 18000000 		.word	.LC6
 428 0114 00000000 		.word	mtuSize
 429 0118 34000000 		.word	.LC9
 430 011c 50000000 		.word	.LC11
 431 0120 00000000 		.word	cyBle_connHandle
 432 0124 68000000 		.word	.LC14
 433 0128 84000000 		.word	.LC16
 434              		.cfi_endproc
 435              	.LFE36:
 436              		.size	AppCallBack, .-AppCallBack
 437              		.text
 438              	.Letext0:
 439              		.file 2 "Generated_Source\\PSoC4/cytypes.h"
 440              		.file 3 "Generated_Source\\PSoC4/BLE_Stack.h"
 441              		.file 4 "Generated_Source\\PSoC4/BLE_StackGatt.h"
 442              		.file 5 "Generated_Source\\PSoC4/BLE_StackGattServer.h"
 443              		.file 6 "Generated_Source\\PSoC4/BLE_eventHandler.h"
 444              		.section	.debug_info,"",%progbits
 445              	.Ldebug_info0:
 446 0000 96050000 		.4byte	0x596
 447 0004 0400     		.2byte	0x4
 448 0006 00000000 		.4byte	.Ldebug_abbrev0
 449 000a 04       		.byte	0x4
 450 000b 01       		.uleb128 0x1
 451 000c 63080000 		.4byte	.LASF161
 452 0010 0C       		.byte	0xc
 453 0011 94010000 		.4byte	.LASF162
 454 0015 990D0000 		.4byte	.LASF163
 455 0019 00000000 		.4byte	.Ldebug_ranges0+0
 456 001d 00000000 		.4byte	0
 457 0021 00000000 		.4byte	.Ldebug_line0
 458 0025 02       		.uleb128 0x2
 459 0026 01       		.byte	0x1
 460 0027 06       		.byte	0x6
 461 0028 5D030000 		.4byte	.LASF0
 462 002c 02       		.uleb128 0x2
 463 002d 01       		.byte	0x1
 464 002e 08       		.byte	0x8
 465 002f 710C0000 		.4byte	.LASF1
 466 0033 02       		.uleb128 0x2
 467 0034 02       		.byte	0x2
 468 0035 05       		.byte	0x5
 469 0036 0B0D0000 		.4byte	.LASF2
 470 003a 02       		.uleb128 0x2
 471 003b 02       		.byte	0x2
ARM GAS  C:\Users\BENAKA~1\AppData\Local\Temp\ccsWag2p.s 			page 13


 472 003c 07       		.byte	0x7
 473 003d 58100000 		.4byte	.LASF3
 474 0041 02       		.uleb128 0x2
 475 0042 04       		.byte	0x4
 476 0043 05       		.byte	0x5
 477 0044 EE010000 		.4byte	.LASF4
 478 0048 02       		.uleb128 0x2
 479 0049 04       		.byte	0x4
 480 004a 07       		.byte	0x7
 481 004b 3B060000 		.4byte	.LASF5
 482 004f 02       		.uleb128 0x2
 483 0050 08       		.byte	0x8
 484 0051 05       		.byte	0x5
 485 0052 4F030000 		.4byte	.LASF6
 486 0056 02       		.uleb128 0x2
 487 0057 08       		.byte	0x8
 488 0058 07       		.byte	0x7
 489 0059 F7010000 		.4byte	.LASF7
 490 005d 03       		.uleb128 0x3
 491 005e 04       		.byte	0x4
 492 005f 05       		.byte	0x5
 493 0060 696E7400 		.ascii	"int\000"
 494 0064 02       		.uleb128 0x2
 495 0065 04       		.byte	0x4
 496 0066 07       		.byte	0x7
 497 0067 C6050000 		.4byte	.LASF8
 498 006b 04       		.uleb128 0x4
 499 006c 59040000 		.4byte	.LASF9
 500 0070 02       		.byte	0x2
 501 0071 E401     		.2byte	0x1e4
 502 0073 2C000000 		.4byte	0x2c
 503 0077 04       		.uleb128 0x4
 504 0078 7F0C0000 		.4byte	.LASF10
 505 007c 02       		.byte	0x2
 506 007d E501     		.2byte	0x1e5
 507 007f 3A000000 		.4byte	0x3a
 508 0083 04       		.uleb128 0x4
 509 0084 CC040000 		.4byte	.LASF11
 510 0088 02       		.byte	0x2
 511 0089 E601     		.2byte	0x1e6
 512 008b 48000000 		.4byte	0x48
 513 008f 02       		.uleb128 0x2
 514 0090 04       		.byte	0x4
 515 0091 04       		.byte	0x4
 516 0092 E70E0000 		.4byte	.LASF12
 517 0096 02       		.uleb128 0x2
 518 0097 08       		.byte	0x8
 519 0098 04       		.byte	0x4
 520 0099 7E040000 		.4byte	.LASF13
 521 009d 02       		.uleb128 0x2
 522 009e 01       		.byte	0x1
 523 009f 08       		.byte	0x8
 524 00a0 050F0000 		.4byte	.LASF14
 525 00a4 05       		.uleb128 0x5
 526 00a5 6B000000 		.4byte	0x6b
 527 00a9 04       		.uleb128 0x4
 528 00aa 65090000 		.4byte	.LASF15
ARM GAS  C:\Users\BENAKA~1\AppData\Local\Temp\ccsWag2p.s 			page 14


 529 00ae 02       		.byte	0x2
 530 00af 9002     		.2byte	0x290
 531 00b1 B5000000 		.4byte	0xb5
 532 00b5 05       		.uleb128 0x5
 533 00b6 83000000 		.4byte	0x83
 534 00ba 02       		.uleb128 0x2
 535 00bb 08       		.byte	0x8
 536 00bc 04       		.byte	0x4
 537 00bd D3040000 		.4byte	.LASF16
 538 00c1 02       		.uleb128 0x2
 539 00c2 04       		.byte	0x4
 540 00c3 07       		.byte	0x7
 541 00c4 110A0000 		.4byte	.LASF17
 542 00c8 06       		.uleb128 0x6
 543 00c9 04       		.byte	0x4
 544 00ca 07       		.uleb128 0x7
 545 00cb 01       		.byte	0x1
 546 00cc 2C000000 		.4byte	0x2c
 547 00d0 03       		.byte	0x3
 548 00d1 4D01     		.2byte	0x14d
 549 00d3 88020000 		.4byte	0x288
 550 00d7 08       		.uleb128 0x8
 551 00d8 4B070000 		.4byte	.LASF18
 552 00dc 00       		.byte	0
 553 00dd 08       		.uleb128 0x8
 554 00de 69030000 		.4byte	.LASF19
 555 00e2 01       		.byte	0x1
 556 00e3 08       		.uleb128 0x8
 557 00e4 DC010000 		.4byte	.LASF20
 558 00e8 02       		.byte	0x2
 559 00e9 08       		.uleb128 0x8
 560 00ea 3F100000 		.4byte	.LASF21
 561 00ee 03       		.byte	0x3
 562 00ef 08       		.uleb128 0x8
 563 00f0 21020000 		.4byte	.LASF22
 564 00f4 04       		.byte	0x4
 565 00f5 08       		.uleb128 0x8
 566 00f6 23000000 		.4byte	.LASF23
 567 00fa 05       		.byte	0x5
 568 00fb 08       		.uleb128 0x8
 569 00fc 80070000 		.4byte	.LASF24
 570 0100 06       		.byte	0x6
 571 0101 08       		.uleb128 0x8
 572 0102 6B090000 		.4byte	.LASF25
 573 0106 20       		.byte	0x20
 574 0107 08       		.uleb128 0x8
 575 0108 A5030000 		.4byte	.LASF26
 576 010c 21       		.byte	0x21
 577 010d 08       		.uleb128 0x8
 578 010e BD070000 		.4byte	.LASF27
 579 0112 22       		.byte	0x22
 580 0113 08       		.uleb128 0x8
 581 0114 EC0F0000 		.4byte	.LASF28
 582 0118 23       		.byte	0x23
 583 0119 08       		.uleb128 0x8
 584 011a 500B0000 		.4byte	.LASF29
 585 011e 24       		.byte	0x24
ARM GAS  C:\Users\BENAKA~1\AppData\Local\Temp\ccsWag2p.s 			page 15


 586 011f 08       		.uleb128 0x8
 587 0120 760A0000 		.4byte	.LASF30
 588 0124 25       		.byte	0x25
 589 0125 08       		.uleb128 0x8
 590 0126 31040000 		.4byte	.LASF31
 591 012a 26       		.byte	0x26
 592 012b 08       		.uleb128 0x8
 593 012c E1070000 		.4byte	.LASF32
 594 0130 27       		.byte	0x27
 595 0131 08       		.uleb128 0x8
 596 0132 3E0F0000 		.4byte	.LASF33
 597 0136 28       		.byte	0x28
 598 0137 08       		.uleb128 0x8
 599 0138 A1020000 		.4byte	.LASF34
 600 013c 29       		.byte	0x29
 601 013d 08       		.uleb128 0x8
 602 013e 21010000 		.4byte	.LASF35
 603 0142 2A       		.byte	0x2a
 604 0143 08       		.uleb128 0x8
 605 0144 7C030000 		.4byte	.LASF36
 606 0148 2B       		.byte	0x2b
 607 0149 08       		.uleb128 0x8
 608 014a B0110000 		.4byte	.LASF37
 609 014e 2C       		.byte	0x2c
 610 014f 08       		.uleb128 0x8
 611 0150 BE020000 		.4byte	.LASF38
 612 0154 2D       		.byte	0x2d
 613 0155 08       		.uleb128 0x8
 614 0156 860C0000 		.4byte	.LASF39
 615 015a 2E       		.byte	0x2e
 616 015b 08       		.uleb128 0x8
 617 015c 6B010000 		.4byte	.LASF40
 618 0160 2F       		.byte	0x2f
 619 0161 08       		.uleb128 0x8
 620 0162 E80A0000 		.4byte	.LASF41
 621 0166 30       		.byte	0x30
 622 0167 08       		.uleb128 0x8
 623 0168 35120000 		.4byte	.LASF42
 624 016c 31       		.byte	0x31
 625 016d 08       		.uleb128 0x8
 626 016e C70A0000 		.4byte	.LASF43
 627 0172 32       		.byte	0x32
 628 0173 08       		.uleb128 0x8
 629 0174 8A0E0000 		.4byte	.LASF44
 630 0178 33       		.byte	0x33
 631 0179 08       		.uleb128 0x8
 632 017a 4D060000 		.4byte	.LASF45
 633 017e 34       		.byte	0x34
 634 017f 08       		.uleb128 0x8
 635 0180 090B0000 		.4byte	.LASF46
 636 0184 35       		.byte	0x35
 637 0185 08       		.uleb128 0x8
 638 0186 00080000 		.4byte	.LASF47
 639 018a 36       		.byte	0x36
 640 018b 08       		.uleb128 0x8
 641 018c 9D090000 		.4byte	.LASF48
 642 0190 37       		.byte	0x37
ARM GAS  C:\Users\BENAKA~1\AppData\Local\Temp\ccsWag2p.s 			page 16


 643 0191 08       		.uleb128 0x8
 644 0192 6B100000 		.4byte	.LASF49
 645 0196 40       		.byte	0x40
 646 0197 08       		.uleb128 0x8
 647 0198 F1080000 		.4byte	.LASF50
 648 019c 41       		.byte	0x41
 649 019d 08       		.uleb128 0x8
 650 019e 75120000 		.4byte	.LASF51
 651 01a2 42       		.byte	0x42
 652 01a3 08       		.uleb128 0x8
 653 01a4 DA100000 		.4byte	.LASF52
 654 01a8 43       		.byte	0x43
 655 01a9 08       		.uleb128 0x8
 656 01aa A2060000 		.4byte	.LASF53
 657 01ae 44       		.byte	0x44
 658 01af 08       		.uleb128 0x8
 659 01b0 F00B0000 		.4byte	.LASF54
 660 01b4 45       		.byte	0x45
 661 01b5 08       		.uleb128 0x8
 662 01b6 F0090000 		.4byte	.LASF55
 663 01ba 46       		.byte	0x46
 664 01bb 08       		.uleb128 0x8
 665 01bc 62070000 		.4byte	.LASF56
 666 01c0 47       		.byte	0x47
 667 01c1 08       		.uleb128 0x8
 668 01c2 89110000 		.4byte	.LASF57
 669 01c6 48       		.byte	0x48
 670 01c7 08       		.uleb128 0x8
 671 01c8 BC030000 		.4byte	.LASF58
 672 01cc 49       		.byte	0x49
 673 01cd 08       		.uleb128 0x8
 674 01ce 11110000 		.4byte	.LASF59
 675 01d2 4A       		.byte	0x4a
 676 01d3 08       		.uleb128 0x8
 677 01d4 9E010000 		.4byte	.LASF60
 678 01d8 4B       		.byte	0x4b
 679 01d9 08       		.uleb128 0x8
 680 01da 88060000 		.4byte	.LASF61
 681 01de 4C       		.byte	0x4c
 682 01df 08       		.uleb128 0x8
 683 01e0 A10A0000 		.4byte	.LASF62
 684 01e4 4D       		.byte	0x4d
 685 01e5 08       		.uleb128 0x8
 686 01e6 FA030000 		.4byte	.LASF63
 687 01ea 4E       		.byte	0x4e
 688 01eb 08       		.uleb128 0x8
 689 01ec 630D0000 		.4byte	.LASF64
 690 01f0 4F       		.byte	0x4f
 691 01f1 08       		.uleb128 0x8
 692 01f2 BD010000 		.4byte	.LASF65
 693 01f6 50       		.byte	0x50
 694 01f7 08       		.uleb128 0x8
 695 01f8 5F040000 		.4byte	.LASF66
 696 01fc 51       		.byte	0x51
 697 01fd 08       		.uleb128 0x8
 698 01fe 6C0B0000 		.4byte	.LASF67
 699 0202 52       		.byte	0x52
ARM GAS  C:\Users\BENAKA~1\AppData\Local\Temp\ccsWag2p.s 			page 17


 700 0203 08       		.uleb128 0x8
 701 0204 150D0000 		.4byte	.LASF68
 702 0208 53       		.byte	0x53
 703 0209 08       		.uleb128 0x8
 704 020a 3F0E0000 		.4byte	.LASF69
 705 020e 54       		.byte	0x54
 706 020f 08       		.uleb128 0x8
 707 0210 C0060000 		.4byte	.LASF70
 708 0214 55       		.byte	0x55
 709 0215 08       		.uleb128 0x8
 710 0216 A4050000 		.4byte	.LASF71
 711 021a 56       		.byte	0x56
 712 021b 08       		.uleb128 0x8
 713 021c 600F0000 		.4byte	.LASF72
 714 0220 57       		.byte	0x57
 715 0221 08       		.uleb128 0x8
 716 0222 E4060000 		.4byte	.LASF73
 717 0226 58       		.byte	0x58
 718 0227 08       		.uleb128 0x8
 719 0228 7B020000 		.4byte	.LASF74
 720 022c 70       		.byte	0x70
 721 022d 08       		.uleb128 0x8
 722 022e 0F120000 		.4byte	.LASF75
 723 0232 71       		.byte	0x71
 724 0233 08       		.uleb128 0x8
 725 0234 12090000 		.4byte	.LASF76
 726 0238 72       		.byte	0x72
 727 0239 08       		.uleb128 0x8
 728 023a D2090000 		.4byte	.LASF77
 729 023e 73       		.byte	0x73
 730 023f 08       		.uleb128 0x8
 731 0240 AC0B0000 		.4byte	.LASF78
 732 0244 74       		.byte	0x74
 733 0245 08       		.uleb128 0x8
 734 0246 85040000 		.4byte	.LASF79
 735 024a 75       		.byte	0x75
 736 024b 08       		.uleb128 0x8
 737 024c 4A010000 		.4byte	.LASF80
 738 0250 76       		.byte	0x76
 739 0251 08       		.uleb128 0x8
 740 0252 77000000 		.4byte	.LASF81
 741 0256 77       		.byte	0x77
 742 0257 08       		.uleb128 0x8
 743 0258 00000000 		.4byte	.LASF82
 744 025c 78       		.byte	0x78
 745 025d 08       		.uleb128 0x8
 746 025e 890F0000 		.4byte	.LASF83
 747 0262 79       		.byte	0x79
 748 0263 08       		.uleb128 0x8
 749 0264 46050000 		.4byte	.LASF84
 750 0268 7A       		.byte	0x7a
 751 0269 08       		.uleb128 0x8
 752 026a DD110000 		.4byte	.LASF85
 753 026e FA       		.byte	0xfa
 754 026f 08       		.uleb128 0x8
 755 0270 D3050000 		.4byte	.LASF86
 756 0274 FB       		.byte	0xfb
ARM GAS  C:\Users\BENAKA~1\AppData\Local\Temp\ccsWag2p.s 			page 18


 757 0275 08       		.uleb128 0x8
 758 0276 510D0000 		.4byte	.LASF87
 759 027a FC       		.byte	0xfc
 760 027b 08       		.uleb128 0x8
 761 027c ED0E0000 		.4byte	.LASF88
 762 0280 FD       		.byte	0xfd
 763 0281 08       		.uleb128 0x8
 764 0282 02050000 		.4byte	.LASF89
 765 0286 FF       		.byte	0xff
 766 0287 00       		.byte	0
 767 0288 09       		.uleb128 0x9
 768 0289 04       		.byte	0x4
 769 028a 6B000000 		.4byte	0x6b
 770 028e 0A       		.uleb128 0xa
 771 028f 01       		.byte	0x1
 772 0290 2C000000 		.4byte	0x2c
 773 0294 04       		.byte	0x4
 774 0295 A5       		.byte	0xa5
 775 0296 85030000 		.4byte	0x385
 776 029a 08       		.uleb128 0x8
 777 029b 10050000 		.4byte	.LASF90
 778 029f 00       		.byte	0
 779 02a0 08       		.uleb128 0x8
 780 02a1 03010000 		.4byte	.LASF91
 781 02a5 01       		.byte	0x1
 782 02a6 08       		.uleb128 0x8
 783 02a7 24050000 		.4byte	.LASF92
 784 02ab 02       		.byte	0x2
 785 02ac 08       		.uleb128 0x8
 786 02ad DF040000 		.4byte	.LASF93
 787 02b1 03       		.byte	0x3
 788 02b2 08       		.uleb128 0x8
 789 02b3 D5030000 		.4byte	.LASF94
 790 02b7 04       		.byte	0x4
 791 02b8 08       		.uleb128 0x8
 792 02b9 0C030000 		.4byte	.LASF95
 793 02bd 05       		.byte	0x5
 794 02be 08       		.uleb128 0x8
 795 02bf DE000000 		.4byte	.LASF96
 796 02c3 06       		.byte	0x6
 797 02c4 08       		.uleb128 0x8
 798 02c5 2F110000 		.4byte	.LASF97
 799 02c9 07       		.byte	0x7
 800 02ca 08       		.uleb128 0x8
 801 02cb 260B0000 		.4byte	.LASF98
 802 02cf 08       		.byte	0x8
 803 02d0 08       		.uleb128 0x8
 804 02d1 2D0C0000 		.4byte	.LASF99
 805 02d5 09       		.byte	0x9
 806 02d6 08       		.uleb128 0x8
 807 02d7 65060000 		.4byte	.LASF100
 808 02db 0A       		.byte	0xa
 809 02dc 08       		.uleb128 0x8
 810 02dd 29070000 		.4byte	.LASF101
 811 02e1 0B       		.byte	0xb
 812 02e2 08       		.uleb128 0x8
 813 02e3 AA000000 		.4byte	.LASF102
ARM GAS  C:\Users\BENAKA~1\AppData\Local\Temp\ccsWag2p.s 			page 19


 814 02e7 0C       		.byte	0xc
 815 02e8 08       		.uleb128 0x8
 816 02e9 AA0C0000 		.4byte	.LASF103
 817 02ed 0D       		.byte	0xd
 818 02ee 08       		.uleb128 0x8
 819 02ef AC0F0000 		.4byte	.LASF104
 820 02f3 0E       		.byte	0xe
 821 02f4 08       		.uleb128 0x8
 822 02f5 B3100000 		.4byte	.LASF105
 823 02f9 0F       		.byte	0xf
 824 02fa 08       		.uleb128 0x8
 825 02fb A6040000 		.4byte	.LASF106
 826 02ff 10       		.byte	0x10
 827 0300 08       		.uleb128 0x8
 828 0301 1A0A0000 		.4byte	.LASF107
 829 0305 11       		.byte	0x11
 830 0306 08       		.uleb128 0x8
 831 0307 0A0F0000 		.4byte	.LASF108
 832 030b 80       		.byte	0x80
 833 030c 08       		.uleb128 0x8
 834 030d B10E0000 		.4byte	.LASF109
 835 0311 80       		.byte	0x80
 836 0312 08       		.uleb128 0x8
 837 0313 85100000 		.4byte	.LASF110
 838 0317 80       		.byte	0x80
 839 0318 08       		.uleb128 0x8
 840 0319 2E090000 		.4byte	.LASF111
 841 031d 80       		.byte	0x80
 842 031e 08       		.uleb128 0x8
 843 031f 37080000 		.4byte	.LASF112
 844 0323 80       		.byte	0x80
 845 0324 08       		.uleb128 0x8
 846 0325 0D060000 		.4byte	.LASF113
 847 0329 80       		.byte	0x80
 848 032a 08       		.uleb128 0x8
 849 032b E7020000 		.4byte	.LASF114
 850 032f 80       		.byte	0x80
 851 0330 08       		.uleb128 0x8
 852 0331 360D0000 		.4byte	.LASF115
 853 0335 80       		.byte	0x80
 854 0336 08       		.uleb128 0x8
 855 0337 CF0C0000 		.4byte	.LASF116
 856 033b 81       		.byte	0x81
 857 033c 08       		.uleb128 0x8
 858 033d 36020000 		.4byte	.LASF117
 859 0341 81       		.byte	0x81
 860 0342 08       		.uleb128 0x8
 861 0343 F2050000 		.4byte	.LASF118
 862 0347 81       		.byte	0x81
 863 0348 08       		.uleb128 0x8
 864 0349 53000000 		.4byte	.LASF119
 865 034d 81       		.byte	0x81
 866 034e 08       		.uleb128 0x8
 867 034f 4D110000 		.4byte	.LASF120
 868 0353 82       		.byte	0x82
 869 0354 08       		.uleb128 0x8
 870 0355 75050000 		.4byte	.LASF121
ARM GAS  C:\Users\BENAKA~1\AppData\Local\Temp\ccsWag2p.s 			page 20


 871 0359 A0       		.byte	0xa0
 872 035a 08       		.uleb128 0x8
 873 035b 99070000 		.4byte	.LASF122
 874 035f A0       		.byte	0xa0
 875 0360 08       		.uleb128 0x8
 876 0361 57020000 		.4byte	.LASF123
 877 0365 A1       		.byte	0xa1
 878 0366 08       		.uleb128 0x8
 879 0367 CA0B0000 		.4byte	.LASF124
 880 036b A2       		.byte	0xa2
 881 036c 08       		.uleb128 0x8
 882 036d CA0F0000 		.4byte	.LASF125
 883 0371 A3       		.byte	0xa3
 884 0372 08       		.uleb128 0x8
 885 0373 600E0000 		.4byte	.LASF126
 886 0377 FD       		.byte	0xfd
 887 0378 08       		.uleb128 0x8
 888 0379 12100000 		.4byte	.LASF127
 889 037d FE       		.byte	0xfe
 890 037e 08       		.uleb128 0x8
 891 037f 550C0000 		.4byte	.LASF128
 892 0383 FF       		.byte	0xff
 893 0384 00       		.byte	0
 894 0385 04       		.uleb128 0x4
 895 0386 21080000 		.4byte	.LASF129
 896 038a 04       		.byte	0x4
 897 038b 5F01     		.2byte	0x15f
 898 038d 8E020000 		.4byte	0x28e
 899 0391 04       		.uleb128 0x4
 900 0392 59120000 		.4byte	.LASF130
 901 0396 04       		.byte	0x4
 902 0397 8901     		.2byte	0x189
 903 0399 77000000 		.4byte	0x77
 904 039d 0B       		.uleb128 0xb
 905 039e 02       		.byte	0x2
 906 039f 04       		.byte	0x4
 907 03a0 9301     		.2byte	0x193
 908 03a2 C1030000 		.4byte	0x3c1
 909 03a6 0C       		.uleb128 0xc
 910 03a7 D4110000 		.4byte	.LASF131
 911 03ab 04       		.byte	0x4
 912 03ac 9A01     		.2byte	0x19a
 913 03ae 6B000000 		.4byte	0x6b
 914 03b2 00       		.byte	0
 915 03b3 0C       		.uleb128 0xc
 916 03b4 0C090000 		.4byte	.LASF132
 917 03b8 04       		.byte	0x4
 918 03b9 A001     		.2byte	0x1a0
 919 03bb 6B000000 		.4byte	0x6b
 920 03bf 01       		.byte	0x1
 921 03c0 00       		.byte	0
 922 03c1 04       		.uleb128 0x4
 923 03c2 96000000 		.4byte	.LASF133
 924 03c6 04       		.byte	0x4
 925 03c7 A201     		.2byte	0x1a2
 926 03c9 9D030000 		.4byte	0x39d
 927 03cd 0B       		.uleb128 0xb
ARM GAS  C:\Users\BENAKA~1\AppData\Local\Temp\ccsWag2p.s 			page 21


 928 03ce 08       		.byte	0x8
 929 03cf 04       		.byte	0x4
 930 03d0 BE01     		.2byte	0x1be
 931 03d2 FE030000 		.4byte	0x3fe
 932 03d6 0D       		.uleb128 0xd
 933 03d7 76616C00 		.ascii	"val\000"
 934 03db 04       		.byte	0x4
 935 03dc C101     		.2byte	0x1c1
 936 03de 88020000 		.4byte	0x288
 937 03e2 00       		.byte	0
 938 03e3 0D       		.uleb128 0xd
 939 03e4 6C656E00 		.ascii	"len\000"
 940 03e8 04       		.byte	0x4
 941 03e9 C401     		.2byte	0x1c4
 942 03eb 77000000 		.4byte	0x77
 943 03ef 04       		.byte	0x4
 944 03f0 0C       		.uleb128 0xc
 945 03f1 9B030000 		.4byte	.LASF134
 946 03f5 04       		.byte	0x4
 947 03f6 CB01     		.2byte	0x1cb
 948 03f8 77000000 		.4byte	0x77
 949 03fc 06       		.byte	0x6
 950 03fd 00       		.byte	0
 951 03fe 04       		.uleb128 0x4
 952 03ff 0E020000 		.4byte	.LASF135
 953 0403 04       		.byte	0x4
 954 0404 CD01     		.2byte	0x1cd
 955 0406 CD030000 		.4byte	0x3cd
 956 040a 0B       		.uleb128 0xb
 957 040b 0C       		.byte	0xc
 958 040c 04       		.byte	0x4
 959 040d D001     		.2byte	0x1d0
 960 040f 2E040000 		.4byte	0x42e
 961 0413 0C       		.uleb128 0xc
 962 0414 9E050000 		.4byte	.LASF136
 963 0418 04       		.byte	0x4
 964 0419 D301     		.2byte	0x1d3
 965 041b FE030000 		.4byte	0x3fe
 966 041f 00       		.byte	0
 967 0420 0C       		.uleb128 0xc
 968 0421 6A050000 		.4byte	.LASF137
 969 0425 04       		.byte	0x4
 970 0426 D601     		.2byte	0x1d6
 971 0428 91030000 		.4byte	0x391
 972 042c 08       		.byte	0x8
 973 042d 00       		.byte	0
 974 042e 04       		.uleb128 0x4
 975 042f 8D0B0000 		.4byte	.LASF138
 976 0433 04       		.byte	0x4
 977 0434 D801     		.2byte	0x1d8
 978 0436 0A040000 		.4byte	0x40a
 979 043a 0B       		.uleb128 0xb
 980 043b 04       		.byte	0x4
 981 043c 04       		.byte	0x4
 982 043d E601     		.2byte	0x1e6
 983 043f 5E040000 		.4byte	0x45e
 984 0443 0C       		.uleb128 0xc
ARM GAS  C:\Users\BENAKA~1\AppData\Local\Temp\ccsWag2p.s 			page 22


 985 0444 D3000000 		.4byte	.LASF139
 986 0448 04       		.byte	0x4
 987 0449 E901     		.2byte	0x1e9
 988 044b C1030000 		.4byte	0x3c1
 989 044f 00       		.byte	0
 990 0450 0D       		.uleb128 0xd
 991 0451 6D747500 		.ascii	"mtu\000"
 992 0455 04       		.byte	0x4
 993 0456 EC01     		.2byte	0x1ec
 994 0458 77000000 		.4byte	0x77
 995 045c 02       		.byte	0x2
 996 045d 00       		.byte	0
 997 045e 04       		.uleb128 0x4
 998 045f 0D070000 		.4byte	.LASF140
 999 0463 04       		.byte	0x4
 1000 0464 EE01     		.2byte	0x1ee
 1001 0466 3A040000 		.4byte	0x43a
 1002 046a 0E       		.uleb128 0xe
 1003 046b 10       		.byte	0x10
 1004 046c 05       		.byte	0x5
 1005 046d 8A       		.byte	0x8a
 1006 046e 8B040000 		.4byte	0x48b
 1007 0472 0F       		.uleb128 0xf
 1008 0473 D3000000 		.4byte	.LASF139
 1009 0477 05       		.byte	0x5
 1010 0478 8D       		.byte	0x8d
 1011 0479 C1030000 		.4byte	0x3c1
 1012 047d 00       		.byte	0
 1013 047e 0F       		.uleb128 0xf
 1014 047f 8F090000 		.4byte	.LASF141
 1015 0483 05       		.byte	0x5
 1016 0484 90       		.byte	0x90
 1017 0485 2E040000 		.4byte	0x42e
 1018 0489 04       		.byte	0x4
 1019 048a 00       		.byte	0
 1020 048b 10       		.uleb128 0x10
 1021 048c 3F0A0000 		.4byte	.LASF142
 1022 0490 05       		.byte	0x5
 1023 0491 92       		.byte	0x92
 1024 0492 6A040000 		.4byte	0x46a
 1025 0496 07       		.uleb128 0x7
 1026 0497 01       		.byte	0x1
 1027 0498 2C000000 		.4byte	0x2c
 1028 049c 06       		.byte	0x6
 1029 049d 5008     		.2byte	0x850
 1030 049f C2040000 		.4byte	0x4c2
 1031 04a3 08       		.uleb128 0x8
 1032 04a4 3F000000 		.4byte	.LASF143
 1033 04a8 00       		.byte	0
 1034 04a9 08       		.uleb128 0x8
 1035 04aa 5D0A0000 		.4byte	.LASF144
 1036 04ae 01       		.byte	0x1
 1037 04af 08       		.uleb128 0x8
 1038 04b0 73110000 		.4byte	.LASF145
 1039 04b4 02       		.byte	0x2
 1040 04b5 08       		.uleb128 0x8
 1041 04b6 37030000 		.4byte	.LASF146
ARM GAS  C:\Users\BENAKA~1\AppData\Local\Temp\ccsWag2p.s 			page 23


 1042 04ba 03       		.byte	0x3
 1043 04bb 08       		.uleb128 0x8
 1044 04bc 18040000 		.4byte	.LASF147
 1045 04c0 04       		.byte	0x4
 1046 04c1 00       		.byte	0
 1047 04c2 04       		.uleb128 0x4
 1048 04c3 03110000 		.4byte	.LASF148
 1049 04c7 06       		.byte	0x6
 1050 04c8 5E08     		.2byte	0x85e
 1051 04ca 96040000 		.4byte	0x496
 1052 04ce 11       		.uleb128 0x11
 1053 04cf FB110000 		.4byte	.LASF151
 1054 04d3 01       		.byte	0x1
 1055 04d4 23       		.byte	0x23
 1056 04d5 00000000 		.4byte	.LFB35
 1057 04d9 8C000000 		.4byte	.LFE35-.LFB35
 1058 04dd 01       		.uleb128 0x1
 1059 04de 9C       		.byte	0x9c
 1060 04df 00050000 		.4byte	0x500
 1061 04e3 12       		.uleb128 0x12
 1062 04e4 820D0000 		.4byte	.LASF149
 1063 04e8 01       		.byte	0x1
 1064 04e9 25       		.byte	0x25
 1065 04ea 00050000 		.4byte	0x500
 1066 04ee 02       		.uleb128 0x2
 1067 04ef 91       		.byte	0x91
 1068 04f0 74       		.sleb128 -12
 1069 04f1 12       		.uleb128 0x12
 1070 04f2 350E0000 		.4byte	.LASF150
 1071 04f6 01       		.byte	0x1
 1072 04f7 27       		.byte	0x27
 1073 04f8 2E040000 		.4byte	0x42e
 1074 04fc 02       		.uleb128 0x2
 1075 04fd 91       		.byte	0x91
 1076 04fe 68       		.sleb128 -24
 1077 04ff 00       		.byte	0
 1078 0500 13       		.uleb128 0x13
 1079 0501 6B000000 		.4byte	0x6b
 1080 0505 10050000 		.4byte	0x510
 1081 0509 14       		.uleb128 0x14
 1082 050a C1000000 		.4byte	0xc1
 1083 050e 01       		.byte	0x1
 1084 050f 00       		.byte	0
 1085 0510 11       		.uleb128 0x11
 1086 0511 BB0A0000 		.4byte	.LASF152
 1087 0515 01       		.byte	0x1
 1088 0516 5C       		.byte	0x5c
 1089 0517 00000000 		.4byte	.LFB36
 1090 051b 2C010000 		.4byte	.LFE36-.LFB36
 1091 051f 01       		.uleb128 0x1
 1092 0520 9C       		.byte	0x9c
 1093 0521 5E050000 		.4byte	0x55e
 1094 0525 15       		.uleb128 0x15
 1095 0526 07070000 		.4byte	.LASF153
 1096 052a 01       		.byte	0x1
 1097 052b 5C       		.byte	0x5c
 1098 052c 83000000 		.4byte	0x83
ARM GAS  C:\Users\BENAKA~1\AppData\Local\Temp\ccsWag2p.s 			page 24


 1099 0530 02       		.uleb128 0x2
 1100 0531 91       		.byte	0x91
 1101 0532 64       		.sleb128 -28
 1102 0533 15       		.uleb128 0x15
 1103 0534 F8100000 		.4byte	.LASF154
 1104 0538 01       		.byte	0x1
 1105 0539 5C       		.byte	0x5c
 1106 053a C8000000 		.4byte	0xc8
 1107 053e 02       		.uleb128 0x2
 1108 053f 91       		.byte	0x91
 1109 0540 60       		.sleb128 -32
 1110 0541 12       		.uleb128 0x12
 1111 0542 F0030000 		.4byte	.LASF155
 1112 0546 01       		.byte	0x1
 1113 0547 5E       		.byte	0x5e
 1114 0548 85030000 		.4byte	0x385
 1115 054c 02       		.uleb128 0x2
 1116 054d 91       		.byte	0x91
 1117 054e 6B       		.sleb128 -21
 1118 054f 12       		.uleb128 0x12
 1119 0550 170C0000 		.4byte	.LASF156
 1120 0554 01       		.byte	0x1
 1121 0555 5F       		.byte	0x5f
 1122 0556 5E050000 		.4byte	0x55e
 1123 055a 02       		.uleb128 0x2
 1124 055b 91       		.byte	0x91
 1125 055c 6C       		.sleb128 -20
 1126 055d 00       		.byte	0
 1127 055e 09       		.uleb128 0x9
 1128 055f 04       		.byte	0x4
 1129 0560 8B040000 		.4byte	0x48b
 1130 0564 16       		.uleb128 0x16
 1131 0565 57080000 		.4byte	.LASF157
 1132 0569 06       		.byte	0x6
 1133 056a A90A     		.2byte	0xaa9
 1134 056c C2040000 		.4byte	0x4c2
 1135 0570 16       		.uleb128 0x16
 1136 0571 900A0000 		.4byte	.LASF158
 1137 0575 06       		.byte	0x6
 1138 0576 AA0A     		.2byte	0xaaa
 1139 0578 C1030000 		.4byte	0x3c1
 1140 057c 16       		.uleb128 0x16
 1141 057d FA0C0000 		.4byte	.LASF159
 1142 0581 06       		.byte	0x6
 1143 0582 AB0A     		.2byte	0xaab
 1144 0584 A4000000 		.4byte	0xa4
 1145 0588 17       		.uleb128 0x17
 1146 0589 250C0000 		.4byte	.LASF160
 1147 058d 01       		.byte	0x1
 1148 058e 11       		.byte	0x11
 1149 058f 77000000 		.4byte	0x77
 1150 0593 05       		.uleb128 0x5
 1151 0594 03       		.byte	0x3
 1152 0595 00000000 		.4byte	mtuSize
 1153 0599 00       		.byte	0
 1154              		.section	.debug_abbrev,"",%progbits
 1155              	.Ldebug_abbrev0:
ARM GAS  C:\Users\BENAKA~1\AppData\Local\Temp\ccsWag2p.s 			page 25


 1156 0000 01       		.uleb128 0x1
 1157 0001 11       		.uleb128 0x11
 1158 0002 01       		.byte	0x1
 1159 0003 25       		.uleb128 0x25
 1160 0004 0E       		.uleb128 0xe
 1161 0005 13       		.uleb128 0x13
 1162 0006 0B       		.uleb128 0xb
 1163 0007 03       		.uleb128 0x3
 1164 0008 0E       		.uleb128 0xe
 1165 0009 1B       		.uleb128 0x1b
 1166 000a 0E       		.uleb128 0xe
 1167 000b 55       		.uleb128 0x55
 1168 000c 17       		.uleb128 0x17
 1169 000d 11       		.uleb128 0x11
 1170 000e 01       		.uleb128 0x1
 1171 000f 10       		.uleb128 0x10
 1172 0010 17       		.uleb128 0x17
 1173 0011 00       		.byte	0
 1174 0012 00       		.byte	0
 1175 0013 02       		.uleb128 0x2
 1176 0014 24       		.uleb128 0x24
 1177 0015 00       		.byte	0
 1178 0016 0B       		.uleb128 0xb
 1179 0017 0B       		.uleb128 0xb
 1180 0018 3E       		.uleb128 0x3e
 1181 0019 0B       		.uleb128 0xb
 1182 001a 03       		.uleb128 0x3
 1183 001b 0E       		.uleb128 0xe
 1184 001c 00       		.byte	0
 1185 001d 00       		.byte	0
 1186 001e 03       		.uleb128 0x3
 1187 001f 24       		.uleb128 0x24
 1188 0020 00       		.byte	0
 1189 0021 0B       		.uleb128 0xb
 1190 0022 0B       		.uleb128 0xb
 1191 0023 3E       		.uleb128 0x3e
 1192 0024 0B       		.uleb128 0xb
 1193 0025 03       		.uleb128 0x3
 1194 0026 08       		.uleb128 0x8
 1195 0027 00       		.byte	0
 1196 0028 00       		.byte	0
 1197 0029 04       		.uleb128 0x4
 1198 002a 16       		.uleb128 0x16
 1199 002b 00       		.byte	0
 1200 002c 03       		.uleb128 0x3
 1201 002d 0E       		.uleb128 0xe
 1202 002e 3A       		.uleb128 0x3a
 1203 002f 0B       		.uleb128 0xb
 1204 0030 3B       		.uleb128 0x3b
 1205 0031 05       		.uleb128 0x5
 1206 0032 49       		.uleb128 0x49
 1207 0033 13       		.uleb128 0x13
 1208 0034 00       		.byte	0
 1209 0035 00       		.byte	0
 1210 0036 05       		.uleb128 0x5
 1211 0037 35       		.uleb128 0x35
 1212 0038 00       		.byte	0
ARM GAS  C:\Users\BENAKA~1\AppData\Local\Temp\ccsWag2p.s 			page 26


 1213 0039 49       		.uleb128 0x49
 1214 003a 13       		.uleb128 0x13
 1215 003b 00       		.byte	0
 1216 003c 00       		.byte	0
 1217 003d 06       		.uleb128 0x6
 1218 003e 0F       		.uleb128 0xf
 1219 003f 00       		.byte	0
 1220 0040 0B       		.uleb128 0xb
 1221 0041 0B       		.uleb128 0xb
 1222 0042 00       		.byte	0
 1223 0043 00       		.byte	0
 1224 0044 07       		.uleb128 0x7
 1225 0045 04       		.uleb128 0x4
 1226 0046 01       		.byte	0x1
 1227 0047 0B       		.uleb128 0xb
 1228 0048 0B       		.uleb128 0xb
 1229 0049 49       		.uleb128 0x49
 1230 004a 13       		.uleb128 0x13
 1231 004b 3A       		.uleb128 0x3a
 1232 004c 0B       		.uleb128 0xb
 1233 004d 3B       		.uleb128 0x3b
 1234 004e 05       		.uleb128 0x5
 1235 004f 01       		.uleb128 0x1
 1236 0050 13       		.uleb128 0x13
 1237 0051 00       		.byte	0
 1238 0052 00       		.byte	0
 1239 0053 08       		.uleb128 0x8
 1240 0054 28       		.uleb128 0x28
 1241 0055 00       		.byte	0
 1242 0056 03       		.uleb128 0x3
 1243 0057 0E       		.uleb128 0xe
 1244 0058 1C       		.uleb128 0x1c
 1245 0059 0B       		.uleb128 0xb
 1246 005a 00       		.byte	0
 1247 005b 00       		.byte	0
 1248 005c 09       		.uleb128 0x9
 1249 005d 0F       		.uleb128 0xf
 1250 005e 00       		.byte	0
 1251 005f 0B       		.uleb128 0xb
 1252 0060 0B       		.uleb128 0xb
 1253 0061 49       		.uleb128 0x49
 1254 0062 13       		.uleb128 0x13
 1255 0063 00       		.byte	0
 1256 0064 00       		.byte	0
 1257 0065 0A       		.uleb128 0xa
 1258 0066 04       		.uleb128 0x4
 1259 0067 01       		.byte	0x1
 1260 0068 0B       		.uleb128 0xb
 1261 0069 0B       		.uleb128 0xb
 1262 006a 49       		.uleb128 0x49
 1263 006b 13       		.uleb128 0x13
 1264 006c 3A       		.uleb128 0x3a
 1265 006d 0B       		.uleb128 0xb
 1266 006e 3B       		.uleb128 0x3b
 1267 006f 0B       		.uleb128 0xb
 1268 0070 01       		.uleb128 0x1
 1269 0071 13       		.uleb128 0x13
ARM GAS  C:\Users\BENAKA~1\AppData\Local\Temp\ccsWag2p.s 			page 27


 1270 0072 00       		.byte	0
 1271 0073 00       		.byte	0
 1272 0074 0B       		.uleb128 0xb
 1273 0075 13       		.uleb128 0x13
 1274 0076 01       		.byte	0x1
 1275 0077 0B       		.uleb128 0xb
 1276 0078 0B       		.uleb128 0xb
 1277 0079 3A       		.uleb128 0x3a
 1278 007a 0B       		.uleb128 0xb
 1279 007b 3B       		.uleb128 0x3b
 1280 007c 05       		.uleb128 0x5
 1281 007d 01       		.uleb128 0x1
 1282 007e 13       		.uleb128 0x13
 1283 007f 00       		.byte	0
 1284 0080 00       		.byte	0
 1285 0081 0C       		.uleb128 0xc
 1286 0082 0D       		.uleb128 0xd
 1287 0083 00       		.byte	0
 1288 0084 03       		.uleb128 0x3
 1289 0085 0E       		.uleb128 0xe
 1290 0086 3A       		.uleb128 0x3a
 1291 0087 0B       		.uleb128 0xb
 1292 0088 3B       		.uleb128 0x3b
 1293 0089 05       		.uleb128 0x5
 1294 008a 49       		.uleb128 0x49
 1295 008b 13       		.uleb128 0x13
 1296 008c 38       		.uleb128 0x38
 1297 008d 0B       		.uleb128 0xb
 1298 008e 00       		.byte	0
 1299 008f 00       		.byte	0
 1300 0090 0D       		.uleb128 0xd
 1301 0091 0D       		.uleb128 0xd
 1302 0092 00       		.byte	0
 1303 0093 03       		.uleb128 0x3
 1304 0094 08       		.uleb128 0x8
 1305 0095 3A       		.uleb128 0x3a
 1306 0096 0B       		.uleb128 0xb
 1307 0097 3B       		.uleb128 0x3b
 1308 0098 05       		.uleb128 0x5
 1309 0099 49       		.uleb128 0x49
 1310 009a 13       		.uleb128 0x13
 1311 009b 38       		.uleb128 0x38
 1312 009c 0B       		.uleb128 0xb
 1313 009d 00       		.byte	0
 1314 009e 00       		.byte	0
 1315 009f 0E       		.uleb128 0xe
 1316 00a0 13       		.uleb128 0x13
 1317 00a1 01       		.byte	0x1
 1318 00a2 0B       		.uleb128 0xb
 1319 00a3 0B       		.uleb128 0xb
 1320 00a4 3A       		.uleb128 0x3a
 1321 00a5 0B       		.uleb128 0xb
 1322 00a6 3B       		.uleb128 0x3b
 1323 00a7 0B       		.uleb128 0xb
 1324 00a8 01       		.uleb128 0x1
 1325 00a9 13       		.uleb128 0x13
 1326 00aa 00       		.byte	0
ARM GAS  C:\Users\BENAKA~1\AppData\Local\Temp\ccsWag2p.s 			page 28


 1327 00ab 00       		.byte	0
 1328 00ac 0F       		.uleb128 0xf
 1329 00ad 0D       		.uleb128 0xd
 1330 00ae 00       		.byte	0
 1331 00af 03       		.uleb128 0x3
 1332 00b0 0E       		.uleb128 0xe
 1333 00b1 3A       		.uleb128 0x3a
 1334 00b2 0B       		.uleb128 0xb
 1335 00b3 3B       		.uleb128 0x3b
 1336 00b4 0B       		.uleb128 0xb
 1337 00b5 49       		.uleb128 0x49
 1338 00b6 13       		.uleb128 0x13
 1339 00b7 38       		.uleb128 0x38
 1340 00b8 0B       		.uleb128 0xb
 1341 00b9 00       		.byte	0
 1342 00ba 00       		.byte	0
 1343 00bb 10       		.uleb128 0x10
 1344 00bc 16       		.uleb128 0x16
 1345 00bd 00       		.byte	0
 1346 00be 03       		.uleb128 0x3
 1347 00bf 0E       		.uleb128 0xe
 1348 00c0 3A       		.uleb128 0x3a
 1349 00c1 0B       		.uleb128 0xb
 1350 00c2 3B       		.uleb128 0x3b
 1351 00c3 0B       		.uleb128 0xb
 1352 00c4 49       		.uleb128 0x49
 1353 00c5 13       		.uleb128 0x13
 1354 00c6 00       		.byte	0
 1355 00c7 00       		.byte	0
 1356 00c8 11       		.uleb128 0x11
 1357 00c9 2E       		.uleb128 0x2e
 1358 00ca 01       		.byte	0x1
 1359 00cb 3F       		.uleb128 0x3f
 1360 00cc 19       		.uleb128 0x19
 1361 00cd 03       		.uleb128 0x3
 1362 00ce 0E       		.uleb128 0xe
 1363 00cf 3A       		.uleb128 0x3a
 1364 00d0 0B       		.uleb128 0xb
 1365 00d1 3B       		.uleb128 0x3b
 1366 00d2 0B       		.uleb128 0xb
 1367 00d3 27       		.uleb128 0x27
 1368 00d4 19       		.uleb128 0x19
 1369 00d5 11       		.uleb128 0x11
 1370 00d6 01       		.uleb128 0x1
 1371 00d7 12       		.uleb128 0x12
 1372 00d8 06       		.uleb128 0x6
 1373 00d9 40       		.uleb128 0x40
 1374 00da 18       		.uleb128 0x18
 1375 00db 9642     		.uleb128 0x2116
 1376 00dd 19       		.uleb128 0x19
 1377 00de 01       		.uleb128 0x1
 1378 00df 13       		.uleb128 0x13
 1379 00e0 00       		.byte	0
 1380 00e1 00       		.byte	0
 1381 00e2 12       		.uleb128 0x12
 1382 00e3 34       		.uleb128 0x34
 1383 00e4 00       		.byte	0
ARM GAS  C:\Users\BENAKA~1\AppData\Local\Temp\ccsWag2p.s 			page 29


 1384 00e5 03       		.uleb128 0x3
 1385 00e6 0E       		.uleb128 0xe
 1386 00e7 3A       		.uleb128 0x3a
 1387 00e8 0B       		.uleb128 0xb
 1388 00e9 3B       		.uleb128 0x3b
 1389 00ea 0B       		.uleb128 0xb
 1390 00eb 49       		.uleb128 0x49
 1391 00ec 13       		.uleb128 0x13
 1392 00ed 02       		.uleb128 0x2
 1393 00ee 18       		.uleb128 0x18
 1394 00ef 00       		.byte	0
 1395 00f0 00       		.byte	0
 1396 00f1 13       		.uleb128 0x13
 1397 00f2 01       		.uleb128 0x1
 1398 00f3 01       		.byte	0x1
 1399 00f4 49       		.uleb128 0x49
 1400 00f5 13       		.uleb128 0x13
 1401 00f6 01       		.uleb128 0x1
 1402 00f7 13       		.uleb128 0x13
 1403 00f8 00       		.byte	0
 1404 00f9 00       		.byte	0
 1405 00fa 14       		.uleb128 0x14
 1406 00fb 21       		.uleb128 0x21
 1407 00fc 00       		.byte	0
 1408 00fd 49       		.uleb128 0x49
 1409 00fe 13       		.uleb128 0x13
 1410 00ff 2F       		.uleb128 0x2f
 1411 0100 0B       		.uleb128 0xb
 1412 0101 00       		.byte	0
 1413 0102 00       		.byte	0
 1414 0103 15       		.uleb128 0x15
 1415 0104 05       		.uleb128 0x5
 1416 0105 00       		.byte	0
 1417 0106 03       		.uleb128 0x3
 1418 0107 0E       		.uleb128 0xe
 1419 0108 3A       		.uleb128 0x3a
 1420 0109 0B       		.uleb128 0xb
 1421 010a 3B       		.uleb128 0x3b
 1422 010b 0B       		.uleb128 0xb
 1423 010c 49       		.uleb128 0x49
 1424 010d 13       		.uleb128 0x13
 1425 010e 02       		.uleb128 0x2
 1426 010f 18       		.uleb128 0x18
 1427 0110 00       		.byte	0
 1428 0111 00       		.byte	0
 1429 0112 16       		.uleb128 0x16
 1430 0113 34       		.uleb128 0x34
 1431 0114 00       		.byte	0
 1432 0115 03       		.uleb128 0x3
 1433 0116 0E       		.uleb128 0xe
 1434 0117 3A       		.uleb128 0x3a
 1435 0118 0B       		.uleb128 0xb
 1436 0119 3B       		.uleb128 0x3b
 1437 011a 05       		.uleb128 0x5
 1438 011b 49       		.uleb128 0x49
 1439 011c 13       		.uleb128 0x13
 1440 011d 3F       		.uleb128 0x3f
ARM GAS  C:\Users\BENAKA~1\AppData\Local\Temp\ccsWag2p.s 			page 30


 1441 011e 19       		.uleb128 0x19
 1442 011f 3C       		.uleb128 0x3c
 1443 0120 19       		.uleb128 0x19
 1444 0121 00       		.byte	0
 1445 0122 00       		.byte	0
 1446 0123 17       		.uleb128 0x17
 1447 0124 34       		.uleb128 0x34
 1448 0125 00       		.byte	0
 1449 0126 03       		.uleb128 0x3
 1450 0127 0E       		.uleb128 0xe
 1451 0128 3A       		.uleb128 0x3a
 1452 0129 0B       		.uleb128 0xb
 1453 012a 3B       		.uleb128 0x3b
 1454 012b 0B       		.uleb128 0xb
 1455 012c 49       		.uleb128 0x49
 1456 012d 13       		.uleb128 0x13
 1457 012e 3F       		.uleb128 0x3f
 1458 012f 19       		.uleb128 0x19
 1459 0130 02       		.uleb128 0x2
 1460 0131 18       		.uleb128 0x18
 1461 0132 00       		.byte	0
 1462 0133 00       		.byte	0
 1463 0134 00       		.byte	0
 1464              		.section	.debug_aranges,"",%progbits
 1465 0000 24000000 		.4byte	0x24
 1466 0004 0200     		.2byte	0x2
 1467 0006 00000000 		.4byte	.Ldebug_info0
 1468 000a 04       		.byte	0x4
 1469 000b 00       		.byte	0
 1470 000c 0000     		.2byte	0
 1471 000e 0000     		.2byte	0
 1472 0010 00000000 		.4byte	.LFB35
 1473 0014 8C000000 		.4byte	.LFE35-.LFB35
 1474 0018 00000000 		.4byte	.LFB36
 1475 001c 2C010000 		.4byte	.LFE36-.LFB36
 1476 0020 00000000 		.4byte	0
 1477 0024 00000000 		.4byte	0
 1478              		.section	.debug_ranges,"",%progbits
 1479              	.Ldebug_ranges0:
 1480 0000 00000000 		.4byte	.LFB35
 1481 0004 8C000000 		.4byte	.LFE35
 1482 0008 00000000 		.4byte	.LFB36
 1483 000c 2C010000 		.4byte	.LFE36
 1484 0010 00000000 		.4byte	0
 1485 0014 00000000 		.4byte	0
 1486              		.section	.debug_line,"",%progbits
 1487              	.Ldebug_line0:
 1488 0000 0D010000 		.section	.debug_str,"MS",%progbits,1
 1488      02009500 
 1488      00000201 
 1488      FB0E0D00 
 1488      01010101 
 1489              	.LASF82:
 1490 0000 4359424C 		.ascii	"CYBLE_EVT_L2CAP_CBFC_RX_CREDIT_IND\000"
 1490      455F4556 
 1490      545F4C32 
 1490      4341505F 
ARM GAS  C:\Users\BENAKA~1\AppData\Local\Temp\ccsWag2p.s 			page 31


 1490      43424643 
 1491              	.LASF23:
 1492 0023 4359424C 		.ascii	"CYBLE_EVT_STACK_BUSY_STATUS\000"
 1492      455F4556 
 1492      545F5354 
 1492      41434B5F 
 1492      42555359 
 1493              	.LASF143:
 1494 003f 4359424C 		.ascii	"CYBLE_STATE_STOPPED\000"
 1494      455F5354 
 1494      4154455F 
 1494      53544F50 
 1494      50454400 
 1495              	.LASF119:
 1496 0053 4359424C 		.ascii	"CYBLE_GATTS_ERR_HPS_INVALID_REQUEST\000"
 1496      455F4741 
 1496      5454535F 
 1496      4552525F 
 1496      4850535F 
 1497              	.LASF81:
 1498 0077 4359424C 		.ascii	"CYBLE_EVT_L2CAP_CBFC_DATA_READ\000"
 1498      455F4556 
 1498      545F4C32 
 1498      4341505F 
 1498      43424643 
 1499              	.LASF133:
 1500 0096 4359424C 		.ascii	"CYBLE_CONN_HANDLE_T\000"
 1500      455F434F 
 1500      4E4E5F48 
 1500      414E444C 
 1500      455F5400 
 1501              	.LASF102:
 1502 00aa 4359424C 		.ascii	"CYBLE_GATT_ERR_INSUFFICIENT_ENC_KEY_SIZE\000"
 1502      455F4741 
 1502      54545F45 
 1502      52525F49 
 1502      4E535546 
 1503              	.LASF139:
 1504 00d3 636F6E6E 		.ascii	"connHandle\000"
 1504      48616E64 
 1504      6C6500
 1505              	.LASF96:
 1506 00de 4359424C 		.ascii	"CYBLE_GATT_ERR_REQUEST_NOT_SUPPORTED\000"
 1506      455F4741 
 1506      54545F45 
 1506      52525F52 
 1506      45515545 
 1507              	.LASF91:
 1508 0103 4359424C 		.ascii	"CYBLE_GATT_ERR_INVALID_HANDLE\000"
 1508      455F4741 
 1508      54545F45 
 1508      52525F49 
 1508      4E56414C 
 1509              	.LASF35:
 1510 0121 4359424C 		.ascii	"CYBLE_EVT_GAP_CONNECTION_UPDATE_COMPLETE\000"
 1510      455F4556 
 1510      545F4741 
ARM GAS  C:\Users\BENAKA~1\AppData\Local\Temp\ccsWag2p.s 			page 32


 1510      505F434F 
 1510      4E4E4543 
 1511              	.LASF80:
 1512 014a 4359424C 		.ascii	"CYBLE_EVT_L2CAP_CBFC_DISCONN_CNF\000"
 1512      455F4556 
 1512      545F4C32 
 1512      4341505F 
 1512      43424643 
 1513              	.LASF40:
 1514 016b 4359424C 		.ascii	"CYBLE_EVT_GAP_OOB_GENERATED_NOTIFICATION\000"
 1514      455F4556 
 1514      545F4741 
 1514      505F4F4F 
 1514      425F4745 
 1515              	.LASF162:
 1516 0194 6170705F 		.ascii	"app_Ble.c\000"
 1516      426C652E 
 1516      6300
 1517              	.LASF60:
 1518 019e 4359424C 		.ascii	"CYBLE_EVT_GATTC_READ_MULTI_RSP\000"
 1518      455F4556 
 1518      545F4741 
 1518      5454435F 
 1518      52454144 
 1519              	.LASF65:
 1520 01bd 4359424C 		.ascii	"CYBLE_EVT_GATTS_EXEC_WRITE_REQ\000"
 1520      455F4556 
 1520      545F4741 
 1520      5454535F 
 1520      45584543 
 1521              	.LASF20:
 1522 01dc 4359424C 		.ascii	"CYBLE_EVT_TIMEOUT\000"
 1522      455F4556 
 1522      545F5449 
 1522      4D454F55 
 1522      5400
 1523              	.LASF4:
 1524 01ee 6C6F6E67 		.ascii	"long int\000"
 1524      20696E74 
 1524      00
 1525              	.LASF7:
 1526 01f7 6C6F6E67 		.ascii	"long long unsigned int\000"
 1526      206C6F6E 
 1526      6720756E 
 1526      7369676E 
 1526      65642069 
 1527              	.LASF135:
 1528 020e 4359424C 		.ascii	"CYBLE_GATT_VALUE_T\000"
 1528      455F4741 
 1528      54545F56 
 1528      414C5545 
 1528      5F5400
 1529              	.LASF22:
 1530 0221 4359424C 		.ascii	"CYBLE_EVT_HCI_STATUS\000"
 1530      455F4556 
 1530      545F4843 
 1530      495F5354 
ARM GAS  C:\Users\BENAKA~1\AppData\Local\Temp\ccsWag2p.s 			page 33


 1530      41545553 
 1531              	.LASF117:
 1532 0236 4359424C 		.ascii	"CYBLE_GATTS_ERR_OPERATION_FAILED\000"
 1532      455F4741 
 1532      5454535F 
 1532      4552525F 
 1532      4F504552 
 1533              	.LASF123:
 1534 0257 4359424C 		.ascii	"CYBLE_GATT_ERR_ANCS_INVALID_COMMAND\000"
 1534      455F4741 
 1534      54545F45 
 1534      52525F41 
 1534      4E43535F 
 1535              	.LASF74:
 1536 027b 4359424C 		.ascii	"CYBLE_EVT_L2CAP_CONN_PARAM_UPDATE_REQ\000"
 1536      455F4556 
 1536      545F4C32 
 1536      4341505F 
 1536      434F4E4E 
 1537              	.LASF34:
 1538 02a1 4359424C 		.ascii	"CYBLE_EVT_GAP_ENCRYPT_CHANGE\000"
 1538      455F4556 
 1538      545F4741 
 1538      505F454E 
 1538      43525950 
 1539              	.LASF38:
 1540 02be 4359424C 		.ascii	"CYBLE_EVT_GAP_NUMERIC_COMPARISON_REQUEST\000"
 1540      455F4556 
 1540      545F4741 
 1540      505F4E55 
 1540      4D455249 
 1541              	.LASF114:
 1542 02e7 4359424C 		.ascii	"CYBLE_GATT_ERR_OP_CODE_NOT_SUPPORTED\000"
 1542      455F4741 
 1542      54545F45 
 1542      52525F4F 
 1542      505F434F 
 1543              	.LASF95:
 1544 030c 4359424C 		.ascii	"CYBLE_GATT_ERR_INSUFFICIENT_AUTHENTICATION\000"
 1544      455F4741 
 1544      54545F45 
 1544      52525F49 
 1544      4E535546 
 1545              	.LASF146:
 1546 0337 4359424C 		.ascii	"CYBLE_STATE_ADVERTISING\000"
 1546      455F5354 
 1546      4154455F 
 1546      41445645 
 1546      52544953 
 1547              	.LASF6:
 1548 034f 6C6F6E67 		.ascii	"long long int\000"
 1548      206C6F6E 
 1548      6720696E 
 1548      7400
 1549              	.LASF0:
 1550 035d 7369676E 		.ascii	"signed char\000"
 1550      65642063 
ARM GAS  C:\Users\BENAKA~1\AppData\Local\Temp\ccsWag2p.s 			page 34


 1550      68617200 
 1551              	.LASF19:
 1552 0369 4359424C 		.ascii	"CYBLE_EVT_STACK_ON\000"
 1552      455F4556 
 1552      545F5354 
 1552      41434B5F 
 1552      4F4E00
 1553              	.LASF36:
 1554 037c 4359424C 		.ascii	"CYBLE_EVT_GAPC_SCAN_START_STOP\000"
 1554      455F4556 
 1554      545F4741 
 1554      50435F53 
 1554      43414E5F 
 1555              	.LASF134:
 1556 039b 61637475 		.ascii	"actualLen\000"
 1556      616C4C65 
 1556      6E00
 1557              	.LASF26:
 1558 03a5 4359424C 		.ascii	"CYBLE_EVT_GAP_AUTH_REQ\000"
 1558      455F4556 
 1558      545F4741 
 1558      505F4155 
 1558      54485F52 
 1559              	.LASF58:
 1560 03bc 4359424C 		.ascii	"CYBLE_EVT_GATTC_READ_RSP\000"
 1560      455F4556 
 1560      545F4741 
 1560      5454435F 
 1560      52454144 
 1561              	.LASF94:
 1562 03d5 4359424C 		.ascii	"CYBLE_GATT_ERR_INVALID_PDU\000"
 1562      455F4741 
 1562      54545F45 
 1562      52525F49 
 1562      4E56414C 
 1563              	.LASF155:
 1564 03f0 6572726F 		.ascii	"errorCode\000"
 1564      72436F64 
 1564      6500
 1565              	.LASF63:
 1566 03fa 4359424C 		.ascii	"CYBLE_EVT_GATTS_WRITE_CMD_REQ\000"
 1566      455F4556 
 1566      545F4741 
 1566      5454535F 
 1566      57524954 
 1567              	.LASF147:
 1568 0418 4359424C 		.ascii	"CYBLE_STATE_DISCONNECTED\000"
 1568      455F5354 
 1568      4154455F 
 1568      44495343 
 1568      4F4E4E45 
 1569              	.LASF31:
 1570 0431 4359424C 		.ascii	"CYBLE_EVT_GAPP_ADVERTISEMENT_START_STOP\000"
 1570      455F4556 
 1570      545F4741 
 1570      50505F41 
 1570      44564552 
ARM GAS  C:\Users\BENAKA~1\AppData\Local\Temp\ccsWag2p.s 			page 35


 1571              	.LASF9:
 1572 0459 75696E74 		.ascii	"uint8\000"
 1572      3800
 1573              	.LASF66:
 1574 045f 4359424C 		.ascii	"CYBLE_EVT_GATTC_EXEC_WRITE_RSP\000"
 1574      455F4556 
 1574      545F4741 
 1574      5454435F 
 1574      45584543 
 1575              	.LASF13:
 1576 047e 646F7562 		.ascii	"double\000"
 1576      6C6500
 1577              	.LASF79:
 1578 0485 4359424C 		.ascii	"CYBLE_EVT_L2CAP_CBFC_DISCONN_IND\000"
 1578      455F4556 
 1578      545F4C32 
 1578      4341505F 
 1578      43424643 
 1579              	.LASF106:
 1580 04a6 4359424C 		.ascii	"CYBLE_GATT_ERR_UNSUPPORTED_GROUP_TYPE\000"
 1580      455F4741 
 1580      54545F45 
 1580      52525F55 
 1580      4E535550 
 1581              	.LASF11:
 1582 04cc 75696E74 		.ascii	"uint32\000"
 1582      333200
 1583              	.LASF16:
 1584 04d3 6C6F6E67 		.ascii	"long double\000"
 1584      20646F75 
 1584      626C6500 
 1585              	.LASF93:
 1586 04df 4359424C 		.ascii	"CYBLE_GATT_ERR_WRITE_NOT_PERMITTED\000"
 1586      455F4741 
 1586      54545F45 
 1586      52525F57 
 1586      52495445 
 1587              	.LASF89:
 1588 0502 4359424C 		.ascii	"CYBLE_EVT_MAX\000"
 1588      455F4556 
 1588      545F4D41 
 1588      5800
 1589              	.LASF90:
 1590 0510 4359424C 		.ascii	"CYBLE_GATT_ERR_NONE\000"
 1590      455F4741 
 1590      54545F45 
 1590      52525F4E 
 1590      4F4E4500 
 1591              	.LASF92:
 1592 0524 4359424C 		.ascii	"CYBLE_GATT_ERR_READ_NOT_PERMITTED\000"
 1592      455F4741 
 1592      54545F45 
 1592      52525F52 
 1592      4541445F 
 1593              	.LASF84:
 1594 0546 4359424C 		.ascii	"CYBLE_EVT_L2CAP_CBFC_DATA_WRITE_IND\000"
 1594      455F4556 
ARM GAS  C:\Users\BENAKA~1\AppData\Local\Temp\ccsWag2p.s 			page 36


 1594      545F4C32 
 1594      4341505F 
 1594      43424643 
 1595              	.LASF137:
 1596 056a 61747472 		.ascii	"attrHandle\000"
 1596      48616E64 
 1596      6C6500
 1597              	.LASF121:
 1598 0575 4359424C 		.ascii	"CYBLE_GATT_ERR_ANS_COMMAND_NOT_SUPPORTED\000"
 1598      455F4741 
 1598      54545F45 
 1598      52525F41 
 1598      4E535F43 
 1599              	.LASF136:
 1600 059e 76616C75 		.ascii	"value\000"
 1600      6500
 1601              	.LASF71:
 1602 05a4 4359424C 		.ascii	"CYBLE_EVT_GATTC_STOP_CMD_COMPLETE\000"
 1602      455F4556 
 1602      545F4741 
 1602      5454435F 
 1602      53544F50 
 1603              	.LASF8:
 1604 05c6 756E7369 		.ascii	"unsigned int\000"
 1604      676E6564 
 1604      20696E74 
 1604      00
 1605              	.LASF86:
 1606 05d3 4359424C 		.ascii	"CYBLE_EVT_LE_PING_AUTH_TIMEOUT\000"
 1606      455F4556 
 1606      545F4C45 
 1606      5F50494E 
 1606      475F4155 
 1607              	.LASF118:
 1608 05f2 4359424C 		.ascii	"CYBLE_GATT_ERR_INVALID_CRC\000"
 1608      455F4741 
 1608      54545F45 
 1608      52525F49 
 1608      4E56414C 
 1609              	.LASF113:
 1610 060d 4359424C 		.ascii	"CYBLE_GATTS_ERR_PROCEDURE_ALREADY_IN_PROGRESS\000"
 1610      455F4741 
 1610      5454535F 
 1610      4552525F 
 1610      50524F43 
 1611              	.LASF5:
 1612 063b 6C6F6E67 		.ascii	"long unsigned int\000"
 1612      20756E73 
 1612      69676E65 
 1612      6420696E 
 1612      7400
 1613              	.LASF45:
 1614 064d 4359424C 		.ascii	"CYBLE_EVT_GAP_CONN_ESTB\000"
 1614      455F4556 
 1614      545F4741 
 1614      505F434F 
 1614      4E4E5F45 
ARM GAS  C:\Users\BENAKA~1\AppData\Local\Temp\ccsWag2p.s 			page 37


 1615              	.LASF100:
 1616 0665 4359424C 		.ascii	"CYBLE_GATT_ERR_ATTRIBUTE_NOT_FOUND\000"
 1616      455F4741 
 1616      54545F45 
 1616      52525F41 
 1616      54545249 
 1617              	.LASF61:
 1618 0688 4359424C 		.ascii	"CYBLE_EVT_GATTS_WRITE_REQ\000"
 1618      455F4556 
 1618      545F4741 
 1618      5454535F 
 1618      57524954 
 1619              	.LASF53:
 1620 06a2 4359424C 		.ascii	"CYBLE_EVT_GATTC_XCHNG_MTU_RSP\000"
 1620      455F4556 
 1620      545F4741 
 1620      5454435F 
 1620      5843484E 
 1621              	.LASF70:
 1622 06c0 4359424C 		.ascii	"CYBLE_EVT_GATTS_DATA_SIGNED_CMD_REQ\000"
 1622      455F4556 
 1622      545F4741 
 1622      5454535F 
 1622      44415441 
 1623              	.LASF73:
 1624 06e4 4359424C 		.ascii	"CYBLE_EVT_GATTC_LONG_PROCEDURE_END\000"
 1624      455F4556 
 1624      545F4741 
 1624      5454435F 
 1624      4C4F4E47 
 1625              	.LASF153:
 1626 0707 6576656E 		.ascii	"event\000"
 1626      7400
 1627              	.LASF140:
 1628 070d 4359424C 		.ascii	"CYBLE_GATT_XCHG_MTU_PARAM_T\000"
 1628      455F4741 
 1628      54545F58 
 1628      4348475F 
 1628      4D54555F 
 1629              	.LASF101:
 1630 0729 4359424C 		.ascii	"CYBLE_GATT_ERR_ATTRIBUTE_NOT_LONG\000"
 1630      455F4741 
 1630      54545F45 
 1630      52525F41 
 1630      54545249 
 1631              	.LASF18:
 1632 074b 4359424C 		.ascii	"CYBLE_EVT_HOST_INVALID\000"
 1632      455F4556 
 1632      545F484F 
 1632      53545F49 
 1632      4E56414C 
 1633              	.LASF56:
 1634 0762 4359424C 		.ascii	"CYBLE_EVT_GATTC_FIND_INFO_RSP\000"
 1634      455F4556 
 1634      545F4741 
 1634      5454435F 
 1634      46494E44 
ARM GAS  C:\Users\BENAKA~1\AppData\Local\Temp\ccsWag2p.s 			page 38


 1635              	.LASF24:
 1636 0780 4359424C 		.ascii	"CYBLE_EVT_MEMORY_REQUEST\000"
 1636      455F4556 
 1636      545F4D45 
 1636      4D4F5259 
 1636      5F524551 
 1637              	.LASF122:
 1638 0799 4359424C 		.ascii	"CYBLE_GATT_ERR_ANCS_UNKNOWN_COMMAND\000"
 1638      455F4741 
 1638      54545F45 
 1638      52525F41 
 1638      4E43535F 
 1639              	.LASF27:
 1640 07bd 4359424C 		.ascii	"CYBLE_EVT_GAP_PASSKEY_ENTRY_REQUEST\000"
 1640      455F4556 
 1640      545F4741 
 1640      505F5041 
 1640      53534B45 
 1641              	.LASF32:
 1642 07e1 4359424C 		.ascii	"CYBLE_EVT_GAP_DEVICE_CONNECTED\000"
 1642      455F4556 
 1642      545F4741 
 1642      505F4445 
 1642      56494345 
 1643              	.LASF47:
 1644 0800 4359424C 		.ascii	"CYBLE_EVT_GAP_AUTH_REQ_REPLY_ERR\000"
 1644      455F4556 
 1644      545F4741 
 1644      505F4155 
 1644      54485F52 
 1645              	.LASF129:
 1646 0821 4359424C 		.ascii	"CYBLE_GATT_ERR_CODE_T\000"
 1646      455F4741 
 1646      54545F45 
 1646      52525F43 
 1646      4F44455F 
 1647              	.LASF112:
 1648 0837 4359424C 		.ascii	"CYBLE_GATT_ERR_HTS_OUT_OF_RANGE\000"
 1648      455F4741 
 1648      54545F45 
 1648      52525F48 
 1648      54535F4F 
 1649              	.LASF157:
 1650 0857 6379426C 		.ascii	"cyBle_state\000"
 1650      655F7374 
 1650      61746500 
 1651              	.LASF161:
 1652 0863 474E5520 		.ascii	"GNU C11 5.4.1 20160609 (release) [ARM/embedded-5-br"
 1652      43313120 
 1652      352E342E 
 1652      31203230 
 1652      31363036 
 1653 0896 616E6368 		.ascii	"anch revision 237715] -mcpu=cortex-m0 -mthumb -g -O"
 1653      20726576 
 1653      6973696F 
 1653      6E203233 
 1653      37373135 
ARM GAS  C:\Users\BENAKA~1\AppData\Local\Temp\ccsWag2p.s 			page 39


 1654 08c9 30202D66 		.ascii	"0 -ffunction-sections -ffat-lto-objects\000"
 1654      66756E63 
 1654      74696F6E 
 1654      2D736563 
 1654      74696F6E 
 1655              	.LASF50:
 1656 08f1 4359424C 		.ascii	"CYBLE_EVT_GATT_CONNECT_IND\000"
 1656      455F4556 
 1656      545F4741 
 1656      54545F43 
 1656      4F4E4E45 
 1657              	.LASF132:
 1658 090c 61747449 		.ascii	"attId\000"
 1658      6400
 1659              	.LASF76:
 1660 0912 4359424C 		.ascii	"CYBLE_EVT_L2CAP_COMMAND_REJ\000"
 1660      455F4556 
 1660      545F4C32 
 1660      4341505F 
 1660      434F4D4D 
 1661              	.LASF111:
 1662 092e 4359424C 		.ascii	"CYBLE_GATT_ERR_CPS_INAPPROPRIATE_CONNECTION_PARAMET"
 1662      455F4741 
 1662      54545F45 
 1662      52525F43 
 1662      50535F49 
 1663 0961 45525300 		.ascii	"ERS\000"
 1664              	.LASF15:
 1665 0965 72656733 		.ascii	"reg32\000"
 1665      3200
 1666              	.LASF25:
 1667 096b 4359424C 		.ascii	"CYBLE_EVT_GAPC_SCAN_PROGRESS_RESULT\000"
 1667      455F4556 
 1667      545F4741 
 1667      50435F53 
 1667      43414E5F 
 1668              	.LASF141:
 1669 098f 68616E64 		.ascii	"handleValPair\000"
 1669      6C655661 
 1669      6C506169 
 1669      7200
 1670              	.LASF48:
 1671 099d 4359424C 		.ascii	"CYBLE_EVT_GAP_SMP_LOC_P256_KEYS_GEN_AND_SET_COMPLET"
 1671      455F4556 
 1671      545F4741 
 1671      505F534D 
 1671      505F4C4F 
 1672 09d0 4500     		.ascii	"E\000"
 1673              	.LASF77:
 1674 09d2 4359424C 		.ascii	"CYBLE_EVT_L2CAP_CBFC_CONN_IND\000"
 1674      455F4556 
 1674      545F4C32 
 1674      4341505F 
 1674      43424643 
 1675              	.LASF55:
 1676 09f0 4359424C 		.ascii	"CYBLE_EVT_GATTC_READ_BY_TYPE_RSP\000"
 1676      455F4556 
ARM GAS  C:\Users\BENAKA~1\AppData\Local\Temp\ccsWag2p.s 			page 40


 1676      545F4741 
 1676      5454435F 
 1676      52454144 
 1677              	.LASF17:
 1678 0a11 73697A65 		.ascii	"sizetype\000"
 1678      74797065 
 1678      00
 1679              	.LASF107:
 1680 0a1a 4359424C 		.ascii	"CYBLE_GATT_ERR_INSUFFICIENT_RESOURCE\000"
 1680      455F4741 
 1680      54545F45 
 1680      52525F49 
 1680      4E535546 
 1681              	.LASF142:
 1682 0a3f 4359424C 		.ascii	"CYBLE_GATTS_WRITE_REQ_PARAM_T\000"
 1682      455F4741 
 1682      5454535F 
 1682      57524954 
 1682      455F5245 
 1683              	.LASF144:
 1684 0a5d 4359424C 		.ascii	"CYBLE_STATE_INITIALIZING\000"
 1684      455F5354 
 1684      4154455F 
 1684      494E4954 
 1684      49414C49 
 1685              	.LASF30:
 1686 0a76 4359424C 		.ascii	"CYBLE_EVT_GAP_AUTH_FAILED\000"
 1686      455F4556 
 1686      545F4741 
 1686      505F4155 
 1686      54485F46 
 1687              	.LASF158:
 1688 0a90 6379426C 		.ascii	"cyBle_connHandle\000"
 1688      655F636F 
 1688      6E6E4861 
 1688      6E646C65 
 1688      00
 1689              	.LASF62:
 1690 0aa1 4359424C 		.ascii	"CYBLE_EVT_GATTC_WRITE_RSP\000"
 1690      455F4556 
 1690      545F4741 
 1690      5454435F 
 1690      57524954 
 1691              	.LASF152:
 1692 0abb 41707043 		.ascii	"AppCallBack\000"
 1692      616C6C42 
 1692      61636B00 
 1693              	.LASF43:
 1694 0ac7 4359424C 		.ascii	"CYBLE_EVT_GAPC_DIRECT_ADV_REPORT\000"
 1694      455F4556 
 1694      545F4741 
 1694      50435F44 
 1694      49524543 
 1695              	.LASF41:
 1696 0ae8 4359424C 		.ascii	"CYBLE_EVT_GAP_DATA_LENGTH_CHANGE\000"
 1696      455F4556 
 1696      545F4741 
ARM GAS  C:\Users\BENAKA~1\AppData\Local\Temp\ccsWag2p.s 			page 41


 1696      505F4441 
 1696      54415F4C 
 1697              	.LASF46:
 1698 0b09 4359424C 		.ascii	"CYBLE_EVT_GAP_SCAN_REQ_RECVD\000"
 1698      455F4556 
 1698      545F4741 
 1698      505F5343 
 1698      414E5F52 
 1699              	.LASF98:
 1700 0b26 4359424C 		.ascii	"CYBLE_GATT_ERR_INSUFFICIENT_AUTHORIZATION\000"
 1700      455F4741 
 1700      54545F45 
 1700      52525F49 
 1700      4E535546 
 1701              	.LASF29:
 1702 0b50 4359424C 		.ascii	"CYBLE_EVT_GAP_AUTH_COMPLETE\000"
 1702      455F4556 
 1702      545F4741 
 1702      505F4155 
 1702      54485F43 
 1703              	.LASF67:
 1704 0b6c 4359424C 		.ascii	"CYBLE_EVT_GATTC_HANDLE_VALUE_NTF\000"
 1704      455F4556 
 1704      545F4741 
 1704      5454435F 
 1704      48414E44 
 1705              	.LASF138:
 1706 0b8d 4359424C 		.ascii	"CYBLE_GATT_HANDLE_VALUE_PAIR_T\000"
 1706      455F4741 
 1706      54545F48 
 1706      414E444C 
 1706      455F5641 
 1707              	.LASF78:
 1708 0bac 4359424C 		.ascii	"CYBLE_EVT_L2CAP_CBFC_CONN_CNF\000"
 1708      455F4556 
 1708      545F4C32 
 1708      4341505F 
 1708      43424643 
 1709              	.LASF124:
 1710 0bca 4359424C 		.ascii	"CYBLE_GATT_ERR_ANCS_INVALID_PARAMETER\000"
 1710      455F4741 
 1710      54545F45 
 1710      52525F41 
 1710      4E43535F 
 1711              	.LASF54:
 1712 0bf0 4359424C 		.ascii	"CYBLE_EVT_GATTC_READ_BY_GROUP_TYPE_RSP\000"
 1712      455F4556 
 1712      545F4741 
 1712      5454435F 
 1712      52454144 
 1713              	.LASF156:
 1714 0c17 77726974 		.ascii	"writeReqParam\000"
 1714      65526571 
 1714      50617261 
 1714      6D00
 1715              	.LASF160:
 1716 0c25 6D747553 		.ascii	"mtuSize\000"
ARM GAS  C:\Users\BENAKA~1\AppData\Local\Temp\ccsWag2p.s 			page 42


 1716      697A6500 
 1717              	.LASF99:
 1718 0c2d 4359424C 		.ascii	"CYBLE_GATT_ERR_PREPARE_WRITE_QUEUE_FULL\000"
 1718      455F4741 
 1718      54545F45 
 1718      52525F50 
 1718      52455041 
 1719              	.LASF128:
 1720 0c55 4359424C 		.ascii	"CYBLE_GATT_ERR_OUT_OF_RANGE\000"
 1720      455F4741 
 1720      54545F45 
 1720      52525F4F 
 1720      55545F4F 
 1721              	.LASF1:
 1722 0c71 756E7369 		.ascii	"unsigned char\000"
 1722      676E6564 
 1722      20636861 
 1722      7200
 1723              	.LASF10:
 1724 0c7f 75696E74 		.ascii	"uint16\000"
 1724      313600
 1725              	.LASF39:
 1726 0c86 4359424C 		.ascii	"CYBLE_EVT_GAP_KEYPRESS_NOTIFICATION\000"
 1726      455F4556 
 1726      545F4741 
 1726      505F4B45 
 1726      59505245 
 1727              	.LASF103:
 1728 0caa 4359424C 		.ascii	"CYBLE_GATT_ERR_INVALID_ATTRIBUTE_LEN\000"
 1728      455F4741 
 1728      54545F45 
 1728      52525F49 
 1728      4E56414C 
 1729              	.LASF116:
 1730 0ccf 4359424C 		.ascii	"CYBLE_GATTS_ERR_CCCD_IMPROPERLY_CONFIGURED\000"
 1730      455F4741 
 1730      5454535F 
 1730      4552525F 
 1730      43434344 
 1731              	.LASF159:
 1732 0cfa 6379426C 		.ascii	"cyBle_busyStatus\000"
 1732      655F6275 
 1732      73795374 
 1732      61747573 
 1732      00
 1733              	.LASF2:
 1734 0d0b 73686F72 		.ascii	"short int\000"
 1734      7420696E 
 1734      7400
 1735              	.LASF68:
 1736 0d15 4359424C 		.ascii	"CYBLE_EVT_GATTC_HANDLE_VALUE_IND\000"
 1736      455F4556 
 1736      545F4741 
 1736      5454435F 
 1736      48414E44 
 1737              	.LASF115:
 1738 0d36 4359424C 		.ascii	"CYBLE_GATT_ERR_MISSING_CRC\000"
ARM GAS  C:\Users\BENAKA~1\AppData\Local\Temp\ccsWag2p.s 			page 43


 1738      455F4741 
 1738      54545F45 
 1738      52525F4D 
 1738      49535349 
 1739              	.LASF87:
 1740 0d51 4359424C 		.ascii	"CYBLE_EVT_HCI_PKT\000"
 1740      455F4556 
 1740      545F4843 
 1740      495F504B 
 1740      5400
 1741              	.LASF64:
 1742 0d63 4359424C 		.ascii	"CYBLE_EVT_GATTS_PREP_WRITE_REQ\000"
 1742      455F4556 
 1742      545F4741 
 1742      5454535F 
 1742      50524550 
 1743              	.LASF149:
 1744 0d82 74784461 		.ascii	"txDataClientConfigDesc\000"
 1744      7461436C 
 1744      69656E74 
 1744      436F6E66 
 1744      69674465 
 1745              	.LASF163:
 1746 0d99 433A5C55 		.ascii	"C:\\Users\\Benakapoi\\Desktop\\PSoC-4-BLE-master\\P"
 1746      73657273 
 1746      5C42656E 
 1746      616B6170 
 1746      6F695C44 
 1747 0dc7 536F432D 		.ascii	"SoC-4-BLE-master\\100_Projects_in_100_Days\\Day020_"
 1747      342D424C 
 1747      452D6D61 
 1747      73746572 
 1747      5C313030 
 1748 0df8 424C455F 		.ascii	"BLE_UART\\UART_to_BLE_peripheral\\UART_to_BLE_perip"
 1748      55415254 
 1748      5C554152 
 1748      545F746F 
 1748      5F424C45 
 1749 0e29 68657261 		.ascii	"heral.cydsn\000"
 1749      6C2E6379 
 1749      64736E00 
 1750              	.LASF150:
 1751 0e35 61747472 		.ascii	"attrValue\000"
 1751      56616C75 
 1751      6500
 1752              	.LASF69:
 1753 0e3f 4359424C 		.ascii	"CYBLE_EVT_GATTS_HANDLE_VALUE_CNF\000"
 1753      455F4556 
 1753      545F4741 
 1753      5454535F 
 1753      48414E44 
 1754              	.LASF126:
 1755 0e60 4359424C 		.ascii	"CYBLE_GATT_ERR_CCCD_IMPROPERLY_CONFIGURED\000"
 1755      455F4741 
 1755      54545F45 
 1755      52525F43 
 1755      4343445F 
ARM GAS  C:\Users\BENAKA~1\AppData\Local\Temp\ccsWag2p.s 			page 44


 1756              	.LASF44:
 1757 0e8a 4359424C 		.ascii	"CYBLE_EVT_GAP_SMP_NEGOTIATED_AUTH_INFO\000"
 1757      455F4556 
 1757      545F4741 
 1757      505F534D 
 1757      505F4E45 
 1758              	.LASF109:
 1759 0eb1 4359424C 		.ascii	"CYBLE_GATT_ERR_HEART_RATE_CONTROL_POINT_NOT_SUPPORT"
 1759      455F4741 
 1759      54545F45 
 1759      52525F48 
 1759      45415254 
 1760 0ee4 454400   		.ascii	"ED\000"
 1761              	.LASF12:
 1762 0ee7 666C6F61 		.ascii	"float\000"
 1762      7400
 1763              	.LASF88:
 1764 0eed 4359424C 		.ascii	"CYBLE_EVT_FLASH_CORRUPT\000"
 1764      455F4556 
 1764      545F464C 
 1764      4153485F 
 1764      434F5252 
 1765              	.LASF14:
 1766 0f05 63686172 		.ascii	"char\000"
 1766      00
 1767              	.LASF108:
 1768 0f0a 4359424C 		.ascii	"CYBLE_GATT_ERR_TRIGGER_CODITION_VALUE_NOT_SUPPORTED"
 1768      455F4741 
 1768      54545F45 
 1768      52525F54 
 1768      52494747 
 1769 0f3d 00       		.ascii	"\000"
 1770              	.LASF33:
 1771 0f3e 4359424C 		.ascii	"CYBLE_EVT_GAP_DEVICE_DISCONNECTED\000"
 1771      455F4556 
 1771      545F4741 
 1771      505F4445 
 1771      56494345 
 1772              	.LASF72:
 1773 0f60 4359424C 		.ascii	"CYBLE_EVT_GATTS_READ_CHAR_VAL_ACCESS_REQ\000"
 1773      455F4556 
 1773      545F4741 
 1773      5454535F 
 1773      52454144 
 1774              	.LASF83:
 1775 0f89 4359424C 		.ascii	"CYBLE_EVT_L2CAP_CBFC_TX_CREDIT_IND\000"
 1775      455F4556 
 1775      545F4C32 
 1775      4341505F 
 1775      43424643 
 1776              	.LASF104:
 1777 0fac 4359424C 		.ascii	"CYBLE_GATT_ERR_UNLIKELY_ERROR\000"
 1777      455F4741 
 1777      54545F45 
 1777      52525F55 
 1777      4E4C494B 
 1778              	.LASF125:
ARM GAS  C:\Users\BENAKA~1\AppData\Local\Temp\ccsWag2p.s 			page 45


 1779 0fca 4359424C 		.ascii	"CYBLE_GATT_ERR_ANCS_ACTION_FAILED\000"
 1779      455F4741 
 1779      54545F45 
 1779      52525F41 
 1779      4E43535F 
 1780              	.LASF28:
 1781 0fec 4359424C 		.ascii	"CYBLE_EVT_GAP_PASSKEY_DISPLAY_REQUEST\000"
 1781      455F4556 
 1781      545F4741 
 1781      505F5041 
 1781      53534B45 
 1782              	.LASF127:
 1783 1012 4359424C 		.ascii	"CYBLE_GATT_ERR_PROCEDURE_ALREADY_IN_PROGRESS\000"
 1783      455F4741 
 1783      54545F45 
 1783      52525F50 
 1783      524F4345 
 1784              	.LASF21:
 1785 103f 4359424C 		.ascii	"CYBLE_EVT_HARDWARE_ERROR\000"
 1785      455F4556 
 1785      545F4841 
 1785      52445741 
 1785      52455F45 
 1786              	.LASF3:
 1787 1058 73686F72 		.ascii	"short unsigned int\000"
 1787      7420756E 
 1787      7369676E 
 1787      65642069 
 1787      6E7400
 1788              	.LASF49:
 1789 106b 4359424C 		.ascii	"CYBLE_EVT_GATTC_ERROR_RSP\000"
 1789      455F4556 
 1789      545F4741 
 1789      5454435F 
 1789      4552524F 
 1790              	.LASF110:
 1791 1085 4359424C 		.ascii	"CYBLE_GATT_ERR_USER_DATA_ACCESS_NOT_PERMITTED\000"
 1791      455F4741 
 1791      54545F45 
 1791      52525F55 
 1791      5345525F 
 1792              	.LASF105:
 1793 10b3 4359424C 		.ascii	"CYBLE_GATT_ERR_INSUFFICIENT_ENCRYPTION\000"
 1793      455F4741 
 1793      54545F45 
 1793      52525F49 
 1793      4E535546 
 1794              	.LASF52:
 1795 10da 4359424C 		.ascii	"CYBLE_EVT_GATTS_XCNHG_MTU_REQ\000"
 1795      455F4556 
 1795      545F4741 
 1795      5454535F 
 1795      58434E48 
 1796              	.LASF154:
 1797 10f8 6576656E 		.ascii	"eventParam\000"
 1797      74506172 
 1797      616D00
ARM GAS  C:\Users\BENAKA~1\AppData\Local\Temp\ccsWag2p.s 			page 46


 1798              	.LASF148:
 1799 1103 4359424C 		.ascii	"CYBLE_STATE_T\000"
 1799      455F5354 
 1799      4154455F 
 1799      5400
 1800              	.LASF59:
 1801 1111 4359424C 		.ascii	"CYBLE_EVT_GATTC_READ_BLOB_RSP\000"
 1801      455F4556 
 1801      545F4741 
 1801      5454435F 
 1801      52454144 
 1802              	.LASF97:
 1803 112f 4359424C 		.ascii	"CYBLE_GATT_ERR_INVALID_OFFSET\000"
 1803      455F4741 
 1803      54545F45 
 1803      52525F49 
 1803      4E56414C 
 1804              	.LASF120:
 1805 114d 4359424C 		.ascii	"CYBLE_GATTS_ERR_NETWORK_NOT_AVAILABLE\000"
 1805      455F4741 
 1805      5454535F 
 1805      4552525F 
 1805      4E455457 
 1806              	.LASF145:
 1807 1173 4359424C 		.ascii	"CYBLE_STATE_CONNECTED\000"
 1807      455F5354 
 1807      4154455F 
 1807      434F4E4E 
 1807      45435445 
 1808              	.LASF57:
 1809 1189 4359424C 		.ascii	"CYBLE_EVT_GATTC_FIND_BY_TYPE_VALUE_RSP\000"
 1809      455F4556 
 1809      545F4741 
 1809      5454435F 
 1809      46494E44 
 1810              	.LASF37:
 1811 11b0 4359424C 		.ascii	"CYBLE_EVT_GAP_KEYINFO_EXCHNGE_CMPLT\000"
 1811      455F4556 
 1811      545F4741 
 1811      505F4B45 
 1811      59494E46 
 1812              	.LASF131:
 1813 11d4 62644861 		.ascii	"bdHandle\000"
 1813      6E646C65 
 1813      00
 1814              	.LASF85:
 1815 11dd 4359424C 		.ascii	"CYBLE_EVT_PENDING_FLASH_WRITE\000"
 1815      455F4556 
 1815      545F5045 
 1815      4E44494E 
 1815      475F464C 
 1816              	.LASF151:
 1817 11fb 48616E64 		.ascii	"HandleBleProcessing\000"
 1817      6C65426C 
 1817      6550726F 
 1817      63657373 
 1817      696E6700 
ARM GAS  C:\Users\BENAKA~1\AppData\Local\Temp\ccsWag2p.s 			page 47


 1818              	.LASF75:
 1819 120f 4359424C 		.ascii	"CYBLE_EVT_L2CAP_CONN_PARAM_UPDATE_RSP\000"
 1819      455F4556 
 1819      545F4C32 
 1819      4341505F 
 1819      434F4E4E 
 1820              	.LASF42:
 1821 1235 4359424C 		.ascii	"CYBLE_EVT_GAP_ENHANCE_CONN_COMPLETE\000"
 1821      455F4556 
 1821      545F4741 
 1821      505F454E 
 1821      48414E43 
 1822              	.LASF130:
 1823 1259 4359424C 		.ascii	"CYBLE_GATT_DB_ATTR_HANDLE_T\000"
 1823      455F4741 
 1823      54545F44 
 1823      425F4154 
 1823      54525F48 
 1824              	.LASF51:
 1825 1275 4359424C 		.ascii	"CYBLE_EVT_GATT_DISCONNECT_IND\000"
 1825      455F4556 
 1825      545F4741 
 1825      54545F44 
 1825      4953434F 
 1826              		.ident	"GCC: (GNU Tools for ARM Embedded Processors) 5.4.1 20160609 (release) [ARM/embedded-5-bran
